Using pre-set license
Built from '2020.3/staging' branch; Version is '2020.3.18f1 (a7d1c678663c) revision 10998214'; Using compiler version '192528614'; Build Type 'Release'
OS: 'Windows 10 Home; OS build 19042.1288; Version 2009; 64bit' Language: 'en' Physical Memory: 16322 MB
BatchMode: 1, IsHumanControllingUs: 0, StartBugReporterOnCrash: 0, Is64bit: 1, IsPro: 0

COMMAND LINE ARGUMENTS:
C:\Program Files\Unity\Hub\Editor\2020.3.18f1\Editor\Unity.exe
-adb2
-batchMode
-noUpm
-name
AssetImportWorker0
-projectPath
C:/Users/Joseph/Desktop/f/_f21/CMPT475 - CS Capping/SENDHELP/Roll-A-Ball
-logFile
Logs/AssetImportWorker0.log
-srvPort
51358
Successfully changed project path to: C:/Users/Joseph/Desktop/f/_f21/CMPT475 - CS Capping/SENDHELP/Roll-A-Ball
C:/Users/Joseph/Desktop/f/_f21/CMPT475 - CS Capping/SENDHELP/Roll-A-Ball
Using Asset Import Pipeline V2.
Refreshing native plugins compatible for Editor in 49.15 ms, found 2 plugins.
Preloading 0 native plugins for Editor in 0.00 ms.
Initialize engine version: 2020.3.18f1 (a7d1c678663c)
[Subsystems] Discovering subsystems at path C:/Program Files/Unity/Hub/Editor/2020.3.18f1/Editor/Data/Resources/UnitySubsystems
[Subsystems] Discovering subsystems at path C:/Users/Joseph/Desktop/f/_f21/CMPT475 - CS Capping/SENDHELP/Roll-A-Ball/Assets
GfxDevice: creating device client; threaded=0
Direct3D:
    Version:  Direct3D 11.0 [level 11.1]
    Renderer: NVIDIA GeForce RTX 2060 (ID=0x1f08)
    Vendor:   
    VRAM:     5980 MB
    Driver:   30.0.14.9649
Initialize mono
Mono path[0] = 'C:/Program Files/Unity/Hub/Editor/2020.3.18f1/Editor/Data/Managed'
Mono path[1] = 'C:/Program Files/Unity/Hub/Editor/2020.3.18f1/Editor/Data/MonoBleedingEdge/lib/mono/unityjit'
Mono config path = 'C:/Program Files/Unity/Hub/Editor/2020.3.18f1/Editor/Data/MonoBleedingEdge/etc'
Using monoOptions --debugger-agent=transport=dt_socket,embedding=1,server=y,suspend=n,address=127.0.0.1:56552
Begin MonoManager ReloadAssembly
Registering precompiled unity dll's ...
Register platform support module: C:/Program Files/Unity/Hub/Editor/2020.3.18f1/Editor/Data/PlaybackEngines/WindowsStandaloneSupport/UnityEditor.WindowsStandalone.Extensions.dll
Registered in 0.002127 seconds.
Native extension for WindowsStandalone target not found
Refreshing native plugins compatible for Editor in 50.01 ms, found 2 plugins.
Preloading 0 native plugins for Editor in 0.00 ms.
Mono: successfully reloaded assembly
- Completed reload, in  1.064 seconds
Domain Reload Profiling:
	ReloadAssembly (1064ms)
		BeginReloadAssembly (50ms)
			ExecutionOrderSort (0ms)
			DisableScriptedObjects (0ms)
			BackupInstance (0ms)
			ReleaseScriptingObjects (0ms)
			CreateAndSetChildDomain (1ms)
		EndReloadAssembly (401ms)
			LoadAssemblies (48ms)
			RebuildTransferFunctionScriptingTraits (0ms)
			SetupTypeCache (144ms)
			ReleaseScriptCaches (0ms)
			RebuildScriptCaches (26ms)
			SetupLoadedEditorAssemblies (166ms)
				LogAssemblyErrors (0ms)
				InitializePlatformSupportModulesInManaged (3ms)
				SetLoadedEditorAssemblies (0ms)
				RefreshPlugins (50ms)
				BeforeProcessingInitializeOnLoad (9ms)
				ProcessInitializeOnLoadAttributes (72ms)
				ProcessInitializeOnLoadMethodAttributes (32ms)
				AfterProcessingInitializeOnLoad (0ms)
				EditorAssembliesLoaded (0ms)
			ExecutionOrderSort2 (0ms)
			AwakeInstancesAfterBackupRestoration (0ms)
Platform modules already initialized, skipping
Registering precompiled user dll's ...
Registered in 0.003883 seconds.
Begin MonoManager ReloadAssembly
Native extension for WindowsStandalone target not found
Refreshing native plugins compatible for Editor in 49.67 ms, found 2 plugins.
Preloading 0 native plugins for Editor in 0.00 ms.
Mono: successfully reloaded assembly
- Completed reload, in  1.096 seconds
Domain Reload Profiling:
	ReloadAssembly (1097ms)
		BeginReloadAssembly (132ms)
			ExecutionOrderSort (0ms)
			DisableScriptedObjects (4ms)
			BackupInstance (0ms)
			ReleaseScriptingObjects (0ms)
			CreateAndSetChildDomain (15ms)
		EndReloadAssembly (907ms)
			LoadAssemblies (84ms)
			RebuildTransferFunctionScriptingTraits (0ms)
			SetupTypeCache (311ms)
			ReleaseScriptCaches (0ms)
			RebuildScriptCaches (47ms)
			SetupLoadedEditorAssemblies (354ms)
				LogAssemblyErrors (0ms)
				InitializePlatformSupportModulesInManaged (4ms)
				SetLoadedEditorAssemblies (0ms)
				RefreshPlugins (50ms)
				BeforeProcessingInitializeOnLoad (73ms)
				ProcessInitializeOnLoadAttributes (213ms)
				ProcessInitializeOnLoadMethodAttributes (7ms)
				AfterProcessingInitializeOnLoad (7ms)
				EditorAssembliesLoaded (0ms)
			ExecutionOrderSort2 (0ms)
			AwakeInstancesAfterBackupRestoration (5ms)
Platform modules already initialized, skipping
========================================================================
Worker process is ready to serve import requests
Launched and connected shader compiler UnityShaderCompiler.exe after 0.06 seconds
Refreshing native plugins compatible for Editor in 0.46 ms, found 2 plugins.
Preloading 0 native plugins for Editor in 0.00 ms.
Unloading 3076 Unused Serialized files (Serialized files now loaded: 0)
System memory in use before: 134.2 MB.
System memory in use after: 134.4 MB.

Unloading 19 unused Assets to reduce memory usage. Loaded Objects now: 3516.
Total: 2.775300 ms (FindLiveObjects: 0.234600 ms CreateObjectMapping: 0.125100 ms MarkObjects: 2.355500 ms  DeleteObjects: 0.059300 ms)

AssetImportParameters requested are different than current active one (requested -> active):
  custom:framework-win-MediaFoundation: 216162199b28c13a410421893ffa2e32 -> 
  custom:video-decoder-ogg-theora: a1e56fd34408186e4bbccfd4996cb3dc -> 
  custom:container-muxer-webm: aa71ff27fc2769a1b78a27578f13a17b -> 
  custom:container-demuxer-webm: 4f35f7cbe854078d1ac9338744f61a02 -> 
  custom:container-demuxer-ogg: 62fdf1f143b41e24485cea50d1cbac27 -> 
  custom:video-encoder-webm-vp8: eb34c28f22e8b96e1ab97ce403110664 -> 
  custom:video-decoder-webm-vp8: 9c59270c3fd7afecdb556c50c9e8de78 -> 
  custom:audio-decoder-ogg-vorbis: bf7c407c2cedff20999df2af8eb42d56 -> 
  custom:audio-encoder-webm-vorbis: bf7c407c2cedff20999df2af8eb42d56 -> 
========================================================================
Received Import Request.
  path: Assets/Materials/Background.mat
  artifactKey: Guid(8ff309f87a7b0c84eb7cddd67584dd3d) Importer(815301076,1909f56bfc062723c751e8b465ee728b)
Start importing Assets/Materials/Background.mat using Guid(8ff309f87a7b0c84eb7cddd67584dd3d) Importer(815301076,1909f56bfc062723c751e8b465ee728b)  -> (artifact id: '3ec130fe1cbb7f07ffbc1a87851eeec3') in 0.102655 seconds 
  Import took 0.106517 seconds .

========================================================================
Received Import Request.
  Time since last request: 0.000150 seconds.
  path: Assets/Materials/Exit.mat
  artifactKey: Guid(4b18918276e6cf041b55170ce0afcca4) Importer(815301076,1909f56bfc062723c751e8b465ee728b)
Start importing Assets/Materials/Exit.mat using Guid(4b18918276e6cf041b55170ce0afcca4) Importer(815301076,1909f56bfc062723c751e8b465ee728b)  -> (artifact id: '02d15b57aa1ab51b2e07117e554dca85') in 0.018777 seconds 
  Import took 0.022794 seconds .

========================================================================
Received Import Request.
  Time since last request: 0.000159 seconds.
  path: Assets/Materials/Bouncer.mat
  artifactKey: Guid(eb20f40a33e86aa4b8815f581394a163) Importer(815301076,1909f56bfc062723c751e8b465ee728b)
Start importing Assets/Materials/Bouncer.mat using Guid(eb20f40a33e86aa4b8815f581394a163) Importer(815301076,1909f56bfc062723c751e8b465ee728b)  -> (artifact id: '4274e3d074cca075ed6cba78868d3db7') in 0.016616 seconds 
  Import took 0.020520 seconds .

========================================================================
Received Import Request.
  Time since last request: 0.000140 seconds.
  path: Assets/Materials/New Material.mat
  artifactKey: Guid(9a930f19ae136174392af9d8a95a59ad) Importer(815301076,1909f56bfc062723c751e8b465ee728b)
Start importing Assets/Materials/New Material.mat using Guid(9a930f19ae136174392af9d8a95a59ad) Importer(815301076,1909f56bfc062723c751e8b465ee728b)  -> (artifact id: '7a87f0b3f3641cd644613220401ee943') in 0.013174 seconds 
  Import took 0.017048 seconds .

========================================================================
Received Import Request.
  Time since last request: 0.000136 seconds.
  path: Assets/Materials/Reset.mat
  artifactKey: Guid(2b8c4ed400d59cf41a02eb9b6a9404ab) Importer(815301076,1909f56bfc062723c751e8b465ee728b)
Start importing Assets/Materials/Reset.mat using Guid(2b8c4ed400d59cf41a02eb9b6a9404ab) Importer(815301076,1909f56bfc062723c751e8b465ee728b)  -> (artifact id: '72bd709bcd2859ca3060df668c8cecce') in 0.015136 seconds 
  Import took 0.018991 seconds .

========================================================================
Received Import Request.
  Time since last request: 0.000158 seconds.
  path: Assets/Materials/Pick Up.mat
  artifactKey: Guid(d3dbec9cc9dba2649a2fcefa18e14078) Importer(815301076,1909f56bfc062723c751e8b465ee728b)
Start importing Assets/Materials/Pick Up.mat using Guid(d3dbec9cc9dba2649a2fcefa18e14078) Importer(815301076,1909f56bfc062723c751e8b465ee728b)  -> (artifact id: '0f6616dcdd25a5473e189b8e2bbcb11c') in 0.011290 seconds 
  Import took 0.015170 seconds .

========================================================================
Received Import Request.
  Time since last request: 0.000157 seconds.
  path: Assets/Materials/Player.mat
  artifactKey: Guid(b75e24d838265ac44abc0b8196c30ac4) Importer(815301076,1909f56bfc062723c751e8b465ee728b)
Start importing Assets/Materials/Player.mat using Guid(b75e24d838265ac44abc0b8196c30ac4) Importer(815301076,1909f56bfc062723c751e8b465ee728b)  -> (artifact id: '9ee4e688a80f0600abad3e7448d3a64e') in 0.012859 seconds 
  Import took 0.017707 seconds .

========================================================================
Received Import Request.
  Time since last request: 0.000138 seconds.
  path: Assets/Input/inputActions.inputactions
  artifactKey: Guid(028cbf8722da2c4468d24a784af35e04) Importer(815301076,1909f56bfc062723c751e8b465ee728b)
Start importing Assets/Input/inputActions.inputactions using Guid(028cbf8722da2c4468d24a784af35e04) Importer(815301076,1909f56bfc062723c751e8b465ee728b)  -> (artifact id: '00c2b03c4460b4316554298b94919c0c') in 0.016721 seconds 
  Import took 0.021575 seconds .

========================================================================
Received Import Request.
  Time since last request: 0.000157 seconds.
  path: Assets/Materials/Walls.mat
  artifactKey: Guid(f27f86478b80bab42810b1ac2951392c) Importer(815301076,1909f56bfc062723c751e8b465ee728b)
Start importing Assets/Materials/Walls.mat using Guid(f27f86478b80bab42810b1ac2951392c) Importer(815301076,1909f56bfc062723c751e8b465ee728b)  -> (artifact id: '4a8d8bda78dce6e00f1ccc47e63a83f4') in 0.014264 seconds 
  Import took 0.018255 seconds .

========================================================================
Received Prepare
Refreshing native plugins compatible for Editor in 2.69 ms, found 2 plugins.
Preloading 0 native plugins for Editor in 0.00 ms.
Unloading 10 Unused Serialized files (Serialized files now loaded: 0)
System memory in use before: 71.6 MB.
System memory in use after: 71.9 MB.

Unloading 10 unused Assets to reduce memory usage. Loaded Objects now: 3556.
Total: 2.980600 ms (FindLiveObjects: 0.222400 ms CreateObjectMapping: 0.116000 ms MarkObjects: 2.629800 ms  DeleteObjects: 0.011500 ms)

AssetImportParameters requested are different than current active one (requested -> active):
  custom:framework-win-MediaFoundation: 216162199b28c13a410421893ffa2e32 -> 
  custom:video-decoder-ogg-theora: a1e56fd34408186e4bbccfd4996cb3dc -> 
  custom:container-muxer-webm: aa71ff27fc2769a1b78a27578f13a17b -> 
  custom:container-demuxer-webm: 4f35f7cbe854078d1ac9338744f61a02 -> 
  custom:container-demuxer-ogg: 62fdf1f143b41e24485cea50d1cbac27 -> 
  custom:video-encoder-webm-vp8: eb34c28f22e8b96e1ab97ce403110664 -> 
  custom:video-decoder-webm-vp8: 9c59270c3fd7afecdb556c50c9e8de78 -> 
  custom:audio-decoder-ogg-vorbis: bf7c407c2cedff20999df2af8eb42d56 -> 
  custom:audio-encoder-webm-vorbis: bf7c407c2cedff20999df2af8eb42d56 -> 
========================================================================
Received Import Request.
  Time since last request: 32.948994 seconds.
  path: Assets/Materials/RollABallBackground.mat
  artifactKey: Guid(8ff309f87a7b0c84eb7cddd67584dd3d) Importer(815301076,1909f56bfc062723c751e8b465ee728b)
Start importing Assets/Materials/RollABallBackground.mat using Guid(8ff309f87a7b0c84eb7cddd67584dd3d) Importer(815301076,1909f56bfc062723c751e8b465ee728b)  -> (artifact id: '27cb6cc484140d90263b870d008320d9') in 0.014903 seconds 
  Import took 0.018845 seconds .

========================================================================
Received Import Request.
  Time since last request: 1.986571 seconds.
  path: Assets/Materials/RollABallBouncer.mat
  artifactKey: Guid(eb20f40a33e86aa4b8815f581394a163) Importer(815301076,1909f56bfc062723c751e8b465ee728b)
Start importing Assets/Materials/RollABallBouncer.mat using Guid(eb20f40a33e86aa4b8815f581394a163) Importer(815301076,1909f56bfc062723c751e8b465ee728b)  -> (artifact id: '3cff994afa2d84f051f4df9ee67a573f') in 0.011963 seconds 
  Import took 0.016197 seconds .

========================================================================
Received Import Request.
  Time since last request: 2.341433 seconds.
  path: Assets/Materials/RollABallExit.mat
  artifactKey: Guid(4b18918276e6cf041b55170ce0afcca4) Importer(815301076,1909f56bfc062723c751e8b465ee728b)
Start importing Assets/Materials/RollABallExit.mat using Guid(4b18918276e6cf041b55170ce0afcca4) Importer(815301076,1909f56bfc062723c751e8b465ee728b)  -> (artifact id: 'fdd3c38fb85a548dd9cbb71368abf6ab') in 0.027563 seconds 
  Import took 0.032776 seconds .

========================================================================
Received Import Request.
  Time since last request: 1.581457 seconds.
  path: Assets/Materials/RollABallNew Material.mat
  artifactKey: Guid(9a930f19ae136174392af9d8a95a59ad) Importer(815301076,1909f56bfc062723c751e8b465ee728b)
Start importing Assets/Materials/RollABallNew Material.mat using Guid(9a930f19ae136174392af9d8a95a59ad) Importer(815301076,1909f56bfc062723c751e8b465ee728b)  -> (artifact id: '47efdcf969f5365926e151e89c97cca1') in 0.012432 seconds 
  Import took 0.016528 seconds .

========================================================================
Received Import Request.
  Time since last request: 2.021087 seconds.
  path: Assets/Materials/RollABall.mat
  artifactKey: Guid(d3dbec9cc9dba2649a2fcefa18e14078) Importer(815301076,1909f56bfc062723c751e8b465ee728b)
Start importing Assets/Materials/RollABall.mat using Guid(d3dbec9cc9dba2649a2fcefa18e14078) Importer(815301076,1909f56bfc062723c751e8b465ee728b)  -> (artifact id: 'c45a81d8a6428dc43099ae7b0552b5ae') in 0.020991 seconds 
  Import took 0.025157 seconds .

========================================================================
Received Import Request.
  Time since last request: 1.651033 seconds.
  path: Assets/Materials/New Material.mat
  artifactKey: Guid(9a930f19ae136174392af9d8a95a59ad) Importer(815301076,1909f56bfc062723c751e8b465ee728b)
Start importing Assets/Materials/New Material.mat using Guid(9a930f19ae136174392af9d8a95a59ad) Importer(815301076,1909f56bfc062723c751e8b465ee728b)  -> (artifact id: '38e7b02f8e16996ea96bf63631f30e58') in 0.010383 seconds 
  Import took 0.014989 seconds .

========================================================================
Received Import Request.
  Time since last request: 3.545151 seconds.
  path: Assets/Materials/Exit.mat
  artifactKey: Guid(4b18918276e6cf041b55170ce0afcca4) Importer(815301076,1909f56bfc062723c751e8b465ee728b)
Start importing Assets/Materials/Exit.mat using Guid(4b18918276e6cf041b55170ce0afcca4) Importer(815301076,1909f56bfc062723c751e8b465ee728b)  -> (artifact id: '314b1759ae591768ca999e0e346e6cf1') in 0.022035 seconds 
  Import took 0.026220 seconds .

========================================================================
Received Import Request.
  Time since last request: 0.540881 seconds.
  path: Assets/Materials/Bouncer.mat
  artifactKey: Guid(eb20f40a33e86aa4b8815f581394a163) Importer(815301076,1909f56bfc062723c751e8b465ee728b)
Start importing Assets/Materials/Bouncer.mat using Guid(eb20f40a33e86aa4b8815f581394a163) Importer(815301076,1909f56bfc062723c751e8b465ee728b)  -> (artifact id: 'c24f48b77192b3798bc46bfebaf787c1') in 0.010397 seconds 
  Import took 0.014807 seconds .

========================================================================
Received Import Request.
  Time since last request: 0.507730 seconds.
  path: Assets/Materials/Background.mat
  artifactKey: Guid(8ff309f87a7b0c84eb7cddd67584dd3d) Importer(815301076,1909f56bfc062723c751e8b465ee728b)
Start importing Assets/Materials/Background.mat using Guid(8ff309f87a7b0c84eb7cddd67584dd3d) Importer(815301076,1909f56bfc062723c751e8b465ee728b)  -> (artifact id: 'c1fc2e8d9e9e3d4f69d2dc2e77d120be') in 0.010477 seconds 
  Import took 0.014724 seconds .

========================================================================
Received Import Request.
  Time since last request: 15.857316 seconds.
  path: Assets/Materials/RollABallPlayer.mat
  artifactKey: Guid(b75e24d838265ac44abc0b8196c30ac4) Importer(815301076,1909f56bfc062723c751e8b465ee728b)
Start importing Assets/Materials/RollABallPlayer.mat using Guid(b75e24d838265ac44abc0b8196c30ac4) Importer(815301076,1909f56bfc062723c751e8b465ee728b)  -> (artifact id: '39ddc781f4f4678a43e682ea8dbf7a73') in 0.012723 seconds 
  Import took 0.017003 seconds .

========================================================================
Received Import Request.
  Time since last request: 1.606436 seconds.
  path: Assets/Materials/RollABallReset.mat
  artifactKey: Guid(2b8c4ed400d59cf41a02eb9b6a9404ab) Importer(815301076,1909f56bfc062723c751e8b465ee728b)
Start importing Assets/Materials/RollABallReset.mat using Guid(2b8c4ed400d59cf41a02eb9b6a9404ab) Importer(815301076,1909f56bfc062723c751e8b465ee728b)  -> (artifact id: '5fb702b929f55e7f8d0d97aa303d65a1') in 0.013415 seconds 
  Import took 0.017405 seconds .

========================================================================
Received Import Request.
  Time since last request: 4.869211 seconds.
  path: Assets/Prefabs/Bouncer.prefab
  artifactKey: Guid(5f6c1be78a569a04789f3964b991b506) Importer(815301076,1909f56bfc062723c751e8b465ee728b)
Start importing Assets/Prefabs/Bouncer.prefab using Guid(5f6c1be78a569a04789f3964b991b506) Importer(815301076,1909f56bfc062723c751e8b465ee728b)  -> (artifact id: 'fc812e183e78ebe2833af8860c44b8fb') in 0.017298 seconds 
  Import took 0.021578 seconds .

========================================================================
Received Import Request.
  Time since last request: 0.000161 seconds.
  path: Assets/Prefabs/Pick Up.prefab
  artifactKey: Guid(b91035a9a74f7f14f83980ff7a4f8101) Importer(815301076,1909f56bfc062723c751e8b465ee728b)
Start importing Assets/Prefabs/Pick Up.prefab using Guid(b91035a9a74f7f14f83980ff7a4f8101) Importer(815301076,1909f56bfc062723c751e8b465ee728b)  -> (artifact id: '8c2b450f3c8f9929419d749113f87a08') in 0.053752 seconds 
  Import took 0.057684 seconds .

========================================================================
Received Import Request.
  Time since last request: 1.720274 seconds.
  path: Assets/Prefabs/RollABallBouncer.prefab
  artifactKey: Guid(5f6c1be78a569a04789f3964b991b506) Importer(815301076,1909f56bfc062723c751e8b465ee728b)
Start importing Assets/Prefabs/RollABallBouncer.prefab using Guid(5f6c1be78a569a04789f3964b991b506) Importer(815301076,1909f56bfc062723c751e8b465ee728b)  -> (artifact id: '11138c4749d9cc60db50e821e8cd71fe') in 0.008043 seconds 
  Import took 0.012436 seconds .

========================================================================
Received Import Request.
  Time since last request: 1.558899 seconds.
  path: Assets/Prefabs/RollABallPick Up.prefab
  artifactKey: Guid(b91035a9a74f7f14f83980ff7a4f8101) Importer(815301076,1909f56bfc062723c751e8b465ee728b)
Start importing Assets/Prefabs/RollABallPick Up.prefab using Guid(b91035a9a74f7f14f83980ff7a4f8101) Importer(815301076,1909f56bfc062723c751e8b465ee728b)  -> (artifact id: '9cb20183cf6d514aca7ab32b8e0c0ef5') in 0.026582 seconds 
  Import took 0.031059 seconds .

========================================================================
Received Import Request.
  Time since last request: 2.806935 seconds.
  path: Assets/Scenes/minigame.unity
  artifactKey: Guid(a932a4d6aeb67ab4cb3217551d52242d) Importer(815301076,1909f56bfc062723c751e8b465ee728b)
Start importing Assets/Scenes/minigame.unity using Guid(a932a4d6aeb67ab4cb3217551d52242d) Importer(815301076,1909f56bfc062723c751e8b465ee728b)  -> (artifact id: 'f7b52123e91fa6909e2aab3a834c223f') in 0.005775 seconds 
  Import took 0.009721 seconds .

========================================================================
Received Import Request.
  Time since last request: 4.023718 seconds.
  path: Assets/Scenes/RollABall.unity
  artifactKey: Guid(a932a4d6aeb67ab4cb3217551d52242d) Importer(815301076,1909f56bfc062723c751e8b465ee728b)
Start importing Assets/Scenes/RollABall.unity using Guid(a932a4d6aeb67ab4cb3217551d52242d) Importer(815301076,1909f56bfc062723c751e8b465ee728b)  -> (artifact id: '95b73dc84e8d975de721d1a33a6cc3fb') in 0.007036 seconds 
  Import took 0.012004 seconds .

========================================================================
Received Import Request.
  Time since last request: 0.003667 seconds.
  path: Assets/Scenes/RollABall.unity
  artifactKey: Guid(a932a4d6aeb67ab4cb3217551d52242d) Importer(815301076,1909f56bfc062723c751e8b465ee728b)
Start importing Assets/Scenes/RollABall.unity using Guid(a932a4d6aeb67ab4cb3217551d52242d) Importer(815301076,1909f56bfc062723c751e8b465ee728b)  -> (artifact id: '95b73dc84e8d975de721d1a33a6cc3fb') in 0.002141 seconds 
  Import took 0.006881 seconds .

========================================================================
Received Import Request.
  Time since last request: 3.190189 seconds.
  path: Assets/Scripts/RollABallBounce.cs
  artifactKey: Guid(512f75ba5bc3cb94ba5f71a200707aca) Importer(815301076,1909f56bfc062723c751e8b465ee728b)
Start importing Assets/Scripts/RollABallBounce.cs using Guid(512f75ba5bc3cb94ba5f71a200707aca) Importer(815301076,1909f56bfc062723c751e8b465ee728b)  -> (artifact id: 'cee416fb815f276fee63b82bcc05cf7c') in 0.010070 seconds 
  Import took 0.015213 seconds .

========================================================================
Received Import Request.
  Time since last request: 0.001449 seconds.
  path: Assets/Scripts/RollABallBounce.cs
  artifactKey: Guid(512f75ba5bc3cb94ba5f71a200707aca) Importer(815301076,1909f56bfc062723c751e8b465ee728b)
Start importing Assets/Scripts/RollABallBounce.cs using Guid(512f75ba5bc3cb94ba5f71a200707aca) Importer(815301076,1909f56bfc062723c751e8b465ee728b)  -> (artifact id: 'cee416fb815f276fee63b82bcc05cf7c') in 0.002650 seconds 
  Import took 0.007683 seconds .

========================================================================
Received Prepare
Registering precompiled user dll's ...
Registered in 0.003904 seconds.
Begin MonoManager ReloadAssembly
Native extension for WindowsStandalone target not found
Refreshing native plugins compatible for Editor in 0.45 ms, found 2 plugins.
Preloading 0 native plugins for Editor in 0.00 ms.
Mono: successfully reloaded assembly
- Completed reload, in  0.986 seconds
Domain Reload Profiling:
	ReloadAssembly (987ms)
		BeginReloadAssembly (106ms)
			ExecutionOrderSort (0ms)
			DisableScriptedObjects (4ms)
			BackupInstance (0ms)
			ReleaseScriptingObjects (0ms)
			CreateAndSetChildDomain (33ms)
		EndReloadAssembly (813ms)
			LoadAssemblies (82ms)
			RebuildTransferFunctionScriptingTraits (0ms)
			SetupTypeCache (288ms)
			ReleaseScriptCaches (1ms)
			RebuildScriptCaches (39ms)
			SetupLoadedEditorAssemblies (305ms)
				LogAssemblyErrors (0ms)
				InitializePlatformSupportModulesInManaged (4ms)
				SetLoadedEditorAssemblies (0ms)
				RefreshPlugins (1ms)
				BeforeProcessingInitializeOnLoad (62ms)
				ProcessInitializeOnLoadAttributes (224ms)
				ProcessInitializeOnLoadMethodAttributes (7ms)
				AfterProcessingInitializeOnLoad (7ms)
				EditorAssembliesLoaded (0ms)
			ExecutionOrderSort2 (0ms)
			AwakeInstancesAfterBackupRestoration (5ms)
Platform modules already initialized, skipping
Refreshing native plugins compatible for Editor in 0.48 ms, found 2 plugins.
Preloading 0 native plugins for Editor in 0.00 ms.
Unloading 3002 Unused Serialized files (Serialized files now loaded: 0)
System memory in use before: 130.7 MB.
System memory in use after: 130.9 MB.

Unloading 12 unused Assets to reduce memory usage. Loaded Objects now: 3559.
Total: 3.092900 ms (FindLiveObjects: 0.254200 ms CreateObjectMapping: 0.127800 ms MarkObjects: 2.688800 ms  DeleteObjects: 0.021100 ms)

AssetImportParameters requested are different than current active one (requested -> active):
  custom:framework-win-MediaFoundation: 216162199b28c13a410421893ffa2e32 -> 
  custom:video-decoder-ogg-theora: a1e56fd34408186e4bbccfd4996cb3dc -> 
  custom:container-muxer-webm: aa71ff27fc2769a1b78a27578f13a17b -> 
  custom:container-demuxer-webm: 4f35f7cbe854078d1ac9338744f61a02 -> 
  custom:container-demuxer-ogg: 62fdf1f143b41e24485cea50d1cbac27 -> 
  custom:video-encoder-webm-vp8: eb34c28f22e8b96e1ab97ce403110664 -> 
  custom:video-decoder-webm-vp8: 9c59270c3fd7afecdb556c50c9e8de78 -> 
  custom:audio-decoder-ogg-vorbis: bf7c407c2cedff20999df2af8eb42d56 -> 
  custom:audio-encoder-webm-vorbis: bf7c407c2cedff20999df2af8eb42d56 -> 
========================================================================
Received Import Request.
  Time since last request: 4.064388 seconds.
  path: Assets/Scripts/CameraController.cs
  artifactKey: Guid(d759439dbfc3669419b21f9ce055f2fd) Importer(815301076,1909f56bfc062723c751e8b465ee728b)
Start importing Assets/Scripts/CameraController.cs using Guid(d759439dbfc3669419b21f9ce055f2fd) Importer(815301076,1909f56bfc062723c751e8b465ee728b)  -> (artifact id: '59e9df8d17d75a954108dc4dfef06841') in 0.008529 seconds 
  Import took 0.012817 seconds .

========================================================================
Received Import Request.
  Time since last request: 0.753335 seconds.
  path: Assets/Scripts/RollABallCameraController.cs
  artifactKey: Guid(d759439dbfc3669419b21f9ce055f2fd) Importer(815301076,1909f56bfc062723c751e8b465ee728b)
Start importing Assets/Scripts/RollABallCameraController.cs using Guid(d759439dbfc3669419b21f9ce055f2fd) Importer(815301076,1909f56bfc062723c751e8b465ee728b)  -> (artifact id: 'edeaecdeb46e4e9ea37307e64efa9ea6') in 0.005917 seconds 
  Import took 0.010798 seconds .

========================================================================
Received Import Request.
  Time since last request: 0.000359 seconds.
  path: Assets/Scripts/RollABallCameraController.cs
  artifactKey: Guid(d759439dbfc3669419b21f9ce055f2fd) Importer(815301076,1909f56bfc062723c751e8b465ee728b)
Start importing Assets/Scripts/RollABallCameraController.cs using Guid(d759439dbfc3669419b21f9ce055f2fd) Importer(815301076,1909f56bfc062723c751e8b465ee728b)  -> (artifact id: 'edeaecdeb46e4e9ea37307e64efa9ea6') in 0.002036 seconds 
  Import took 0.006470 seconds .

========================================================================
Received Prepare
Registering precompiled user dll's ...
Registered in 0.003635 seconds.
Begin MonoManager ReloadAssembly
Native extension for WindowsStandalone target not found
Refreshing native plugins compatible for Editor in 0.45 ms, found 2 plugins.
Preloading 0 native plugins for Editor in 0.00 ms.
Mono: successfully reloaded assembly
- Completed reload, in  1.006 seconds
Domain Reload Profiling:
	ReloadAssembly (1006ms)
		BeginReloadAssembly (124ms)
			ExecutionOrderSort (0ms)
			DisableScriptedObjects (4ms)
			BackupInstance (0ms)
			ReleaseScriptingObjects (0ms)
			CreateAndSetChildDomain (41ms)
		EndReloadAssembly (816ms)
			LoadAssemblies (94ms)
			RebuildTransferFunctionScriptingTraits (0ms)
			SetupTypeCache (307ms)
			ReleaseScriptCaches (1ms)
			RebuildScriptCaches (39ms)
			SetupLoadedEditorAssemblies (286ms)
				LogAssemblyErrors (0ms)
				InitializePlatformSupportModulesInManaged (4ms)
				SetLoadedEditorAssemblies (0ms)
				RefreshPlugins (1ms)
				BeforeProcessingInitializeOnLoad (63ms)
				ProcessInitializeOnLoadAttributes (204ms)
				ProcessInitializeOnLoadMethodAttributes (7ms)
				AfterProcessingInitializeOnLoad (7ms)
				EditorAssembliesLoaded (0ms)
			ExecutionOrderSort2 (0ms)
			AwakeInstancesAfterBackupRestoration (6ms)
Platform modules already initialized, skipping
Refreshing native plugins compatible for Editor in 0.46 ms, found 2 plugins.
Preloading 0 native plugins for Editor in 0.00 ms.
Unloading 3002 Unused Serialized files (Serialized files now loaded: 0)
System memory in use before: 130.7 MB.
System memory in use after: 130.9 MB.

Unloading 12 unused Assets to reduce memory usage. Loaded Objects now: 3561.
Total: 2.743100 ms (FindLiveObjects: 0.240200 ms CreateObjectMapping: 0.119900 ms MarkObjects: 2.367900 ms  DeleteObjects: 0.014300 ms)

AssetImportParameters requested are different than current active one (requested -> active):
  custom:framework-win-MediaFoundation: 216162199b28c13a410421893ffa2e32 -> 
  custom:video-decoder-ogg-theora: a1e56fd34408186e4bbccfd4996cb3dc -> 
  custom:container-muxer-webm: aa71ff27fc2769a1b78a27578f13a17b -> 
  custom:container-demuxer-webm: 4f35f7cbe854078d1ac9338744f61a02 -> 
  custom:container-demuxer-ogg: 62fdf1f143b41e24485cea50d1cbac27 -> 
  custom:video-encoder-webm-vp8: eb34c28f22e8b96e1ab97ce403110664 -> 
  custom:video-decoder-webm-vp8: 9c59270c3fd7afecdb556c50c9e8de78 -> 
  custom:audio-decoder-ogg-vorbis: bf7c407c2cedff20999df2af8eb42d56 -> 
  custom:audio-encoder-webm-vorbis: bf7c407c2cedff20999df2af8eb42d56 -> 
========================================================================
Received Import Request.
  Time since last request: 4.087029 seconds.
  path: Assets/Scripts/RollABallPlayerController.cs
  artifactKey: Guid(c907e422f46f88742a42f0fc29dc0621) Importer(815301076,1909f56bfc062723c751e8b465ee728b)
Start importing Assets/Scripts/RollABallPlayerController.cs using Guid(c907e422f46f88742a42f0fc29dc0621) Importer(815301076,1909f56bfc062723c751e8b465ee728b)  -> (artifact id: '7a60767ebf7eaf66aa35b9f57baaa968') in 0.012224 seconds 
  Import took 0.016739 seconds .

========================================================================
Received Prepare
Registering precompiled user dll's ...
Registered in 0.003694 seconds.
Begin MonoManager ReloadAssembly
Native extension for WindowsStandalone target not found
Refreshing native plugins compatible for Editor in 0.46 ms, found 2 plugins.
Preloading 0 native plugins for Editor in 0.00 ms.
Mono: successfully reloaded assembly
- Completed reload, in  0.987 seconds
Domain Reload Profiling:
	ReloadAssembly (987ms)
		BeginReloadAssembly (112ms)
			ExecutionOrderSort (0ms)
			DisableScriptedObjects (4ms)
			BackupInstance (0ms)
			ReleaseScriptingObjects (0ms)
			CreateAndSetChildDomain (29ms)
		EndReloadAssembly (819ms)
			LoadAssemblies (92ms)
			RebuildTransferFunctionScriptingTraits (0ms)
			SetupTypeCache (292ms)
			ReleaseScriptCaches (1ms)
			RebuildScriptCaches (37ms)
			SetupLoadedEditorAssemblies (302ms)
				LogAssemblyErrors (0ms)
				InitializePlatformSupportModulesInManaged (4ms)
				SetLoadedEditorAssemblies (0ms)
				RefreshPlugins (1ms)
				BeforeProcessingInitializeOnLoad (65ms)
				ProcessInitializeOnLoadAttributes (218ms)
				ProcessInitializeOnLoadMethodAttributes (7ms)
				AfterProcessingInitializeOnLoad (7ms)
				EditorAssembliesLoaded (0ms)
			ExecutionOrderSort2 (0ms)
			AwakeInstancesAfterBackupRestoration (6ms)
Platform modules already initialized, skipping
Refreshing native plugins compatible for Editor in 0.47 ms, found 2 plugins.
Preloading 0 native plugins for Editor in 0.00 ms.
Unloading 3002 Unused Serialized files (Serialized files now loaded: 0)
System memory in use before: 130.7 MB.
System memory in use after: 131.0 MB.

Unloading 12 unused Assets to reduce memory usage. Loaded Objects now: 3563.
Total: 2.837200 ms (FindLiveObjects: 0.246400 ms CreateObjectMapping: 0.122100 ms MarkObjects: 2.454200 ms  DeleteObjects: 0.013700 ms)

AssetImportParameters requested are different than current active one (requested -> active):
  custom:framework-win-MediaFoundation: 216162199b28c13a410421893ffa2e32 -> 
  custom:video-decoder-ogg-theora: a1e56fd34408186e4bbccfd4996cb3dc -> 
  custom:container-muxer-webm: aa71ff27fc2769a1b78a27578f13a17b -> 
  custom:container-demuxer-webm: 4f35f7cbe854078d1ac9338744f61a02 -> 
  custom:container-demuxer-ogg: 62fdf1f143b41e24485cea50d1cbac27 -> 
  custom:video-encoder-webm-vp8: eb34c28f22e8b96e1ab97ce403110664 -> 
  custom:video-decoder-webm-vp8: 9c59270c3fd7afecdb556c50c9e8de78 -> 
  custom:audio-decoder-ogg-vorbis: bf7c407c2cedff20999df2af8eb42d56 -> 
  custom:audio-encoder-webm-vorbis: bf7c407c2cedff20999df2af8eb42d56 -> 
========================================================================
Received Import Request.
  Time since last request: 4.463394 seconds.
  path: Assets/Scripts/Rotator.cs
  artifactKey: Guid(9f97a2ca9961cad4a9153ccf53fdffe1) Importer(815301076,1909f56bfc062723c751e8b465ee728b)
Start importing Assets/Scripts/Rotator.cs using Guid(9f97a2ca9961cad4a9153ccf53fdffe1) Importer(815301076,1909f56bfc062723c751e8b465ee728b)  -> (artifact id: '47401527e7b6e07d908c6b278f5040eb') in 0.008256 seconds 
  Import took 0.012290 seconds .

========================================================================
Received Import Request.
  Time since last request: 0.001574 seconds.
  path: Assets/Scripts/Rotator.cs
  artifactKey: Guid(9f97a2ca9961cad4a9153ccf53fdffe1) Importer(815301076,1909f56bfc062723c751e8b465ee728b)
Start importing Assets/Scripts/Rotator.cs using Guid(9f97a2ca9961cad4a9153ccf53fdffe1) Importer(815301076,1909f56bfc062723c751e8b465ee728b)  -> (artifact id: '47401527e7b6e07d908c6b278f5040eb') in 0.002744 seconds 
  Import took 0.007063 seconds .

========================================================================
Received Import Request.
  Time since last request: 1.442512 seconds.
  path: Assets/Scripts/RollABallRotator.cs
  artifactKey: Guid(9f97a2ca9961cad4a9153ccf53fdffe1) Importer(815301076,1909f56bfc062723c751e8b465ee728b)
Start importing Assets/Scripts/RollABallRotator.cs using Guid(9f97a2ca9961cad4a9153ccf53fdffe1) Importer(815301076,1909f56bfc062723c751e8b465ee728b)  -> (artifact id: 'ae27066368b255ac1c79cf0941d99c92') in 0.006470 seconds 
  Import took 0.012600 seconds .

========================================================================
Received Import Request.
  Time since last request: 0.001503 seconds.
  path: Assets/Scripts/RollABallRotator.cs
  artifactKey: Guid(9f97a2ca9961cad4a9153ccf53fdffe1) Importer(815301076,1909f56bfc062723c751e8b465ee728b)
Start importing Assets/Scripts/RollABallRotator.cs using Guid(9f97a2ca9961cad4a9153ccf53fdffe1) Importer(815301076,1909f56bfc062723c751e8b465ee728b)  -> (artifact id: 'ae27066368b255ac1c79cf0941d99c92') in 0.002087 seconds 
  Import took 0.006668 seconds .

========================================================================
Received Prepare
Registering precompiled user dll's ...
Registered in 0.003749 seconds.
Begin MonoManager ReloadAssembly
Native extension for WindowsStandalone target not found
Refreshing native plugins compatible for Editor in 0.46 ms, found 2 plugins.
Preloading 0 native plugins for Editor in 0.00 ms.
Mono: successfully reloaded assembly
- Completed reload, in  0.982 seconds
Domain Reload Profiling:
	ReloadAssembly (983ms)
		BeginReloadAssembly (108ms)
			ExecutionOrderSort (0ms)
			DisableScriptedObjects (4ms)
			BackupInstance (0ms)
			ReleaseScriptingObjects (0ms)
			CreateAndSetChildDomain (30ms)
		EndReloadAssembly (807ms)
			LoadAssemblies (85ms)
			RebuildTransferFunctionScriptingTraits (0ms)
			SetupTypeCache (283ms)
			ReleaseScriptCaches (1ms)
			RebuildScriptCaches (40ms)
			SetupLoadedEditorAssemblies (299ms)
				LogAssemblyErrors (0ms)
				InitializePlatformSupportModulesInManaged (4ms)
				SetLoadedEditorAssemblies (0ms)
				RefreshPlugins (1ms)
				BeforeProcessingInitializeOnLoad (61ms)
				ProcessInitializeOnLoadAttributes (216ms)
				ProcessInitializeOnLoadMethodAttributes (10ms)
				AfterProcessingInitializeOnLoad (7ms)
				EditorAssembliesLoaded (0ms)
			ExecutionOrderSort2 (0ms)
			AwakeInstancesAfterBackupRestoration (7ms)
Platform modules already initialized, skipping
Refreshing native plugins compatible for Editor in 0.46 ms, found 2 plugins.
Preloading 0 native plugins for Editor in 0.00 ms.
Unloading 3002 Unused Serialized files (Serialized files now loaded: 0)
System memory in use before: 130.8 MB.
System memory in use after: 131.0 MB.

Unloading 12 unused Assets to reduce memory usage. Loaded Objects now: 3565.
Total: 2.828300 ms (FindLiveObjects: 0.265500 ms CreateObjectMapping: 0.132100 ms MarkObjects: 2.416900 ms  DeleteObjects: 0.013100 ms)

AssetImportParameters requested are different than current active one (requested -> active):
  custom:framework-win-MediaFoundation: 216162199b28c13a410421893ffa2e32 -> 
  custom:video-decoder-ogg-theora: a1e56fd34408186e4bbccfd4996cb3dc -> 
  custom:container-muxer-webm: aa71ff27fc2769a1b78a27578f13a17b -> 
  custom:container-demuxer-webm: 4f35f7cbe854078d1ac9338744f61a02 -> 
  custom:container-demuxer-ogg: 62fdf1f143b41e24485cea50d1cbac27 -> 
  custom:video-encoder-webm-vp8: eb34c28f22e8b96e1ab97ce403110664 -> 
  custom:video-decoder-webm-vp8: 9c59270c3fd7afecdb556c50c9e8de78 -> 
  custom:audio-decoder-ogg-vorbis: bf7c407c2cedff20999df2af8eb42d56 -> 
  custom:audio-encoder-webm-vorbis: bf7c407c2cedff20999df2af8eb42d56 -> 
========================================================================
Received Import Request.
  Time since last request: 4.007618 seconds.
  path: Assets/Scripts/Spawner.cs
  artifactKey: Guid(202f73fd690f9a44fb8d96dfca9be933) Importer(815301076,1909f56bfc062723c751e8b465ee728b)
Start importing Assets/Scripts/Spawner.cs using Guid(202f73fd690f9a44fb8d96dfca9be933) Importer(815301076,1909f56bfc062723c751e8b465ee728b)  -> (artifact id: 'bac02953fd64e6f86d3a61787a43b47e') in 0.007865 seconds 
  Import took 0.011661 seconds .

========================================================================
Received Import Request.
  Time since last request: 0.376253 seconds.
  path: Assets/Scripts/RollABallSpawner.cs
  artifactKey: Guid(202f73fd690f9a44fb8d96dfca9be933) Importer(815301076,1909f56bfc062723c751e8b465ee728b)
Start importing Assets/Scripts/RollABallSpawner.cs using Guid(202f73fd690f9a44fb8d96dfca9be933) Importer(815301076,1909f56bfc062723c751e8b465ee728b)  -> (artifact id: '15271683c397e9f6451802f06193b48f') in 0.005580 seconds 
  Import took 0.009616 seconds .

========================================================================
Received Prepare
Registering precompiled user dll's ...
Registered in 0.004173 seconds.
Begin MonoManager ReloadAssembly
Native extension for WindowsStandalone target not found
Refreshing native plugins compatible for Editor in 0.45 ms, found 2 plugins.
Preloading 0 native plugins for Editor in 0.00 ms.
Mono: successfully reloaded assembly
- Completed reload, in  0.961 seconds
Domain Reload Profiling:
	ReloadAssembly (962ms)
		BeginReloadAssembly (100ms)
			ExecutionOrderSort (0ms)
			DisableScriptedObjects (4ms)
			BackupInstance (0ms)
			ReleaseScriptingObjects (0ms)
			CreateAndSetChildDomain (29ms)
		EndReloadAssembly (804ms)
			LoadAssemblies (81ms)
			RebuildTransferFunctionScriptingTraits (0ms)
			SetupTypeCache (287ms)
			ReleaseScriptCaches (1ms)
			RebuildScriptCaches (43ms)
			SetupLoadedEditorAssemblies (286ms)
				LogAssemblyErrors (0ms)
				InitializePlatformSupportModulesInManaged (4ms)
				SetLoadedEditorAssemblies (0ms)
				RefreshPlugins (1ms)
				BeforeProcessingInitializeOnLoad (61ms)
				ProcessInitializeOnLoadAttributes (206ms)
				ProcessInitializeOnLoadMethodAttributes (7ms)
				AfterProcessingInitializeOnLoad (7ms)
				EditorAssembliesLoaded (0ms)
			ExecutionOrderSort2 (0ms)
			AwakeInstancesAfterBackupRestoration (6ms)
Platform modules already initialized, skipping
Refreshing native plugins compatible for Editor in 0.47 ms, found 2 plugins.
Preloading 0 native plugins for Editor in 0.00 ms.
Unloading 3002 Unused Serialized files (Serialized files now loaded: 0)
System memory in use before: 130.8 MB.
System memory in use after: 131.0 MB.

Unloading 12 unused Assets to reduce memory usage. Loaded Objects now: 3567.
Total: 3.106700 ms (FindLiveObjects: 0.274600 ms CreateObjectMapping: 0.132700 ms MarkObjects: 2.682700 ms  DeleteObjects: 0.015600 ms)

AssetImportParameters requested are different than current active one (requested -> active):
  custom:framework-win-MediaFoundation: 216162199b28c13a410421893ffa2e32 -> 
  custom:video-decoder-ogg-theora: a1e56fd34408186e4bbccfd4996cb3dc -> 
  custom:container-muxer-webm: aa71ff27fc2769a1b78a27578f13a17b -> 
  custom:container-demuxer-webm: 4f35f7cbe854078d1ac9338744f61a02 -> 
  custom:container-demuxer-ogg: 62fdf1f143b41e24485cea50d1cbac27 -> 
  custom:video-encoder-webm-vp8: eb34c28f22e8b96e1ab97ce403110664 -> 
  custom:video-decoder-webm-vp8: 9c59270c3fd7afecdb556c50c9e8de78 -> 
  custom:audio-decoder-ogg-vorbis: bf7c407c2cedff20999df2af8eb42d56 -> 
  custom:audio-encoder-webm-vorbis: bf7c407c2cedff20999df2af8eb42d56 -> 
========================================================================
Received Import Request.
  Time since last request: 4.157845 seconds.
  path: Assets/Scripts/Spin.cs
  artifactKey: Guid(d4b3fb053287a0042a08e098f35195bd) Importer(815301076,1909f56bfc062723c751e8b465ee728b)
Start importing Assets/Scripts/Spin.cs using Guid(d4b3fb053287a0042a08e098f35195bd) Importer(815301076,1909f56bfc062723c751e8b465ee728b)  -> (artifact id: '6b5775239380d4a484f93cc4d6e705a5') in 0.008070 seconds 
  Import took 0.012297 seconds .

========================================================================
Received Import Request.
  Time since last request: 0.185113 seconds.
  path: Assets/Scripts/RollABallSpin.cs
  artifactKey: Guid(d4b3fb053287a0042a08e098f35195bd) Importer(815301076,1909f56bfc062723c751e8b465ee728b)
Start importing Assets/Scripts/RollABallSpin.cs using Guid(d4b3fb053287a0042a08e098f35195bd) Importer(815301076,1909f56bfc062723c751e8b465ee728b)  -> (artifact id: 'acfffe728bd86737bcf71a352d1caf46') in 0.007724 seconds 
  Import took 0.012306 seconds .

========================================================================
Received Import Request.
  Time since last request: 0.006793 seconds.
  path: Assets/Scripts/RollABallSpin.cs
  artifactKey: Guid(d4b3fb053287a0042a08e098f35195bd) Importer(815301076,1909f56bfc062723c751e8b465ee728b)
Start importing Assets/Scripts/RollABallSpin.cs using Guid(d4b3fb053287a0042a08e098f35195bd) Importer(815301076,1909f56bfc062723c751e8b465ee728b)  -> (artifact id: 'acfffe728bd86737bcf71a352d1caf46') in 0.002534 seconds 
  Import took 0.009124 seconds .

========================================================================
Received Prepare
Registering precompiled user dll's ...
Registered in 0.003718 seconds.
Begin MonoManager ReloadAssembly
Native extension for WindowsStandalone target not found
Refreshing native plugins compatible for Editor in 0.56 ms, found 2 plugins.
Preloading 0 native plugins for Editor in 0.00 ms.
Mono: successfully reloaded assembly
- Completed reload, in  1.048 seconds
Domain Reload Profiling:
	ReloadAssembly (1048ms)
		BeginReloadAssembly (107ms)
			ExecutionOrderSort (0ms)
			DisableScriptedObjects (4ms)
			BackupInstance (0ms)
			ReleaseScriptingObjects (0ms)
			CreateAndSetChildDomain (28ms)
		EndReloadAssembly (878ms)
			LoadAssemblies (95ms)
			RebuildTransferFunctionScriptingTraits (0ms)
			SetupTypeCache (339ms)
			ReleaseScriptCaches (1ms)
			RebuildScriptCaches (38ms)
			SetupLoadedEditorAssemblies (303ms)
				LogAssemblyErrors (0ms)
				InitializePlatformSupportModulesInManaged (4ms)
				SetLoadedEditorAssemblies (1ms)
				RefreshPlugins (1ms)
				BeforeProcessingInitializeOnLoad (66ms)
				ProcessInitializeOnLoadAttributes (217ms)
				ProcessInitializeOnLoadMethodAttributes (7ms)
				AfterProcessingInitializeOnLoad (7ms)
				EditorAssembliesLoaded (0ms)
			ExecutionOrderSort2 (0ms)
			AwakeInstancesAfterBackupRestoration (6ms)
Platform modules already initialized, skipping
Refreshing native plugins compatible for Editor in 0.51 ms, found 2 plugins.
Preloading 0 native plugins for Editor in 0.00 ms.
Unloading 3002 Unused Serialized files (Serialized files now loaded: 0)
System memory in use before: 130.8 MB.
System memory in use after: 131.0 MB.

Unloading 12 unused Assets to reduce memory usage. Loaded Objects now: 3569.
Total: 4.191600 ms (FindLiveObjects: 0.275300 ms CreateObjectMapping: 0.131700 ms MarkObjects: 3.755700 ms  DeleteObjects: 0.027700 ms)

AssetImportParameters requested are different than current active one (requested -> active):
  custom:framework-win-MediaFoundation: 216162199b28c13a410421893ffa2e32 -> 
  custom:video-decoder-ogg-theora: a1e56fd34408186e4bbccfd4996cb3dc -> 
  custom:container-muxer-webm: aa71ff27fc2769a1b78a27578f13a17b -> 
  custom:container-demuxer-webm: 4f35f7cbe854078d1ac9338744f61a02 -> 
  custom:container-demuxer-ogg: 62fdf1f143b41e24485cea50d1cbac27 -> 
  custom:video-encoder-webm-vp8: eb34c28f22e8b96e1ab97ce403110664 -> 
  custom:video-decoder-webm-vp8: 9c59270c3fd7afecdb556c50c9e8de78 -> 
  custom:audio-decoder-ogg-vorbis: bf7c407c2cedff20999df2af8eb42d56 -> 
  custom:audio-encoder-webm-vorbis: bf7c407c2cedff20999df2af8eb42d56 -> 
========================================================================
Received Prepare
Registering precompiled user dll's ...
Registered in 0.006484 seconds.
Begin MonoManager ReloadAssembly
Native extension for WindowsStandalone target not found
Refreshing native plugins compatible for Editor in 0.46 ms, found 2 plugins.
Preloading 0 native plugins for Editor in 0.00 ms.
Mono: successfully reloaded assembly
- Completed reload, in  0.945 seconds
Domain Reload Profiling:
	ReloadAssembly (945ms)
		BeginReloadAssembly (103ms)
			ExecutionOrderSort (0ms)
			DisableScriptedObjects (4ms)
			BackupInstance (0ms)
			ReleaseScriptingObjects (0ms)
			CreateAndSetChildDomain (28ms)
		EndReloadAssembly (786ms)
			LoadAssemblies (85ms)
			RebuildTransferFunctionScriptingTraits (0ms)
			SetupTypeCache (277ms)
			ReleaseScriptCaches (1ms)
			RebuildScriptCaches (38ms)
			SetupLoadedEditorAssemblies (289ms)
				LogAssemblyErrors (0ms)
				InitializePlatformSupportModulesInManaged (4ms)
				SetLoadedEditorAssemblies (0ms)
				RefreshPlugins (1ms)
				BeforeProcessingInitializeOnLoad (61ms)
				ProcessInitializeOnLoadAttributes (209ms)
				ProcessInitializeOnLoadMethodAttributes (7ms)
				AfterProcessingInitializeOnLoad (7ms)
				EditorAssembliesLoaded (0ms)
			ExecutionOrderSort2 (0ms)
			AwakeInstancesAfterBackupRestoration (6ms)
Platform modules already initialized, skipping
Refreshing native plugins compatible for Editor in 0.45 ms, found 2 plugins.
Preloading 0 native plugins for Editor in 0.00 ms.
Unloading 3002 Unused Serialized files (Serialized files now loaded: 0)
System memory in use before: 130.8 MB.
System memory in use after: 131.0 MB.

Unloading 12 unused Assets to reduce memory usage. Loaded Objects now: 3571.
Total: 2.796200 ms (FindLiveObjects: 0.237200 ms CreateObjectMapping: 0.119100 ms MarkObjects: 2.425300 ms  DeleteObjects: 0.013700 ms)

AssetImportParameters requested are different than current active one (requested -> active):
  custom:framework-win-MediaFoundation: 216162199b28c13a410421893ffa2e32 -> 
  custom:video-decoder-ogg-theora: a1e56fd34408186e4bbccfd4996cb3dc -> 
  custom:container-muxer-webm: aa71ff27fc2769a1b78a27578f13a17b -> 
  custom:container-demuxer-webm: 4f35f7cbe854078d1ac9338744f61a02 -> 
  custom:container-demuxer-ogg: 62fdf1f143b41e24485cea50d1cbac27 -> 
  custom:video-encoder-webm-vp8: eb34c28f22e8b96e1ab97ce403110664 -> 
  custom:video-decoder-webm-vp8: 9c59270c3fd7afecdb556c50c9e8de78 -> 
  custom:audio-decoder-ogg-vorbis: bf7c407c2cedff20999df2af8eb42d56 -> 
  custom:audio-encoder-webm-vorbis: bf7c407c2cedff20999df2af8eb42d56 -> 
========================================================================
Received Import Request.
  Time since last request: 17.824045 seconds.
  path: Assets/Scripts/RollABallBounce.cs
  artifactKey: Guid(512f75ba5bc3cb94ba5f71a200707aca) Importer(815301076,1909f56bfc062723c751e8b465ee728b)
Start importing Assets/Scripts/RollABallBounce.cs using Guid(512f75ba5bc3cb94ba5f71a200707aca) Importer(815301076,1909f56bfc062723c751e8b465ee728b)  -> (artifact id: '65ace303cf8f14651ad6b5fb908acaf6') in 0.006487 seconds 
  Import took 0.012063 seconds .

========================================================================
Received Prepare
Registering precompiled user dll's ...
Registered in 0.003711 seconds.
Begin MonoManager ReloadAssembly
Native extension for WindowsStandalone target not found
Refreshing native plugins compatible for Editor in 0.47 ms, found 2 plugins.
Preloading 0 native plugins for Editor in 0.00 ms.
Mono: successfully reloaded assembly
- Completed reload, in  0.999 seconds
Domain Reload Profiling:
	ReloadAssembly (1000ms)
		BeginReloadAssembly (104ms)
			ExecutionOrderSort (0ms)
			DisableScriptedObjects (4ms)
			BackupInstance (0ms)
			ReleaseScriptingObjects (0ms)
			CreateAndSetChildDomain (31ms)
		EndReloadAssembly (835ms)
			LoadAssemblies (80ms)
			RebuildTransferFunctionScriptingTraits (0ms)
			SetupTypeCache (306ms)
			ReleaseScriptCaches (1ms)
			RebuildScriptCaches (38ms)
			SetupLoadedEditorAssemblies (296ms)
				LogAssemblyErrors (0ms)
				InitializePlatformSupportModulesInManaged (4ms)
				SetLoadedEditorAssemblies (0ms)
				RefreshPlugins (1ms)
				BeforeProcessingInitializeOnLoad (64ms)
				ProcessInitializeOnLoadAttributes (213ms)
				ProcessInitializeOnLoadMethodAttributes (7ms)
				AfterProcessingInitializeOnLoad (7ms)
				EditorAssembliesLoaded (0ms)
			ExecutionOrderSort2 (0ms)
			AwakeInstancesAfterBackupRestoration (6ms)
Platform modules already initialized, skipping
Refreshing native plugins compatible for Editor in 0.46 ms, found 2 plugins.
Preloading 0 native plugins for Editor in 0.00 ms.
Unloading 3002 Unused Serialized files (Serialized files now loaded: 0)
System memory in use before: 130.8 MB.
System memory in use after: 131.0 MB.

Unloading 12 unused Assets to reduce memory usage. Loaded Objects now: 3573.
Total: 2.862600 ms (FindLiveObjects: 0.246800 ms CreateObjectMapping: 0.124400 ms MarkObjects: 2.475800 ms  DeleteObjects: 0.014600 ms)

AssetImportParameters requested are different than current active one (requested -> active):
  custom:framework-win-MediaFoundation: 216162199b28c13a410421893ffa2e32 -> 
  custom:video-decoder-ogg-theora: a1e56fd34408186e4bbccfd4996cb3dc -> 
  custom:container-muxer-webm: aa71ff27fc2769a1b78a27578f13a17b -> 
  custom:container-demuxer-webm: 4f35f7cbe854078d1ac9338744f61a02 -> 
  custom:container-demuxer-ogg: 62fdf1f143b41e24485cea50d1cbac27 -> 
  custom:video-encoder-webm-vp8: eb34c28f22e8b96e1ab97ce403110664 -> 
  custom:video-decoder-webm-vp8: 9c59270c3fd7afecdb556c50c9e8de78 -> 
  custom:audio-decoder-ogg-vorbis: bf7c407c2cedff20999df2af8eb42d56 -> 
  custom:audio-encoder-webm-vorbis: bf7c407c2cedff20999df2af8eb42d56 -> 
========================================================================
Received Import Request.
  Time since last request: 21.906109 seconds.
  path: Assets/Scripts/RollABallCameraController.cs
  artifactKey: Guid(d759439dbfc3669419b21f9ce055f2fd) Importer(815301076,1909f56bfc062723c751e8b465ee728b)
Start importing Assets/Scripts/RollABallCameraController.cs using Guid(d759439dbfc3669419b21f9ce055f2fd) Importer(815301076,1909f56bfc062723c751e8b465ee728b)  -> (artifact id: 'abc686ab42806b4b67b9d05a57d970df') in 0.004892 seconds 
  Import took 0.008815 seconds .

========================================================================
Received Prepare
Registering precompiled user dll's ...
Registered in 0.003912 seconds.
Begin MonoManager ReloadAssembly
Native extension for WindowsStandalone target not found
Refreshing native plugins compatible for Editor in 0.46 ms, found 2 plugins.
Preloading 0 native plugins for Editor in 0.00 ms.
Mono: successfully reloaded assembly
- Completed reload, in  0.977 seconds
Domain Reload Profiling:
	ReloadAssembly (978ms)
		BeginReloadAssembly (121ms)
			ExecutionOrderSort (0ms)
			DisableScriptedObjects (4ms)
			BackupInstance (0ms)
			ReleaseScriptingObjects (0ms)
			CreateAndSetChildDomain (27ms)
		EndReloadAssembly (790ms)
			LoadAssemblies (95ms)
			RebuildTransferFunctionScriptingTraits (0ms)
			SetupTypeCache (278ms)
			ReleaseScriptCaches (1ms)
			RebuildScriptCaches (38ms)
			SetupLoadedEditorAssemblies (293ms)
				LogAssemblyErrors (0ms)
				InitializePlatformSupportModulesInManaged (4ms)
				SetLoadedEditorAssemblies (0ms)
				RefreshPlugins (1ms)
				BeforeProcessingInitializeOnLoad (63ms)
				ProcessInitializeOnLoadAttributes (212ms)
				ProcessInitializeOnLoadMethodAttributes (7ms)
				AfterProcessingInitializeOnLoad (7ms)
				EditorAssembliesLoaded (0ms)
			ExecutionOrderSort2 (0ms)
			AwakeInstancesAfterBackupRestoration (6ms)
Platform modules already initialized, skipping
Refreshing native plugins compatible for Editor in 0.45 ms, found 2 plugins.
Preloading 0 native plugins for Editor in 0.00 ms.
Unloading 3002 Unused Serialized files (Serialized files now loaded: 0)
System memory in use before: 130.8 MB.
System memory in use after: 131.0 MB.

Unloading 12 unused Assets to reduce memory usage. Loaded Objects now: 3575.
Total: 2.772300 ms (FindLiveObjects: 0.234200 ms CreateObjectMapping: 0.119600 ms MarkObjects: 2.404100 ms  DeleteObjects: 0.013500 ms)

AssetImportParameters requested are different than current active one (requested -> active):
  custom:framework-win-MediaFoundation: 216162199b28c13a410421893ffa2e32 -> 
  custom:video-decoder-ogg-theora: a1e56fd34408186e4bbccfd4996cb3dc -> 
  custom:container-muxer-webm: aa71ff27fc2769a1b78a27578f13a17b -> 
  custom:container-demuxer-webm: 4f35f7cbe854078d1ac9338744f61a02 -> 
  custom:container-demuxer-ogg: 62fdf1f143b41e24485cea50d1cbac27 -> 
  custom:video-encoder-webm-vp8: eb34c28f22e8b96e1ab97ce403110664 -> 
  custom:video-decoder-webm-vp8: 9c59270c3fd7afecdb556c50c9e8de78 -> 
  custom:audio-decoder-ogg-vorbis: bf7c407c2cedff20999df2af8eb42d56 -> 
  custom:audio-encoder-webm-vorbis: bf7c407c2cedff20999df2af8eb42d56 -> 
========================================================================
Received Import Request.
  Time since last request: 22.626954 seconds.
  path: Assets/Scripts/RollABallPlayerController.cs
  artifactKey: Guid(c907e422f46f88742a42f0fc29dc0621) Importer(815301076,1909f56bfc062723c751e8b465ee728b)
Start importing Assets/Scripts/RollABallPlayerController.cs using Guid(c907e422f46f88742a42f0fc29dc0621) Importer(815301076,1909f56bfc062723c751e8b465ee728b)  -> (artifact id: '0748da0596f5b44d73ddff6b2e406f32') in 0.004727 seconds 
  Import took 0.008461 seconds .

========================================================================
Received Prepare
Registering precompiled user dll's ...
Registered in 0.004107 seconds.
Begin MonoManager ReloadAssembly
Native extension for WindowsStandalone target not found
Refreshing native plugins compatible for Editor in 0.45 ms, found 2 plugins.
Preloading 0 native plugins for Editor in 0.00 ms.
Mono: successfully reloaded assembly
- Completed reload, in  1.043 seconds
Domain Reload Profiling:
	ReloadAssembly (1044ms)
		BeginReloadAssembly (119ms)
			ExecutionOrderSort (0ms)
			DisableScriptedObjects (4ms)
			BackupInstance (0ms)
			ReleaseScriptingObjects (0ms)
			CreateAndSetChildDomain (28ms)
		EndReloadAssembly (865ms)
			LoadAssemblies (92ms)
			RebuildTransferFunctionScriptingTraits (0ms)
			SetupTypeCache (327ms)
			ReleaseScriptCaches (1ms)
			RebuildScriptCaches (38ms)
			SetupLoadedEditorAssemblies (313ms)
				LogAssemblyErrors (0ms)
				InitializePlatformSupportModulesInManaged (4ms)
				SetLoadedEditorAssemblies (1ms)
				RefreshPlugins (1ms)
				BeforeProcessingInitializeOnLoad (63ms)
				ProcessInitializeOnLoadAttributes (229ms)
				ProcessInitializeOnLoadMethodAttributes (7ms)
				AfterProcessingInitializeOnLoad (8ms)
				EditorAssembliesLoaded (0ms)
			ExecutionOrderSort2 (0ms)
			AwakeInstancesAfterBackupRestoration (8ms)
Platform modules already initialized, skipping
Refreshing native plugins compatible for Editor in 0.68 ms, found 2 plugins.
Preloading 0 native plugins for Editor in 0.00 ms.
Unloading 3002 Unused Serialized files (Serialized files now loaded: 0)
System memory in use before: 130.8 MB.
System memory in use after: 131.1 MB.

Unloading 12 unused Assets to reduce memory usage. Loaded Objects now: 3577.
Total: 2.935300 ms (FindLiveObjects: 0.273400 ms CreateObjectMapping: 0.134800 ms MarkObjects: 2.511300 ms  DeleteObjects: 0.015100 ms)

AssetImportParameters requested are different than current active one (requested -> active):
  custom:framework-win-MediaFoundation: 216162199b28c13a410421893ffa2e32 -> 
  custom:video-decoder-ogg-theora: a1e56fd34408186e4bbccfd4996cb3dc -> 
  custom:container-muxer-webm: aa71ff27fc2769a1b78a27578f13a17b -> 
  custom:container-demuxer-webm: 4f35f7cbe854078d1ac9338744f61a02 -> 
  custom:container-demuxer-ogg: 62fdf1f143b41e24485cea50d1cbac27 -> 
  custom:video-encoder-webm-vp8: eb34c28f22e8b96e1ab97ce403110664 -> 
  custom:video-decoder-webm-vp8: 9c59270c3fd7afecdb556c50c9e8de78 -> 
  custom:audio-decoder-ogg-vorbis: bf7c407c2cedff20999df2af8eb42d56 -> 
  custom:audio-encoder-webm-vorbis: bf7c407c2cedff20999df2af8eb42d56 -> 
========================================================================
Received Import Request.
  Time since last request: 38.145932 seconds.
  path: Assets/Scripts/RollABallRotator.cs
  artifactKey: Guid(9f97a2ca9961cad4a9153ccf53fdffe1) Importer(815301076,1909f56bfc062723c751e8b465ee728b)
Start importing Assets/Scripts/RollABallRotator.cs using Guid(9f97a2ca9961cad4a9153ccf53fdffe1) Importer(815301076,1909f56bfc062723c751e8b465ee728b)  -> (artifact id: '705cd84e60fb4a2dc08cf436b35b6496') in 0.005181 seconds 
  Import took 0.010603 seconds .

========================================================================
Received Prepare
Registering precompiled user dll's ...
Registered in 0.003703 seconds.
Begin MonoManager ReloadAssembly
Native extension for WindowsStandalone target not found
Refreshing native plugins compatible for Editor in 0.45 ms, found 2 plugins.
Preloading 0 native plugins for Editor in 0.00 ms.
Mono: successfully reloaded assembly
- Completed reload, in  1.011 seconds
Domain Reload Profiling:
	ReloadAssembly (1011ms)
		BeginReloadAssembly (102ms)
			ExecutionOrderSort (0ms)
			DisableScriptedObjects (4ms)
			BackupInstance (0ms)
			ReleaseScriptingObjects (0ms)
			CreateAndSetChildDomain (26ms)
		EndReloadAssembly (852ms)
			LoadAssemblies (80ms)
			RebuildTransferFunctionScriptingTraits (0ms)
			SetupTypeCache (286ms)
			ReleaseScriptCaches (1ms)
			RebuildScriptCaches (40ms)
			SetupLoadedEditorAssemblies (324ms)
				LogAssemblyErrors (0ms)
				InitializePlatformSupportModulesInManaged (4ms)
				SetLoadedEditorAssemblies (0ms)
				RefreshPlugins (1ms)
				BeforeProcessingInitializeOnLoad (67ms)
				ProcessInitializeOnLoadAttributes (234ms)
				ProcessInitializeOnLoadMethodAttributes (11ms)
				AfterProcessingInitializeOnLoad (8ms)
				EditorAssembliesLoaded (0ms)
			ExecutionOrderSort2 (0ms)
			AwakeInstancesAfterBackupRestoration (6ms)
Platform modules already initialized, skipping
Refreshing native plugins compatible for Editor in 0.48 ms, found 2 plugins.
Preloading 0 native plugins for Editor in 0.00 ms.
Unloading 3002 Unused Serialized files (Serialized files now loaded: 0)
System memory in use before: 130.8 MB.
System memory in use after: 131.1 MB.

Unloading 12 unused Assets to reduce memory usage. Loaded Objects now: 3579.
Total: 2.965900 ms (FindLiveObjects: 0.271200 ms CreateObjectMapping: 0.137500 ms MarkObjects: 2.540100 ms  DeleteObjects: 0.015800 ms)

AssetImportParameters requested are different than current active one (requested -> active):
  custom:framework-win-MediaFoundation: 216162199b28c13a410421893ffa2e32 -> 
  custom:video-decoder-ogg-theora: a1e56fd34408186e4bbccfd4996cb3dc -> 
  custom:container-muxer-webm: aa71ff27fc2769a1b78a27578f13a17b -> 
  custom:container-demuxer-webm: 4f35f7cbe854078d1ac9338744f61a02 -> 
  custom:container-demuxer-ogg: 62fdf1f143b41e24485cea50d1cbac27 -> 
  custom:video-encoder-webm-vp8: eb34c28f22e8b96e1ab97ce403110664 -> 
  custom:video-decoder-webm-vp8: 9c59270c3fd7afecdb556c50c9e8de78 -> 
  custom:audio-decoder-ogg-vorbis: bf7c407c2cedff20999df2af8eb42d56 -> 
  custom:audio-encoder-webm-vorbis: bf7c407c2cedff20999df2af8eb42d56 -> 
========================================================================
Received Import Request.
  Time since last request: 13.898540 seconds.
  path: Assets/Scripts/RollABallSpawner.cs
  artifactKey: Guid(202f73fd690f9a44fb8d96dfca9be933) Importer(815301076,1909f56bfc062723c751e8b465ee728b)
Start importing Assets/Scripts/RollABallSpawner.cs using Guid(202f73fd690f9a44fb8d96dfca9be933) Importer(815301076,1909f56bfc062723c751e8b465ee728b)  -> (artifact id: '16ad76942ab17dad7b0c53e79f83e1f7') in 0.005464 seconds 
  Import took 0.009862 seconds .

========================================================================
Received Prepare
Registering precompiled user dll's ...
Registered in 0.003755 seconds.
Begin MonoManager ReloadAssembly
Native extension for WindowsStandalone target not found
Refreshing native plugins compatible for Editor in 0.46 ms, found 2 plugins.
Preloading 0 native plugins for Editor in 0.00 ms.
Mono: successfully reloaded assembly
- Completed reload, in  0.988 seconds
Domain Reload Profiling:
	ReloadAssembly (988ms)
		BeginReloadAssembly (98ms)
			ExecutionOrderSort (0ms)
			DisableScriptedObjects (4ms)
			BackupInstance (0ms)
			ReleaseScriptingObjects (0ms)
			CreateAndSetChildDomain (28ms)
		EndReloadAssembly (831ms)
			LoadAssemblies (86ms)
			RebuildTransferFunctionScriptingTraits (0ms)
			SetupTypeCache (304ms)
			ReleaseScriptCaches (1ms)
			RebuildScriptCaches (39ms)
			SetupLoadedEditorAssemblies (299ms)
				LogAssemblyErrors (0ms)
				InitializePlatformSupportModulesInManaged (4ms)
				SetLoadedEditorAssemblies (0ms)
				RefreshPlugins (1ms)
				BeforeProcessingInitializeOnLoad (63ms)
				ProcessInitializeOnLoadAttributes (217ms)
				ProcessInitializeOnLoadMethodAttributes (7ms)
				AfterProcessingInitializeOnLoad (7ms)
				EditorAssembliesLoaded (0ms)
			ExecutionOrderSort2 (0ms)
			AwakeInstancesAfterBackupRestoration (5ms)
Platform modules already initialized, skipping
Refreshing native plugins compatible for Editor in 0.46 ms, found 2 plugins.
Preloading 0 native plugins for Editor in 0.00 ms.
Unloading 3002 Unused Serialized files (Serialized files now loaded: 0)
System memory in use before: 130.8 MB.
System memory in use after: 131.1 MB.

Unloading 12 unused Assets to reduce memory usage. Loaded Objects now: 3581.
Total: 3.228000 ms (FindLiveObjects: 0.247800 ms CreateObjectMapping: 0.119200 ms MarkObjects: 2.846300 ms  DeleteObjects: 0.013700 ms)

AssetImportParameters requested are different than current active one (requested -> active):
  custom:framework-win-MediaFoundation: 216162199b28c13a410421893ffa2e32 -> 
  custom:video-decoder-ogg-theora: a1e56fd34408186e4bbccfd4996cb3dc -> 
  custom:container-muxer-webm: aa71ff27fc2769a1b78a27578f13a17b -> 
  custom:container-demuxer-webm: 4f35f7cbe854078d1ac9338744f61a02 -> 
  custom:container-demuxer-ogg: 62fdf1f143b41e24485cea50d1cbac27 -> 
  custom:video-encoder-webm-vp8: eb34c28f22e8b96e1ab97ce403110664 -> 
  custom:video-decoder-webm-vp8: 9c59270c3fd7afecdb556c50c9e8de78 -> 
  custom:audio-decoder-ogg-vorbis: bf7c407c2cedff20999df2af8eb42d56 -> 
  custom:audio-encoder-webm-vorbis: bf7c407c2cedff20999df2af8eb42d56 -> 
========================================================================
Received Import Request.
  Time since last request: 19.783614 seconds.
  path: Assets/Scripts/RollABallSpin.cs
  artifactKey: Guid(d4b3fb053287a0042a08e098f35195bd) Importer(815301076,1909f56bfc062723c751e8b465ee728b)
Start importing Assets/Scripts/RollABallSpin.cs using Guid(d4b3fb053287a0042a08e098f35195bd) Importer(815301076,1909f56bfc062723c751e8b465ee728b)  -> (artifact id: 'a1d7df1e9ad5631b503a2920d49d7114') in 0.004685 seconds 
  Import took 0.008766 seconds .

========================================================================
Received Prepare
Registering precompiled user dll's ...
Registered in 0.003842 seconds.
Begin MonoManager ReloadAssembly
Native extension for WindowsStandalone target not found
Refreshing native plugins compatible for Editor in 0.47 ms, found 2 plugins.
Preloading 0 native plugins for Editor in 0.00 ms.
Mono: successfully reloaded assembly
- Completed reload, in  0.981 seconds
Domain Reload Profiling:
	ReloadAssembly (981ms)
		BeginReloadAssembly (100ms)
			ExecutionOrderSort (0ms)
			DisableScriptedObjects (4ms)
			BackupInstance (0ms)
			ReleaseScriptingObjects (0ms)
			CreateAndSetChildDomain (28ms)
		EndReloadAssembly (823ms)
			LoadAssemblies (79ms)
			RebuildTransferFunctionScriptingTraits (0ms)
			SetupTypeCache (289ms)
			ReleaseScriptCaches (1ms)
			RebuildScriptCaches (39ms)
			SetupLoadedEditorAssemblies (288ms)
				LogAssemblyErrors (0ms)
				InitializePlatformSupportModulesInManaged (4ms)
				SetLoadedEditorAssemblies (0ms)
				RefreshPlugins (1ms)
				BeforeProcessingInitializeOnLoad (63ms)
				ProcessInitializeOnLoadAttributes (205ms)
				ProcessInitializeOnLoadMethodAttributes (7ms)
				AfterProcessingInitializeOnLoad (7ms)
				EditorAssembliesLoaded (0ms)
			ExecutionOrderSort2 (0ms)
			AwakeInstancesAfterBackupRestoration (6ms)
Platform modules already initialized, skipping
Refreshing native plugins compatible for Editor in 0.45 ms, found 2 plugins.
Preloading 0 native plugins for Editor in 0.00 ms.
Unloading 3002 Unused Serialized files (Serialized files now loaded: 0)
System memory in use before: 130.8 MB.
System memory in use after: 131.1 MB.

Unloading 12 unused Assets to reduce memory usage. Loaded Objects now: 3583.
Total: 3.005500 ms (FindLiveObjects: 0.315600 ms CreateObjectMapping: 0.178000 ms MarkObjects: 2.495400 ms  DeleteObjects: 0.015700 ms)

AssetImportParameters requested are different than current active one (requested -> active):
  custom:framework-win-MediaFoundation: 216162199b28c13a410421893ffa2e32 -> 
  custom:video-decoder-ogg-theora: a1e56fd34408186e4bbccfd4996cb3dc -> 
  custom:container-muxer-webm: aa71ff27fc2769a1b78a27578f13a17b -> 
  custom:container-demuxer-webm: 4f35f7cbe854078d1ac9338744f61a02 -> 
  custom:container-demuxer-ogg: 62fdf1f143b41e24485cea50d1cbac27 -> 
  custom:video-encoder-webm-vp8: eb34c28f22e8b96e1ab97ce403110664 -> 
  custom:video-decoder-webm-vp8: 9c59270c3fd7afecdb556c50c9e8de78 -> 
  custom:audio-decoder-ogg-vorbis: bf7c407c2cedff20999df2af8eb42d56 -> 
  custom:audio-encoder-webm-vorbis: bf7c407c2cedff20999df2af8eb42d56 -> 
AssetImportWorkerClient::OnTransportError - code=2 error=End of file
