Using pre-set license
Built from '2020.3/staging' branch; Version is '2020.3.18f1 (a7d1c678663c) revision 10998214'; Using compiler version '192528614'; Build Type 'Release'
OS: 'Windows 10 Home; OS build 19042.1288; Version 2009; 64bit' Language: 'en' Physical Memory: 16322 MB
BatchMode: 1, IsHumanControllingUs: 0, StartBugReporterOnCrash: 0, Is64bit: 1, IsPro: 0

COMMAND LINE ARGUMENTS:
C:\Program Files\Unity\Hub\Editor\2020.3.18f1\Editor\Unity.exe
-adb2
-batchMode
-noUpm
-name
AssetImportWorker0
-projectPath
C:/Users/Joseph/Desktop/f/_f21/CMPT475 - CS Capping/SENDHELP/passwordTeaching
-logFile
Logs/AssetImportWorker0.log
-srvPort
54175
Successfully changed project path to: C:/Users/Joseph/Desktop/f/_f21/CMPT475 - CS Capping/SENDHELP/passwordTeaching
C:/Users/Joseph/Desktop/f/_f21/CMPT475 - CS Capping/SENDHELP/passwordTeaching
Using Asset Import Pipeline V2.
Refreshing native plugins compatible for Editor in 54.87 ms, found 3 plugins.
Preloading 0 native plugins for Editor in 0.00 ms.
Initialize engine version: 2020.3.18f1 (a7d1c678663c)
[Subsystems] Discovering subsystems at path C:/Program Files/Unity/Hub/Editor/2020.3.18f1/Editor/Data/Resources/UnitySubsystems
[Subsystems] Discovering subsystems at path C:/Users/Joseph/Desktop/f/_f21/CMPT475 - CS Capping/SENDHELP/passwordTeaching/Assets
GfxDevice: creating device client; threaded=0
Direct3D:
    Version:  Direct3D 11.0 [level 11.1]
    Renderer: NVIDIA GeForce RTX 2060 (ID=0x1f08)
    Vendor:   
    VRAM:     5980 MB
    Driver:   30.0.14.9649
Initialize mono
Mono path[0] = 'C:/Program Files/Unity/Hub/Editor/2020.3.18f1/Editor/Data/Managed'
Mono path[1] = 'C:/Program Files/Unity/Hub/Editor/2020.3.18f1/Editor/Data/MonoBleedingEdge/lib/mono/unityjit'
Mono config path = 'C:/Program Files/Unity/Hub/Editor/2020.3.18f1/Editor/Data/MonoBleedingEdge/etc'
Using monoOptions --debugger-agent=transport=dt_socket,embedding=1,server=y,suspend=n,address=127.0.0.1:56080
Begin MonoManager ReloadAssembly
Registering precompiled unity dll's ...
Register platform support module: C:/Program Files/Unity/Hub/Editor/2020.3.18f1/Editor/Data/PlaybackEngines/WindowsStandaloneSupport/UnityEditor.WindowsStandalone.Extensions.dll
Registered in 0.002303 seconds.
Native extension for WindowsStandalone target not found
Refreshing native plugins compatible for Editor in 47.30 ms, found 3 plugins.
Preloading 0 native plugins for Editor in 0.00 ms.
Mono: successfully reloaded assembly
- Completed reload, in  1.229 seconds
Domain Reload Profiling:
	ReloadAssembly (1229ms)
		BeginReloadAssembly (54ms)
			ExecutionOrderSort (0ms)
			DisableScriptedObjects (0ms)
			BackupInstance (0ms)
			ReleaseScriptingObjects (0ms)
			CreateAndSetChildDomain (1ms)
		EndReloadAssembly (465ms)
			LoadAssemblies (52ms)
			RebuildTransferFunctionScriptingTraits (0ms)
			SetupTypeCache (168ms)
			ReleaseScriptCaches (0ms)
			RebuildScriptCaches (32ms)
			SetupLoadedEditorAssemblies (187ms)
				LogAssemblyErrors (0ms)
				InitializePlatformSupportModulesInManaged (4ms)
				SetLoadedEditorAssemblies (0ms)
				RefreshPlugins (47ms)
				BeforeProcessingInitializeOnLoad (9ms)
				ProcessInitializeOnLoadAttributes (91ms)
				ProcessInitializeOnLoadMethodAttributes (35ms)
				AfterProcessingInitializeOnLoad (0ms)
				EditorAssembliesLoaded (0ms)
			ExecutionOrderSort2 (0ms)
			AwakeInstancesAfterBackupRestoration (0ms)
Platform modules already initialized, skipping
Registering precompiled user dll's ...
Registered in 0.003582 seconds.
Begin MonoManager ReloadAssembly
Native extension for WindowsStandalone target not found
Refreshing native plugins compatible for Editor in 42.34 ms, found 3 plugins.
Preloading 0 native plugins for Editor in 0.00 ms.
Mono: successfully reloaded assembly
- Completed reload, in  1.183 seconds
Domain Reload Profiling:
	ReloadAssembly (1184ms)
		BeginReloadAssembly (147ms)
			ExecutionOrderSort (0ms)
			DisableScriptedObjects (4ms)
			BackupInstance (0ms)
			ReleaseScriptingObjects (0ms)
			CreateAndSetChildDomain (17ms)
		EndReloadAssembly (958ms)
			LoadAssemblies (89ms)
			RebuildTransferFunctionScriptingTraits (0ms)
			SetupTypeCache (331ms)
			ReleaseScriptCaches (0ms)
			RebuildScriptCaches (49ms)
			SetupLoadedEditorAssemblies (349ms)
				LogAssemblyErrors (0ms)
				InitializePlatformSupportModulesInManaged (4ms)
				SetLoadedEditorAssemblies (0ms)
				RefreshPlugins (42ms)
				BeforeProcessingInitializeOnLoad (76ms)
				ProcessInitializeOnLoadAttributes (208ms)
				ProcessInitializeOnLoadMethodAttributes (12ms)
				AfterProcessingInitializeOnLoad (7ms)
				EditorAssembliesLoaded (0ms)
			ExecutionOrderSort2 (0ms)
			AwakeInstancesAfterBackupRestoration (10ms)
Platform modules already initialized, skipping
========================================================================
Worker process is ready to serve import requests
Launched and connected shader compiler UnityShaderCompiler.exe after 0.07 seconds
Refreshing native plugins compatible for Editor in 0.36 ms, found 3 plugins.
Preloading 0 native plugins for Editor in 0.00 ms.
Unloading 2097 Unused Serialized files (Serialized files now loaded: 0)
System memory in use before: 93.9 MB.
System memory in use after: 94.0 MB.

Unloading 26 unused Assets to reduce memory usage. Loaded Objects now: 2537.
Total: 3.738500 ms (FindLiveObjects: 0.174400 ms CreateObjectMapping: 0.078000 ms MarkObjects: 3.428500 ms  DeleteObjects: 0.056500 ms)

AssetImportParameters requested are different than current active one (requested -> active):
  custom:framework-win-MediaFoundation: 216162199b28c13a410421893ffa2e32 -> 
  custom:video-decoder-ogg-theora: a1e56fd34408186e4bbccfd4996cb3dc -> 
  custom:container-muxer-webm: aa71ff27fc2769a1b78a27578f13a17b -> 
  custom:container-demuxer-webm: 4f35f7cbe854078d1ac9338744f61a02 -> 
  custom:container-demuxer-ogg: 62fdf1f143b41e24485cea50d1cbac27 -> 
  custom:video-encoder-webm-vp8: eb34c28f22e8b96e1ab97ce403110664 -> 
  custom:video-decoder-webm-vp8: 9c59270c3fd7afecdb556c50c9e8de78 -> 
  custom:audio-decoder-ogg-vorbis: bf7c407c2cedff20999df2af8eb42d56 -> 
  custom:audio-encoder-webm-vorbis: bf7c407c2cedff20999df2af8eb42d56 -> 
========================================================================
Received Import Request.
  path: Assets/WM2000/Display/Old CRT v.1.11 Screen 1.png
  artifactKey: Guid(1318aedb0b972404d82bb2d3e96448f3) Importer(815301076,1909f56bfc062723c751e8b465ee728b)
Start importing Assets/WM2000/Display/Old CRT v.1.11 Screen 1.png using Guid(1318aedb0b972404d82bb2d3e96448f3) Importer(815301076,1909f56bfc062723c751e8b465ee728b)  -> (artifact id: 'dc6e19cfc0b927e3b643af87cb8acb20') in 0.153681 seconds 
  Import took 0.157991 seconds .

========================================================================
Received Import Request.
  Time since last request: 0.000230 seconds.
  path: Assets/WM2000/Display/CONSOLA.TTF
  artifactKey: Guid(138991e1d9d76cc41b0a352f3d80b23f) Importer(815301076,1909f56bfc062723c751e8b465ee728b)
Start importing Assets/WM2000/Display/CONSOLA.TTF using Guid(138991e1d9d76cc41b0a352f3d80b23f) Importer(815301076,1909f56bfc062723c751e8b465ee728b)  -> (artifact id: 'c2655f0340f08eb42ae09a86305c5cb0') in 0.052790 seconds 
  Import took 0.055829 seconds .

========================================================================
Received Import Request.
  Time since last request: 0.000151 seconds.
  path: Assets/WM2000/WM2000.prefab
  artifactKey: Guid(c46548f7b668a78409fa399c095e4e6b) Importer(815301076,1909f56bfc062723c751e8b465ee728b)
Start importing Assets/WM2000/WM2000.prefab using Guid(c46548f7b668a78409fa399c095e4e6b) Importer(815301076,1909f56bfc062723c751e8b465ee728b)  -> (artifact id: 'fb38162a6474b0e3a72cccb741eabbe4') in 0.023350 seconds 
  Import took 0.026607 seconds .

========================================================================
Received Import Request.
  Time since last request: 0.810561 seconds.
  path: Assets/Scenes/SampleScene.unity
  artifactKey: Guid(2cda990e2423bbf4892e6590ba056729) Importer(815301076,1909f56bfc062723c751e8b465ee728b)
Start importing Assets/Scenes/SampleScene.unity using Guid(2cda990e2423bbf4892e6590ba056729) Importer(815301076,1909f56bfc062723c751e8b465ee728b)  -> (artifact id: 'e27cebc0eaa42b95cf021cccd34bd027') in 0.006724 seconds 
  Import took 0.009479 seconds .

========================================================================
Received Import Request.
  Time since last request: 0.005421 seconds.
  path: Assets/Scenes/SampleScene.unity
  artifactKey: Guid(2cda990e2423bbf4892e6590ba056729) Importer(815301076,1909f56bfc062723c751e8b465ee728b)
Start importing Assets/Scenes/SampleScene.unity using Guid(2cda990e2423bbf4892e6590ba056729) Importer(815301076,1909f56bfc062723c751e8b465ee728b)  -> (artifact id: 'e27cebc0eaa42b95cf021cccd34bd027') in 0.002358 seconds 
  Import took 0.005134 seconds .

========================================================================
Received Prepare
Refreshing native plugins compatible for Editor in 3.65 ms, found 3 plugins.
Preloading 0 native plugins for Editor in 0.00 ms.
Unloading 12 Unused Serialized files (Serialized files now loaded: 0)
System memory in use before: 55.3 MB.
System memory in use after: 55.5 MB.

Unloading 12 unused Assets to reduce memory usage. Loaded Objects now: 2584.
Total: 3.275200 ms (FindLiveObjects: 0.176100 ms CreateObjectMapping: 0.089100 ms MarkObjects: 2.995400 ms  DeleteObjects: 0.013500 ms)

AssetImportParameters requested are different than current active one (requested -> active):
  custom:framework-win-MediaFoundation: 216162199b28c13a410421893ffa2e32 -> 
  custom:video-decoder-ogg-theora: a1e56fd34408186e4bbccfd4996cb3dc -> 
  custom:container-muxer-webm: aa71ff27fc2769a1b78a27578f13a17b -> 
  custom:container-demuxer-webm: 4f35f7cbe854078d1ac9338744f61a02 -> 
  custom:container-demuxer-ogg: 62fdf1f143b41e24485cea50d1cbac27 -> 
  custom:video-encoder-webm-vp8: eb34c28f22e8b96e1ab97ce403110664 -> 
  custom:video-decoder-webm-vp8: 9c59270c3fd7afecdb556c50c9e8de78 -> 
  custom:audio-decoder-ogg-vorbis: bf7c407c2cedff20999df2af8eb42d56 -> 
  custom:audio-encoder-webm-vorbis: bf7c407c2cedff20999df2af8eb42d56 -> 
========================================================================
Received Import Request.
  Time since last request: 4.435809 seconds.
  path: Assets/Scenes/PasswordTerminal.unity
  artifactKey: Guid(2cda990e2423bbf4892e6590ba056729) Importer(815301076,1909f56bfc062723c751e8b465ee728b)
Start importing Assets/Scenes/PasswordTerminal.unity using Guid(2cda990e2423bbf4892e6590ba056729) Importer(815301076,1909f56bfc062723c751e8b465ee728b)  -> (artifact id: '498737026d16d560971eb93256ee2233') in 0.006620 seconds 
  Import took 0.010562 seconds .

========================================================================
Received Import Request.
  Time since last request: 16.232062 seconds.
  path: Assets/WM2000/Terminal/DisplayBuffer.cs
  artifactKey: Guid(25d4a0d8ac771ae4b9b82f2be55a4a4e) Importer(815301076,1909f56bfc062723c751e8b465ee728b)
Start importing Assets/WM2000/Terminal/DisplayBuffer.cs using Guid(25d4a0d8ac771ae4b9b82f2be55a4a4e) Importer(815301076,1909f56bfc062723c751e8b465ee728b)  -> (artifact id: '7088a3b520fe2c73e0d2e703d8cec74d') in 0.007890 seconds 
  Import took 0.010560 seconds .

========================================================================
Received Import Request.
  Time since last request: 0.020437 seconds.
  path: Assets/WM2000/Terminal/DisplayBuffer.cs
  artifactKey: Guid(25d4a0d8ac771ae4b9b82f2be55a4a4e) Importer(815301076,1909f56bfc062723c751e8b465ee728b)
Start importing Assets/WM2000/Terminal/DisplayBuffer.cs using Guid(25d4a0d8ac771ae4b9b82f2be55a4a4e) Importer(815301076,1909f56bfc062723c751e8b465ee728b)  -> (artifact id: '7088a3b520fe2c73e0d2e703d8cec74d') in 0.002399 seconds 
  Import took 0.005282 seconds .

========================================================================
Received Prepare
Registering precompiled user dll's ...
Registered in 0.003426 seconds.
Begin MonoManager ReloadAssembly
Native extension for WindowsStandalone target not found
Refreshing native plugins compatible for Editor in 0.38 ms, found 3 plugins.
Preloading 0 native plugins for Editor in 0.00 ms.
Mono: successfully reloaded assembly
- Completed reload, in  0.981 seconds
Domain Reload Profiling:
	ReloadAssembly (981ms)
		BeginReloadAssembly (119ms)
			ExecutionOrderSort (0ms)
			DisableScriptedObjects (6ms)
			BackupInstance (0ms)
			ReleaseScriptingObjects (0ms)
			CreateAndSetChildDomain (42ms)
		EndReloadAssembly (804ms)
			LoadAssemblies (83ms)
			RebuildTransferFunctionScriptingTraits (0ms)
			SetupTypeCache (285ms)
			ReleaseScriptCaches (1ms)
			RebuildScriptCaches (62ms)
			SetupLoadedEditorAssemblies (266ms)
				LogAssemblyErrors (0ms)
				InitializePlatformSupportModulesInManaged (4ms)
				SetLoadedEditorAssemblies (0ms)
				RefreshPlugins (0ms)
				BeforeProcessingInitializeOnLoad (58ms)
				ProcessInitializeOnLoadAttributes (190ms)
				ProcessInitializeOnLoadMethodAttributes (5ms)
				AfterProcessingInitializeOnLoad (7ms)
				EditorAssembliesLoaded (0ms)
			ExecutionOrderSort2 (0ms)
			AwakeInstancesAfterBackupRestoration (10ms)
Platform modules already initialized, skipping
Refreshing native plugins compatible for Editor in 0.42 ms, found 3 plugins.
Preloading 0 native plugins for Editor in 0.00 ms.
Unloading 2087 Unused Serialized files (Serialized files now loaded: 0)
System memory in use before: 96.6 MB.
System memory in use after: 96.8 MB.

Unloading 14 unused Assets to reduce memory usage. Loaded Objects now: 2587.
Total: 2.945000 ms (FindLiveObjects: 0.172500 ms CreateObjectMapping: 0.074500 ms MarkObjects: 2.678600 ms  DeleteObjects: 0.017900 ms)

AssetImportParameters requested are different than current active one (requested -> active):
  custom:framework-win-MediaFoundation: 216162199b28c13a410421893ffa2e32 -> 
  custom:video-decoder-ogg-theora: a1e56fd34408186e4bbccfd4996cb3dc -> 
  custom:container-muxer-webm: aa71ff27fc2769a1b78a27578f13a17b -> 
  custom:container-demuxer-webm: 4f35f7cbe854078d1ac9338744f61a02 -> 
  custom:container-demuxer-ogg: 62fdf1f143b41e24485cea50d1cbac27 -> 
  custom:video-encoder-webm-vp8: eb34c28f22e8b96e1ab97ce403110664 -> 
  custom:video-decoder-webm-vp8: 9c59270c3fd7afecdb556c50c9e8de78 -> 
  custom:audio-decoder-ogg-vorbis: bf7c407c2cedff20999df2af8eb42d56 -> 
  custom:audio-encoder-webm-vorbis: bf7c407c2cedff20999df2af8eb42d56 -> 
========================================================================
Received Import Request.
  Time since last request: 15.144237 seconds.
  path: Assets/WM2000/Terminal/PasswordTerminalDisplayBuffer.cs
  artifactKey: Guid(25d4a0d8ac771ae4b9b82f2be55a4a4e) Importer(815301076,1909f56bfc062723c751e8b465ee728b)
Start importing Assets/WM2000/Terminal/PasswordTerminalDisplayBuffer.cs using Guid(25d4a0d8ac771ae4b9b82f2be55a4a4e) Importer(815301076,1909f56bfc062723c751e8b465ee728b)  -> (artifact id: '9a6643cc24c8ba027f94d056d5f54caa') in 0.008552 seconds 
  Import took 0.011247 seconds .

========================================================================
Received Import Request.
  Time since last request: 0.880339 seconds.
  path: Assets/WM2000/Terminal/InputBuffer.cs
  artifactKey: Guid(8b42c51fc130a1a4ea9fc7bc070080d5) Importer(815301076,1909f56bfc062723c751e8b465ee728b)
Start importing Assets/WM2000/Terminal/InputBuffer.cs using Guid(8b42c51fc130a1a4ea9fc7bc070080d5) Importer(815301076,1909f56bfc062723c751e8b465ee728b)  -> (artifact id: '7223d7b167ffcb3fb2d50f33e3a1d7f2') in 0.005833 seconds 
  Import took 0.008559 seconds .

========================================================================
Received Import Request.
  Time since last request: 0.023835 seconds.
  path: Assets/WM2000/Terminal/InputBuffer.cs
  artifactKey: Guid(8b42c51fc130a1a4ea9fc7bc070080d5) Importer(815301076,1909f56bfc062723c751e8b465ee728b)
Start importing Assets/WM2000/Terminal/InputBuffer.cs using Guid(8b42c51fc130a1a4ea9fc7bc070080d5) Importer(815301076,1909f56bfc062723c751e8b465ee728b)  -> (artifact id: '7223d7b167ffcb3fb2d50f33e3a1d7f2') in 0.002098 seconds 
  Import took 0.005171 seconds .

========================================================================
Received Prepare
Registering precompiled user dll's ...
Registered in 0.003257 seconds.
Begin MonoManager ReloadAssembly
Native extension for WindowsStandalone target not found
Refreshing native plugins compatible for Editor in 0.37 ms, found 3 plugins.
Preloading 0 native plugins for Editor in 0.00 ms.
Mono: successfully reloaded assembly
- Completed reload, in  0.954 seconds
Domain Reload Profiling:
	ReloadAssembly (954ms)
		BeginReloadAssembly (125ms)
			ExecutionOrderSort (0ms)
			DisableScriptedObjects (6ms)
			BackupInstance (0ms)
			ReleaseScriptingObjects (0ms)
			CreateAndSetChildDomain (40ms)
		EndReloadAssembly (769ms)
			LoadAssemblies (83ms)
			RebuildTransferFunctionScriptingTraits (0ms)
			SetupTypeCache (262ms)
			ReleaseScriptCaches (1ms)
			RebuildScriptCaches (43ms)
			SetupLoadedEditorAssemblies (257ms)
				LogAssemblyErrors (0ms)
				InitializePlatformSupportModulesInManaged (5ms)
				SetLoadedEditorAssemblies (0ms)
				RefreshPlugins (0ms)
				BeforeProcessingInitializeOnLoad (57ms)
				ProcessInitializeOnLoadAttributes (182ms)
				ProcessInitializeOnLoadMethodAttributes (5ms)
				AfterProcessingInitializeOnLoad (7ms)
				EditorAssembliesLoaded (0ms)
			ExecutionOrderSort2 (0ms)
			AwakeInstancesAfterBackupRestoration (9ms)
Platform modules already initialized, skipping
Refreshing native plugins compatible for Editor in 0.43 ms, found 3 plugins.
Preloading 0 native plugins for Editor in 0.00 ms.
Unloading 2087 Unused Serialized files (Serialized files now loaded: 0)
System memory in use before: 96.7 MB.
System memory in use after: 96.8 MB.

Unloading 14 unused Assets to reduce memory usage. Loaded Objects now: 2590.
Total: 2.550000 ms (FindLiveObjects: 0.160700 ms CreateObjectMapping: 0.071200 ms MarkObjects: 2.304000 ms  DeleteObjects: 0.012900 ms)

AssetImportParameters requested are different than current active one (requested -> active):
  custom:framework-win-MediaFoundation: 216162199b28c13a410421893ffa2e32 -> 
  custom:video-decoder-ogg-theora: a1e56fd34408186e4bbccfd4996cb3dc -> 
  custom:container-muxer-webm: aa71ff27fc2769a1b78a27578f13a17b -> 
  custom:container-demuxer-webm: 4f35f7cbe854078d1ac9338744f61a02 -> 
  custom:container-demuxer-ogg: 62fdf1f143b41e24485cea50d1cbac27 -> 
  custom:video-encoder-webm-vp8: eb34c28f22e8b96e1ab97ce403110664 -> 
  custom:video-decoder-webm-vp8: 9c59270c3fd7afecdb556c50c9e8de78 -> 
  custom:audio-decoder-ogg-vorbis: bf7c407c2cedff20999df2af8eb42d56 -> 
  custom:audio-encoder-webm-vorbis: bf7c407c2cedff20999df2af8eb42d56 -> 
========================================================================
Received Import Request.
  Time since last request: 3.837994 seconds.
  path: Assets/WM2000/Terminal/PasswordTerminalInputBuffer.cs
  artifactKey: Guid(8b42c51fc130a1a4ea9fc7bc070080d5) Importer(815301076,1909f56bfc062723c751e8b465ee728b)
Start importing Assets/WM2000/Terminal/PasswordTerminalInputBuffer.cs using Guid(8b42c51fc130a1a4ea9fc7bc070080d5) Importer(815301076,1909f56bfc062723c751e8b465ee728b)  -> (artifact id: '12040712019643a88c5e820f52f89811') in 0.007731 seconds 
  Import took 0.010627 seconds .

========================================================================
Received Import Request.
  Time since last request: 0.888848 seconds.
  path: Assets/WM2000/Terminal/PasswordTerminalInputBuffer.cs
  artifactKey: Guid(8b42c51fc130a1a4ea9fc7bc070080d5) Importer(815301076,1909f56bfc062723c751e8b465ee728b)
Start importing Assets/WM2000/Terminal/PasswordTerminalInputBuffer.cs using Guid(8b42c51fc130a1a4ea9fc7bc070080d5) Importer(815301076,1909f56bfc062723c751e8b465ee728b)  -> (artifact id: '12040712019643a88c5e820f52f89811') in 0.001870 seconds 
  Import took 0.004555 seconds .

========================================================================
Received Import Request.
  Time since last request: 2.812865 seconds.
  path: Assets/WM2000/Terminal/Terminal.cs
  artifactKey: Guid(cd2a59f5ce36bce4d9b6c707148530fc) Importer(815301076,1909f56bfc062723c751e8b465ee728b)
Start importing Assets/WM2000/Terminal/Terminal.cs using Guid(cd2a59f5ce36bce4d9b6c707148530fc) Importer(815301076,1909f56bfc062723c751e8b465ee728b)  -> (artifact id: 'b61029b6cbaee7c0916ce841d8346d1a') in 0.004956 seconds 
  Import took 0.008014 seconds .

========================================================================
Received Import Request.
  Time since last request: 0.001080 seconds.
  path: Assets/WM2000/Terminal/Terminal.cs
  artifactKey: Guid(cd2a59f5ce36bce4d9b6c707148530fc) Importer(815301076,1909f56bfc062723c751e8b465ee728b)
Start importing Assets/WM2000/Terminal/Terminal.cs using Guid(cd2a59f5ce36bce4d9b6c707148530fc) Importer(815301076,1909f56bfc062723c751e8b465ee728b)  -> (artifact id: 'b61029b6cbaee7c0916ce841d8346d1a') in 0.002023 seconds 
  Import took 0.004790 seconds .

========================================================================
Received Prepare
Registering precompiled user dll's ...
Registered in 0.005005 seconds.
Begin MonoManager ReloadAssembly
Native extension for WindowsStandalone target not found
Refreshing native plugins compatible for Editor in 0.38 ms, found 3 plugins.
Preloading 0 native plugins for Editor in 0.00 ms.
Mono: successfully reloaded assembly
- Completed reload, in  0.954 seconds
Domain Reload Profiling:
	ReloadAssembly (955ms)
		BeginReloadAssembly (121ms)
			ExecutionOrderSort (0ms)
			DisableScriptedObjects (6ms)
			BackupInstance (0ms)
			ReleaseScriptingObjects (0ms)
			CreateAndSetChildDomain (33ms)
		EndReloadAssembly (771ms)
			LoadAssemblies (90ms)
			RebuildTransferFunctionScriptingTraits (0ms)
			SetupTypeCache (266ms)
			ReleaseScriptCaches (1ms)
			RebuildScriptCaches (40ms)
			SetupLoadedEditorAssemblies (275ms)
				LogAssemblyErrors (0ms)
				InitializePlatformSupportModulesInManaged (5ms)
				SetLoadedEditorAssemblies (1ms)
				RefreshPlugins (0ms)
				BeforeProcessingInitializeOnLoad (63ms)
				ProcessInitializeOnLoadAttributes (194ms)
				ProcessInitializeOnLoadMethodAttributes (5ms)
				AfterProcessingInitializeOnLoad (7ms)
				EditorAssembliesLoaded (0ms)
			ExecutionOrderSort2 (0ms)
			AwakeInstancesAfterBackupRestoration (9ms)
Platform modules already initialized, skipping
Refreshing native plugins compatible for Editor in 0.37 ms, found 3 plugins.
Preloading 0 native plugins for Editor in 0.00 ms.
Unloading 2087 Unused Serialized files (Serialized files now loaded: 0)
System memory in use before: 96.7 MB.
System memory in use after: 96.8 MB.

Unloading 14 unused Assets to reduce memory usage. Loaded Objects now: 2593.
Total: 2.452200 ms (FindLiveObjects: 0.168300 ms CreateObjectMapping: 0.068600 ms MarkObjects: 2.200800 ms  DeleteObjects: 0.014000 ms)

AssetImportParameters requested are different than current active one (requested -> active):
  custom:framework-win-MediaFoundation: 216162199b28c13a410421893ffa2e32 -> 
  custom:video-decoder-ogg-theora: a1e56fd34408186e4bbccfd4996cb3dc -> 
  custom:container-muxer-webm: aa71ff27fc2769a1b78a27578f13a17b -> 
  custom:container-demuxer-webm: 4f35f7cbe854078d1ac9338744f61a02 -> 
  custom:container-demuxer-ogg: 62fdf1f143b41e24485cea50d1cbac27 -> 
  custom:video-encoder-webm-vp8: eb34c28f22e8b96e1ab97ce403110664 -> 
  custom:video-decoder-webm-vp8: 9c59270c3fd7afecdb556c50c9e8de78 -> 
  custom:audio-decoder-ogg-vorbis: bf7c407c2cedff20999df2af8eb42d56 -> 
  custom:audio-encoder-webm-vorbis: bf7c407c2cedff20999df2af8eb42d56 -> 
========================================================================
Received Import Request.
  Time since last request: 3.481652 seconds.
  path: Assets/WM2000/Terminal/PasswordTerminalTerminal.cs
  artifactKey: Guid(cd2a59f5ce36bce4d9b6c707148530fc) Importer(815301076,1909f56bfc062723c751e8b465ee728b)
Start importing Assets/WM2000/Terminal/PasswordTerminalTerminal.cs using Guid(cd2a59f5ce36bce4d9b6c707148530fc) Importer(815301076,1909f56bfc062723c751e8b465ee728b)  -> (artifact id: '509e45aa134e2bdfcf4f76a7a2b82a13') in 0.008103 seconds 
  Import took 0.011064 seconds .

========================================================================
Received Prepare
Registering precompiled user dll's ...
Registered in 0.004949 seconds.
Begin MonoManager ReloadAssembly
Native extension for WindowsStandalone target not found
Refreshing native plugins compatible for Editor in 0.39 ms, found 3 plugins.
Preloading 0 native plugins for Editor in 0.00 ms.
Mono: successfully reloaded assembly
- Completed reload, in  0.998 seconds
Domain Reload Profiling:
	ReloadAssembly (998ms)
		BeginReloadAssembly (141ms)
			ExecutionOrderSort (0ms)
			DisableScriptedObjects (6ms)
			BackupInstance (0ms)
			ReleaseScriptingObjects (0ms)
			CreateAndSetChildDomain (31ms)
		EndReloadAssembly (796ms)
			LoadAssemblies (111ms)
			RebuildTransferFunctionScriptingTraits (0ms)
			SetupTypeCache (272ms)
			ReleaseScriptCaches (1ms)
			RebuildScriptCaches (39ms)
			SetupLoadedEditorAssemblies (283ms)
				LogAssemblyErrors (0ms)
				InitializePlatformSupportModulesInManaged (4ms)
				SetLoadedEditorAssemblies (0ms)
				RefreshPlugins (0ms)
				BeforeProcessingInitializeOnLoad (65ms)
				ProcessInitializeOnLoadAttributes (200ms)
				ProcessInitializeOnLoadMethodAttributes (5ms)
				AfterProcessingInitializeOnLoad (7ms)
				EditorAssembliesLoaded (0ms)
			ExecutionOrderSort2 (0ms)
			AwakeInstancesAfterBackupRestoration (9ms)
Platform modules already initialized, skipping
Refreshing native plugins compatible for Editor in 0.41 ms, found 3 plugins.
Preloading 0 native plugins for Editor in 0.00 ms.
Unloading 2087 Unused Serialized files (Serialized files now loaded: 0)
System memory in use before: 96.7 MB.
System memory in use after: 96.8 MB.

Unloading 14 unused Assets to reduce memory usage. Loaded Objects now: 2596.
Total: 4.177300 ms (FindLiveObjects: 0.195500 ms CreateObjectMapping: 0.067800 ms MarkObjects: 3.888800 ms  DeleteObjects: 0.023600 ms)

AssetImportParameters requested are different than current active one (requested -> active):
  custom:framework-win-MediaFoundation: 216162199b28c13a410421893ffa2e32 -> 
  custom:video-decoder-ogg-theora: a1e56fd34408186e4bbccfd4996cb3dc -> 
  custom:container-muxer-webm: aa71ff27fc2769a1b78a27578f13a17b -> 
  custom:container-demuxer-webm: 4f35f7cbe854078d1ac9338744f61a02 -> 
  custom:container-demuxer-ogg: 62fdf1f143b41e24485cea50d1cbac27 -> 
  custom:video-encoder-webm-vp8: eb34c28f22e8b96e1ab97ce403110664 -> 
  custom:video-decoder-webm-vp8: 9c59270c3fd7afecdb556c50c9e8de78 -> 
  custom:audio-decoder-ogg-vorbis: bf7c407c2cedff20999df2af8eb42d56 -> 
  custom:audio-encoder-webm-vorbis: bf7c407c2cedff20999df2af8eb42d56 -> 
========================================================================
Received Import Request.
  Time since last request: 24.513586 seconds.
  path: Assets/WM2000/Terminal/PasswordTerminalDisplayBuffer.cs
  artifactKey: Guid(25d4a0d8ac771ae4b9b82f2be55a4a4e) Importer(815301076,1909f56bfc062723c751e8b465ee728b)
Start importing Assets/WM2000/Terminal/PasswordTerminalDisplayBuffer.cs using Guid(25d4a0d8ac771ae4b9b82f2be55a4a4e) Importer(815301076,1909f56bfc062723c751e8b465ee728b)  -> (artifact id: '10a70f826328582071e82239400cd8f6') in 0.006749 seconds 
  Import took 0.011778 seconds .

========================================================================
Received Import Request.
  Time since last request: 21.987744 seconds.
  path: Assets/WM2000/Terminal/PasswordTerminalInputBuffer.cs
  artifactKey: Guid(8b42c51fc130a1a4ea9fc7bc070080d5) Importer(815301076,1909f56bfc062723c751e8b465ee728b)
Start importing Assets/WM2000/Terminal/PasswordTerminalInputBuffer.cs using Guid(8b42c51fc130a1a4ea9fc7bc070080d5) Importer(815301076,1909f56bfc062723c751e8b465ee728b)  -> (artifact id: '603bd73d12769eb46d2d3217efe20f6d') in 0.002632 seconds 
  Import took 0.006745 seconds .

========================================================================
Received Import Request.
  Time since last request: 26.503190 seconds.
  path: Assets/WM2000/Terminal/PasswordTerminalTerminal.cs
  artifactKey: Guid(cd2a59f5ce36bce4d9b6c707148530fc) Importer(815301076,1909f56bfc062723c751e8b465ee728b)
Start importing Assets/WM2000/Terminal/PasswordTerminalTerminal.cs using Guid(cd2a59f5ce36bce4d9b6c707148530fc) Importer(815301076,1909f56bfc062723c751e8b465ee728b)  -> (artifact id: 'b05151e2b15bf4997ad7de8e434210eb') in 0.002055 seconds 
  Import took 0.004932 seconds .

========================================================================
Received Import Request.
  Time since last request: 85.015877 seconds.
  path: Assets/WM2000/Display/Display.cs
  artifactKey: Guid(a9b05d2b0c517064e82250bb902b2c64) Importer(815301076,1909f56bfc062723c751e8b465ee728b)
Start importing Assets/WM2000/Display/Display.cs using Guid(a9b05d2b0c517064e82250bb902b2c64) Importer(815301076,1909f56bfc062723c751e8b465ee728b)  -> (artifact id: 'fe11a1b33952ffd5ab99454c59474bfc') in 0.005418 seconds 
  Import took 0.008621 seconds .

========================================================================
Received Import Request.
  Time since last request: 1.592766 seconds.
  path: Assets/WM2000/Display/PasswordTerminalDisplay.cs
  artifactKey: Guid(a9b05d2b0c517064e82250bb902b2c64) Importer(815301076,1909f56bfc062723c751e8b465ee728b)
Start importing Assets/WM2000/Display/PasswordTerminalDisplay.cs using Guid(a9b05d2b0c517064e82250bb902b2c64) Importer(815301076,1909f56bfc062723c751e8b465ee728b)  -> (artifact id: '6b93ca86de852620586eca8ac9b4ea9d') in 0.005482 seconds 
  Import took 0.008554 seconds .

========================================================================
Received Import Request.
  Time since last request: 19.033925 seconds.
  path: Assets/WM2000/Display/PasswordTerminalDisplay.cs
  artifactKey: Guid(a9b05d2b0c517064e82250bb902b2c64) Importer(815301076,1909f56bfc062723c751e8b465ee728b)
Start importing Assets/WM2000/Display/PasswordTerminalDisplay.cs using Guid(a9b05d2b0c517064e82250bb902b2c64) Importer(815301076,1909f56bfc062723c751e8b465ee728b)  -> (artifact id: 'a4351dab2e465b06eae6554fec8dc60f') in 0.002515 seconds 
  Import took 0.007106 seconds .

========================================================================
Received Import Request.
  Time since last request: 5.196326 seconds.
  path: Assets/WM2000/Display/PasswordTerminalOld CRT v.1.11 Screen 1.png
  artifactKey: Guid(1318aedb0b972404d82bb2d3e96448f3) Importer(815301076,1909f56bfc062723c751e8b465ee728b)
Start importing Assets/WM2000/Display/PasswordTerminalOld CRT v.1.11 Screen 1.png using Guid(1318aedb0b972404d82bb2d3e96448f3) Importer(815301076,1909f56bfc062723c751e8b465ee728b)  -> (artifact id: '8d888e9bdceb26629665af51637d8abc') in 0.046245 seconds 
  Import took 0.049306 seconds .

========================================================================
Received Import Request.
  Time since last request: 2.416018 seconds.
  path: Assets/WM2000/Keyboard/Keyboard.cs
  artifactKey: Guid(aa44ad174ff2e7644bc8e25f6d2f3079) Importer(815301076,1909f56bfc062723c751e8b465ee728b)
Start importing Assets/WM2000/Keyboard/Keyboard.cs using Guid(aa44ad174ff2e7644bc8e25f6d2f3079) Importer(815301076,1909f56bfc062723c751e8b465ee728b)  -> (artifact id: '04baebe8633adba11b59b6443babdfef') in 0.004756 seconds 
  Import took 0.007752 seconds .

========================================================================
Received Import Request.
  Time since last request: 0.001159 seconds.
  path: Assets/WM2000/Keyboard/Keyboard.cs
  artifactKey: Guid(aa44ad174ff2e7644bc8e25f6d2f3079) Importer(815301076,1909f56bfc062723c751e8b465ee728b)
Start importing Assets/WM2000/Keyboard/Keyboard.cs using Guid(aa44ad174ff2e7644bc8e25f6d2f3079) Importer(815301076,1909f56bfc062723c751e8b465ee728b)  -> (artifact id: '04baebe8633adba11b59b6443babdfef') in 0.002106 seconds 
  Import took 0.004932 seconds .

========================================================================
Received Import Request.
  Time since last request: 46.898005 seconds.
  path: Assets/WM2000/Keyboard/Keyboard.cs
  artifactKey: Guid(aa44ad174ff2e7644bc8e25f6d2f3079) Importer(815301076,1909f56bfc062723c751e8b465ee728b)
Start importing Assets/WM2000/Keyboard/Keyboard.cs using Guid(aa44ad174ff2e7644bc8e25f6d2f3079) Importer(815301076,1909f56bfc062723c751e8b465ee728b)  -> (artifact id: '89a942f79fcc1864905cfa5d208c4ef7') in 0.005417 seconds 
  Import took 0.012551 seconds .

========================================================================
Received Import Request.
  Time since last request: 2.785059 seconds.
  path: Assets/WM2000/Keyboard/PasswordTerminalKeyboard.cs
  artifactKey: Guid(aa44ad174ff2e7644bc8e25f6d2f3079) Importer(815301076,1909f56bfc062723c751e8b465ee728b)
Start importing Assets/WM2000/Keyboard/PasswordTerminalKeyboard.cs using Guid(aa44ad174ff2e7644bc8e25f6d2f3079) Importer(815301076,1909f56bfc062723c751e8b465ee728b)  -> (artifact id: '20614f4ef0a81da1a72c4b2040833ebf') in 0.005678 seconds 
  Import took 0.009125 seconds .

========================================================================
Received Import Request.
  Time since last request: 0.000190 seconds.
  path: Assets/WM2000/Keyboard/PasswordTerminalKeyboard.cs
  artifactKey: Guid(aa44ad174ff2e7644bc8e25f6d2f3079) Importer(815301076,1909f56bfc062723c751e8b465ee728b)
Start importing Assets/WM2000/Keyboard/PasswordTerminalKeyboard.cs using Guid(aa44ad174ff2e7644bc8e25f6d2f3079) Importer(815301076,1909f56bfc062723c751e8b465ee728b)  -> (artifact id: '20614f4ef0a81da1a72c4b2040833ebf') in 0.002098 seconds 
  Import took 0.004701 seconds .

========================================================================
Received Import Request.
  Time since last request: 15.976866 seconds.
  path: Assets/WM2000/Terminal/PasswordTerminalDisplayBuffer.cs
  artifactKey: Guid(25d4a0d8ac771ae4b9b82f2be55a4a4e) Importer(815301076,1909f56bfc062723c751e8b465ee728b)
Start importing Assets/WM2000/Terminal/PasswordTerminalDisplayBuffer.cs using Guid(25d4a0d8ac771ae4b9b82f2be55a4a4e) Importer(815301076,1909f56bfc062723c751e8b465ee728b)  -> (artifact id: 'f1adb7301a28bcc23e99f4bf436c9851') in 0.003757 seconds 
  Import took 0.007476 seconds .

========================================================================
Received Import Request.
  Time since last request: 20.501908 seconds.
  path: Assets/WM2000/WM2000.prefab
  artifactKey: Guid(c46548f7b668a78409fa399c095e4e6b) Importer(815301076,1909f56bfc062723c751e8b465ee728b)
Start importing Assets/WM2000/WM2000.prefab using Guid(c46548f7b668a78409fa399c095e4e6b) Importer(815301076,1909f56bfc062723c751e8b465ee728b)  -> (artifact id: '0cb707c68e0e6957dc6d5136ab4e5ff0') in 0.018034 seconds 
  Import took 0.020849 seconds .

========================================================================
Received Import Request.
  Time since last request: 2.053809 seconds.
  path: Assets/WM2000/Utility.cs
  artifactKey: Guid(b6fcba769af7266429a1ee5f47246622) Importer(815301076,1909f56bfc062723c751e8b465ee728b)
Start importing Assets/WM2000/Utility.cs using Guid(b6fcba769af7266429a1ee5f47246622) Importer(815301076,1909f56bfc062723c751e8b465ee728b)  -> (artifact id: '8b0a15836fb15e9cf99266c0ac57da61') in 0.005334 seconds 
  Import took 0.008049 seconds .

========================================================================
Received Import Request.
  Time since last request: 0.000958 seconds.
  path: Assets/WM2000/Utility.cs
  artifactKey: Guid(b6fcba769af7266429a1ee5f47246622) Importer(815301076,1909f56bfc062723c751e8b465ee728b)
Start importing Assets/WM2000/Utility.cs using Guid(b6fcba769af7266429a1ee5f47246622) Importer(815301076,1909f56bfc062723c751e8b465ee728b)  -> (artifact id: '8b0a15836fb15e9cf99266c0ac57da61') in 0.001954 seconds 
  Import took 0.004568 seconds .

========================================================================
Received Import Request.
  Time since last request: 1.861805 seconds.
  path: Assets/WM2000/PasswordTerminalUtility.cs
  artifactKey: Guid(b6fcba769af7266429a1ee5f47246622) Importer(815301076,1909f56bfc062723c751e8b465ee728b)
Start importing Assets/WM2000/PasswordTerminalUtility.cs using Guid(b6fcba769af7266429a1ee5f47246622) Importer(815301076,1909f56bfc062723c751e8b465ee728b)  -> (artifact id: '09b8078f111564b3fed7847dad4489e3') in 0.009182 seconds 
  Import took 0.012289 seconds .

========================================================================
Received Import Request.
  Time since last request: 18.935590 seconds.
  path: Assets/WM2000/PasswordTerminalUtility.cs
  artifactKey: Guid(b6fcba769af7266429a1ee5f47246622) Importer(815301076,1909f56bfc062723c751e8b465ee728b)
Start importing Assets/WM2000/PasswordTerminalUtility.cs using Guid(b6fcba769af7266429a1ee5f47246622) Importer(815301076,1909f56bfc062723c751e8b465ee728b)  -> (artifact id: '113c12c01bbee2d3bfbd7d6e2116c37d') in 0.002161 seconds 
  Import took 0.005240 seconds .

========================================================================
Received Import Request.
  Time since last request: 0.591004 seconds.
  path: Assets/WM2000/Terminal
  artifactKey: Guid(df790bb9a1b83a74bb1cac9f72b63eef) Importer(815301076,1909f56bfc062723c751e8b465ee728b)
Start importing Assets/WM2000/Terminal using Guid(df790bb9a1b83a74bb1cac9f72b63eef) Importer(815301076,1909f56bfc062723c751e8b465ee728b)  -> (artifact id: 'cc03aa493e700299f7b3eb95269f5f60') in 0.002192 seconds 
  Import took 0.005242 seconds .

========================================================================
Received Import Request.
  Time since last request: 0.000333 seconds.
  path: Assets/WM2000/Terminal
  artifactKey: Guid(df790bb9a1b83a74bb1cac9f72b63eef) Importer(815301076,1909f56bfc062723c751e8b465ee728b)
Start importing Assets/WM2000/Terminal using Guid(df790bb9a1b83a74bb1cac9f72b63eef) Importer(815301076,1909f56bfc062723c751e8b465ee728b)  -> (artifact id: 'cc03aa493e700299f7b3eb95269f5f60') in 0.002054 seconds 
  Import took 0.004627 seconds .

========================================================================
Received Import Request.
  Time since last request: 1.575762 seconds.
  path: Assets/WM2000/Keyboard
  artifactKey: Guid(9d4b7c3835e0fa7459bb6df2c6f3120e) Importer(815301076,1909f56bfc062723c751e8b465ee728b)
Start importing Assets/WM2000/Keyboard using Guid(9d4b7c3835e0fa7459bb6df2c6f3120e) Importer(815301076,1909f56bfc062723c751e8b465ee728b)  -> (artifact id: '498baa0e34b63baf7141c01273b24ac9') in 0.002282 seconds 
  Import took 0.005087 seconds .

========================================================================
Received Import Request.
  Time since last request: 0.000338 seconds.
  path: Assets/WM2000/Keyboard
  artifactKey: Guid(9d4b7c3835e0fa7459bb6df2c6f3120e) Importer(815301076,1909f56bfc062723c751e8b465ee728b)
Start importing Assets/WM2000/Keyboard using Guid(9d4b7c3835e0fa7459bb6df2c6f3120e) Importer(815301076,1909f56bfc062723c751e8b465ee728b)  -> (artifact id: '498baa0e34b63baf7141c01273b24ac9') in 0.001968 seconds 
  Import took 0.004903 seconds .

========================================================================
Received Import Request.
  Time since last request: 1.122338 seconds.
  path: Assets/WM2000/Display
  artifactKey: Guid(1b67b79891b6940d7b18f2e0591ee80f) Importer(815301076,1909f56bfc062723c751e8b465ee728b)
Start importing Assets/WM2000/Display using Guid(1b67b79891b6940d7b18f2e0591ee80f) Importer(815301076,1909f56bfc062723c751e8b465ee728b)  -> (artifact id: 'af0a43b55732e75722d42e91faf3021d') in 0.002220 seconds 
  Import took 0.005207 seconds .

========================================================================
Received Import Request.
  Time since last request: 0.000654 seconds.
  path: Assets/WM2000/Display
  artifactKey: Guid(1b67b79891b6940d7b18f2e0591ee80f) Importer(815301076,1909f56bfc062723c751e8b465ee728b)
Start importing Assets/WM2000/Display using Guid(1b67b79891b6940d7b18f2e0591ee80f) Importer(815301076,1909f56bfc062723c751e8b465ee728b)  -> (artifact id: 'af0a43b55732e75722d42e91faf3021d') in 0.002783 seconds 
  Import took 0.006442 seconds .

========================================================================
Received Import Request.
  Time since last request: 5.209303 seconds.
  path: Assets/GameData.cs
  artifactKey: Guid(7c84d05505707cf498881fe85798710c) Importer(815301076,1909f56bfc062723c751e8b465ee728b)
Start importing Assets/GameData.cs using Guid(7c84d05505707cf498881fe85798710c) Importer(815301076,1909f56bfc062723c751e8b465ee728b)  -> (artifact id: 'a9a1ac50e8ce24a7b095cecd0046e5c0') in 0.005058 seconds 
  Import took 0.007844 seconds .

========================================================================
Received Import Request.
  Time since last request: 2.134313 seconds.
  path: Assets/PasswordTerminalGameData.cs
  artifactKey: Guid(7c84d05505707cf498881fe85798710c) Importer(815301076,1909f56bfc062723c751e8b465ee728b)
Start importing Assets/PasswordTerminalGameData.cs using Guid(7c84d05505707cf498881fe85798710c) Importer(815301076,1909f56bfc062723c751e8b465ee728b)  -> (artifact id: '4b540d18226e02e83341372c79ad2faf') in 0.005666 seconds 
  Import took 0.008397 seconds .

========================================================================
Received Prepare
Registering precompiled user dll's ...
Registered in 0.005124 seconds.
Begin MonoManager ReloadAssembly
Native extension for WindowsStandalone target not found
Refreshing native plugins compatible for Editor in 0.37 ms, found 3 plugins.
Preloading 0 native plugins for Editor in 0.00 ms.
Mono: successfully reloaded assembly
- Completed reload, in  0.950 seconds
Domain Reload Profiling:
	ReloadAssembly (950ms)
		BeginReloadAssembly (121ms)
			ExecutionOrderSort (0ms)
			DisableScriptedObjects (8ms)
			BackupInstance (0ms)
			ReleaseScriptingObjects (0ms)
			CreateAndSetChildDomain (34ms)
		EndReloadAssembly (767ms)
			LoadAssemblies (95ms)
			RebuildTransferFunctionScriptingTraits (0ms)
			SetupTypeCache (286ms)
			ReleaseScriptCaches (1ms)
			RebuildScriptCaches (39ms)
			SetupLoadedEditorAssemblies (256ms)
				LogAssemblyErrors (0ms)
				InitializePlatformSupportModulesInManaged (4ms)
				SetLoadedEditorAssemblies (0ms)
				RefreshPlugins (0ms)
				BeforeProcessingInitializeOnLoad (57ms)
				ProcessInitializeOnLoadAttributes (182ms)
				ProcessInitializeOnLoadMethodAttributes (5ms)
				AfterProcessingInitializeOnLoad (7ms)
				EditorAssembliesLoaded (0ms)
			ExecutionOrderSort2 (0ms)
			AwakeInstancesAfterBackupRestoration (9ms)
Platform modules already initialized, skipping
Refreshing native plugins compatible for Editor in 0.37 ms, found 3 plugins.
Preloading 0 native plugins for Editor in 0.00 ms.
Unloading 2087 Unused Serialized files (Serialized files now loaded: 0)
System memory in use before: 96.8 MB.
System memory in use after: 96.9 MB.

Unloading 14 unused Assets to reduce memory usage. Loaded Objects now: 2600.
Total: 2.476800 ms (FindLiveObjects: 0.165100 ms CreateObjectMapping: 0.073500 ms MarkObjects: 2.224000 ms  DeleteObjects: 0.013400 ms)

AssetImportParameters requested are different than current active one (requested -> active):
  custom:framework-win-MediaFoundation: 216162199b28c13a410421893ffa2e32 -> 
  custom:video-decoder-ogg-theora: a1e56fd34408186e4bbccfd4996cb3dc -> 
  custom:container-muxer-webm: aa71ff27fc2769a1b78a27578f13a17b -> 
  custom:container-demuxer-webm: 4f35f7cbe854078d1ac9338744f61a02 -> 
  custom:container-demuxer-ogg: 62fdf1f143b41e24485cea50d1cbac27 -> 
  custom:video-encoder-webm-vp8: eb34c28f22e8b96e1ab97ce403110664 -> 
  custom:video-decoder-webm-vp8: 9c59270c3fd7afecdb556c50c9e8de78 -> 
  custom:audio-decoder-ogg-vorbis: bf7c407c2cedff20999df2af8eb42d56 -> 
  custom:audio-encoder-webm-vorbis: bf7c407c2cedff20999df2af8eb42d56 -> 
========================================================================
Received Prepare
Registering precompiled user dll's ...
Registered in 0.005835 seconds.
Begin MonoManager ReloadAssembly
Native extension for WindowsStandalone target not found
Refreshing native plugins compatible for Editor in 0.39 ms, found 3 plugins.
Preloading 0 native plugins for Editor in 0.00 ms.
Mono: successfully reloaded assembly
- Completed reload, in  0.968 seconds
Domain Reload Profiling:
	ReloadAssembly (969ms)
		BeginReloadAssembly (98ms)
			ExecutionOrderSort (0ms)
			DisableScriptedObjects (6ms)
			BackupInstance (0ms)
			ReleaseScriptingObjects (0ms)
			CreateAndSetChildDomain (28ms)
		EndReloadAssembly (798ms)
			LoadAssemblies (90ms)
			RebuildTransferFunctionScriptingTraits (0ms)
			SetupTypeCache (276ms)
			ReleaseScriptCaches (1ms)
			RebuildScriptCaches (42ms)
			SetupLoadedEditorAssemblies (284ms)
				LogAssemblyErrors (0ms)
				InitializePlatformSupportModulesInManaged (4ms)
				SetLoadedEditorAssemblies (1ms)
				RefreshPlugins (0ms)
				BeforeProcessingInitializeOnLoad (63ms)
				ProcessInitializeOnLoadAttributes (204ms)
				ProcessInitializeOnLoadMethodAttributes (5ms)
				AfterProcessingInitializeOnLoad (7ms)
				EditorAssembliesLoaded (0ms)
			ExecutionOrderSort2 (0ms)
			AwakeInstancesAfterBackupRestoration (9ms)
Platform modules already initialized, skipping
Refreshing native plugins compatible for Editor in 0.39 ms, found 3 plugins.
Preloading 0 native plugins for Editor in 0.00 ms.
Unloading 2087 Unused Serialized files (Serialized files now loaded: 0)
System memory in use before: 96.8 MB.
System memory in use after: 96.9 MB.

Unloading 14 unused Assets to reduce memory usage. Loaded Objects now: 2603.
Total: 2.443900 ms (FindLiveObjects: 0.176200 ms CreateObjectMapping: 0.076600 ms MarkObjects: 2.177100 ms  DeleteObjects: 0.013200 ms)

AssetImportParameters requested are different than current active one (requested -> active):
  custom:framework-win-MediaFoundation: 216162199b28c13a410421893ffa2e32 -> 
  custom:video-decoder-ogg-theora: a1e56fd34408186e4bbccfd4996cb3dc -> 
  custom:container-muxer-webm: aa71ff27fc2769a1b78a27578f13a17b -> 
  custom:container-demuxer-webm: 4f35f7cbe854078d1ac9338744f61a02 -> 
  custom:container-demuxer-ogg: 62fdf1f143b41e24485cea50d1cbac27 -> 
  custom:video-encoder-webm-vp8: eb34c28f22e8b96e1ab97ce403110664 -> 
  custom:video-decoder-webm-vp8: 9c59270c3fd7afecdb556c50c9e8de78 -> 
  custom:audio-decoder-ogg-vorbis: bf7c407c2cedff20999df2af8eb42d56 -> 
  custom:audio-encoder-webm-vorbis: bf7c407c2cedff20999df2af8eb42d56 -> 
========================================================================
Received Prepare
Registering precompiled user dll's ...
Registered in 0.003458 seconds.
Begin MonoManager ReloadAssembly
Native extension for WindowsStandalone target not found
Refreshing native plugins compatible for Editor in 0.50 ms, found 3 plugins.
Preloading 0 native plugins for Editor in 0.00 ms.
Mono: successfully reloaded assembly
- Completed reload, in  1.009 seconds
Domain Reload Profiling:
	ReloadAssembly (1010ms)
		BeginReloadAssembly (131ms)
			ExecutionOrderSort (0ms)
			DisableScriptedObjects (6ms)
			BackupInstance (0ms)
			ReleaseScriptingObjects (0ms)
			CreateAndSetChildDomain (33ms)
		EndReloadAssembly (815ms)
			LoadAssemblies (101ms)
			RebuildTransferFunctionScriptingTraits (0ms)
			SetupTypeCache (295ms)
			ReleaseScriptCaches (1ms)
			RebuildScriptCaches (37ms)
			SetupLoadedEditorAssemblies (262ms)
				LogAssemblyErrors (0ms)
				InitializePlatformSupportModulesInManaged (4ms)
				SetLoadedEditorAssemblies (0ms)
				RefreshPlugins (1ms)
				BeforeProcessingInitializeOnLoad (58ms)
				ProcessInitializeOnLoadAttributes (186ms)
				ProcessInitializeOnLoadMethodAttributes (5ms)
				AfterProcessingInitializeOnLoad (7ms)
				EditorAssembliesLoaded (0ms)
			ExecutionOrderSort2 (0ms)
			AwakeInstancesAfterBackupRestoration (10ms)
Platform modules already initialized, skipping
Refreshing native plugins compatible for Editor in 0.36 ms, found 3 plugins.
Preloading 0 native plugins for Editor in 0.00 ms.
Unloading 2087 Unused Serialized files (Serialized files now loaded: 0)
System memory in use before: 96.8 MB.
System memory in use after: 96.9 MB.

Unloading 14 unused Assets to reduce memory usage. Loaded Objects now: 2606.
Total: 2.516400 ms (FindLiveObjects: 0.213300 ms CreateObjectMapping: 0.082900 ms MarkObjects: 2.205200 ms  DeleteObjects: 0.014000 ms)

AssetImportParameters requested are different than current active one (requested -> active):
  custom:framework-win-MediaFoundation: 216162199b28c13a410421893ffa2e32 -> 
  custom:video-decoder-ogg-theora: a1e56fd34408186e4bbccfd4996cb3dc -> 
  custom:container-muxer-webm: aa71ff27fc2769a1b78a27578f13a17b -> 
  custom:container-demuxer-webm: 4f35f7cbe854078d1ac9338744f61a02 -> 
  custom:container-demuxer-ogg: 62fdf1f143b41e24485cea50d1cbac27 -> 
  custom:video-encoder-webm-vp8: eb34c28f22e8b96e1ab97ce403110664 -> 
  custom:video-decoder-webm-vp8: 9c59270c3fd7afecdb556c50c9e8de78 -> 
  custom:audio-decoder-ogg-vorbis: bf7c407c2cedff20999df2af8eb42d56 -> 
  custom:audio-encoder-webm-vorbis: bf7c407c2cedff20999df2af8eb42d56 -> 
========================================================================
Received Import Request.
  Time since last request: 354.687158 seconds.
  path: Assets/PasswordTerminalGameData.cs
  artifactKey: Guid(7c84d05505707cf498881fe85798710c) Importer(815301076,1909f56bfc062723c751e8b465ee728b)
Start importing Assets/PasswordTerminalGameData.cs using Guid(7c84d05505707cf498881fe85798710c) Importer(815301076,1909f56bfc062723c751e8b465ee728b)  -> (artifact id: '9fa58065baf43c47a069a75e5570ef01') in 0.004348 seconds 
  Import took 0.007097 seconds .

========================================================================
Received Import Request.
  Time since last request: 0.001427 seconds.
  path: Assets/PasswordTerminalGameData.cs
  artifactKey: Guid(7c84d05505707cf498881fe85798710c) Importer(815301076,1909f56bfc062723c751e8b465ee728b)
Start importing Assets/PasswordTerminalGameData.cs using Guid(7c84d05505707cf498881fe85798710c) Importer(815301076,1909f56bfc062723c751e8b465ee728b)  -> (artifact id: '9fa58065baf43c47a069a75e5570ef01') in 0.001890 seconds 
  Import took 0.004476 seconds .

========================================================================
Received Prepare
Registering precompiled user dll's ...
Registered in 0.003667 seconds.
Begin MonoManager ReloadAssembly
Native extension for WindowsStandalone target not found
Refreshing native plugins compatible for Editor in 0.40 ms, found 3 plugins.
Preloading 0 native plugins for Editor in 0.00 ms.
Mono: successfully reloaded assembly
- Completed reload, in  0.916 seconds
Domain Reload Profiling:
	ReloadAssembly (916ms)
		BeginReloadAssembly (113ms)
			ExecutionOrderSort (0ms)
			DisableScriptedObjects (6ms)
			BackupInstance (0ms)
			ReleaseScriptingObjects (0ms)
			CreateAndSetChildDomain (28ms)
		EndReloadAssembly (731ms)
			LoadAssemblies (89ms)
			RebuildTransferFunctionScriptingTraits (0ms)
			SetupTypeCache (245ms)
			ReleaseScriptCaches (1ms)
			RebuildScriptCaches (37ms)
			SetupLoadedEditorAssemblies (265ms)
				LogAssemblyErrors (0ms)
				InitializePlatformSupportModulesInManaged (5ms)
				SetLoadedEditorAssemblies (0ms)
				RefreshPlugins (0ms)
				BeforeProcessingInitializeOnLoad (56ms)
				ProcessInitializeOnLoadAttributes (191ms)
				ProcessInitializeOnLoadMethodAttributes (5ms)
				AfterProcessingInitializeOnLoad (7ms)
				EditorAssembliesLoaded (0ms)
			ExecutionOrderSort2 (0ms)
			AwakeInstancesAfterBackupRestoration (9ms)
Platform modules already initialized, skipping
Refreshing native plugins compatible for Editor in 0.37 ms, found 3 plugins.
Preloading 0 native plugins for Editor in 0.00 ms.
Unloading 2087 Unused Serialized files (Serialized files now loaded: 0)
System memory in use before: 96.8 MB.
System memory in use after: 96.9 MB.

Unloading 14 unused Assets to reduce memory usage. Loaded Objects now: 2609.
Total: 2.419200 ms (FindLiveObjects: 0.161300 ms CreateObjectMapping: 0.070200 ms MarkObjects: 2.172400 ms  DeleteObjects: 0.014600 ms)

AssetImportParameters requested are different than current active one (requested -> active):
  custom:framework-win-MediaFoundation: 216162199b28c13a410421893ffa2e32 -> 
  custom:video-decoder-ogg-theora: a1e56fd34408186e4bbccfd4996cb3dc -> 
  custom:container-muxer-webm: aa71ff27fc2769a1b78a27578f13a17b -> 
  custom:container-demuxer-webm: 4f35f7cbe854078d1ac9338744f61a02 -> 
  custom:container-demuxer-ogg: 62fdf1f143b41e24485cea50d1cbac27 -> 
  custom:video-encoder-webm-vp8: eb34c28f22e8b96e1ab97ce403110664 -> 
  custom:video-decoder-webm-vp8: 9c59270c3fd7afecdb556c50c9e8de78 -> 
  custom:audio-decoder-ogg-vorbis: bf7c407c2cedff20999df2af8eb42d56 -> 
  custom:audio-encoder-webm-vorbis: bf7c407c2cedff20999df2af8eb42d56 -> 
========================================================================
Received Import Request.
  Time since last request: 172.300473 seconds.
  path: Assets/PasswordTerminalGameData.cs
  artifactKey: Guid(7c84d05505707cf498881fe85798710c) Importer(815301076,1909f56bfc062723c751e8b465ee728b)
Start importing Assets/PasswordTerminalGameData.cs using Guid(7c84d05505707cf498881fe85798710c) Importer(815301076,1909f56bfc062723c751e8b465ee728b)  -> (artifact id: '9d48141132d1b90bbbac74702cee681b') in 0.004367 seconds 
  Import took 0.007096 seconds .

========================================================================
Received Import Request.
  Time since last request: 0.004408 seconds.
  path: Assets/PasswordTerminalGameData.cs
  artifactKey: Guid(7c84d05505707cf498881fe85798710c) Importer(815301076,1909f56bfc062723c751e8b465ee728b)
Start importing Assets/PasswordTerminalGameData.cs using Guid(7c84d05505707cf498881fe85798710c) Importer(815301076,1909f56bfc062723c751e8b465ee728b)  -> (artifact id: '9d48141132d1b90bbbac74702cee681b') in 0.001963 seconds 
  Import took 0.004551 seconds .

========================================================================
Received Prepare
Registering precompiled user dll's ...
Registered in 0.005578 seconds.
Begin MonoManager ReloadAssembly
Native extension for WindowsStandalone target not found
Refreshing native plugins compatible for Editor in 0.41 ms, found 3 plugins.
Preloading 0 native plugins for Editor in 0.00 ms.
Mono: successfully reloaded assembly
- Completed reload, in  1.007 seconds
Domain Reload Profiling:
	ReloadAssembly (1007ms)
		BeginReloadAssembly (112ms)
			ExecutionOrderSort (0ms)
			DisableScriptedObjects (6ms)
			BackupInstance (0ms)
			ReleaseScriptingObjects (0ms)
			CreateAndSetChildDomain (28ms)
		EndReloadAssembly (830ms)
			LoadAssemblies (91ms)
			RebuildTransferFunctionScriptingTraits (0ms)
			SetupTypeCache (307ms)
			ReleaseScriptCaches (1ms)
			RebuildScriptCaches (55ms)
			SetupLoadedEditorAssemblies (280ms)
				LogAssemblyErrors (0ms)
				InitializePlatformSupportModulesInManaged (5ms)
				SetLoadedEditorAssemblies (0ms)
				RefreshPlugins (0ms)
				BeforeProcessingInitializeOnLoad (59ms)
				ProcessInitializeOnLoadAttributes (201ms)
				ProcessInitializeOnLoadMethodAttributes (6ms)
				AfterProcessingInitializeOnLoad (8ms)
				EditorAssembliesLoaded (0ms)
			ExecutionOrderSort2 (0ms)
			AwakeInstancesAfterBackupRestoration (10ms)
Platform modules already initialized, skipping
Refreshing native plugins compatible for Editor in 0.37 ms, found 3 plugins.
Preloading 0 native plugins for Editor in 0.00 ms.
Unloading 2087 Unused Serialized files (Serialized files now loaded: 0)
System memory in use before: 96.8 MB.
System memory in use after: 96.9 MB.

Unloading 14 unused Assets to reduce memory usage. Loaded Objects now: 2612.
Total: 2.453600 ms (FindLiveObjects: 0.161800 ms CreateObjectMapping: 0.066800 ms MarkObjects: 2.209700 ms  DeleteObjects: 0.014600 ms)

AssetImportParameters requested are different than current active one (requested -> active):
  custom:framework-win-MediaFoundation: 216162199b28c13a410421893ffa2e32 -> 
  custom:video-decoder-ogg-theora: a1e56fd34408186e4bbccfd4996cb3dc -> 
  custom:container-muxer-webm: aa71ff27fc2769a1b78a27578f13a17b -> 
  custom:container-demuxer-webm: 4f35f7cbe854078d1ac9338744f61a02 -> 
  custom:container-demuxer-ogg: 62fdf1f143b41e24485cea50d1cbac27 -> 
  custom:video-encoder-webm-vp8: eb34c28f22e8b96e1ab97ce403110664 -> 
  custom:video-decoder-webm-vp8: 9c59270c3fd7afecdb556c50c9e8de78 -> 
  custom:audio-decoder-ogg-vorbis: bf7c407c2cedff20999df2af8eb42d56 -> 
  custom:audio-encoder-webm-vorbis: bf7c407c2cedff20999df2af8eb42d56 -> 
========================================================================
Received Import Request.
  Time since last request: 263.556852 seconds.
  path: Assets/PasswordTerminalGameData.cs
  artifactKey: Guid(7c84d05505707cf498881fe85798710c) Importer(815301076,1909f56bfc062723c751e8b465ee728b)
Start importing Assets/PasswordTerminalGameData.cs using Guid(7c84d05505707cf498881fe85798710c) Importer(815301076,1909f56bfc062723c751e8b465ee728b)  -> (artifact id: 'a432c65f71dcad01dbf41edeb37a1288') in 0.004700 seconds 
  Import took 0.007715 seconds .

========================================================================
Received Import Request.
  Time since last request: 0.003758 seconds.
  path: Assets/PasswordTerminalGameData.cs
  artifactKey: Guid(7c84d05505707cf498881fe85798710c) Importer(815301076,1909f56bfc062723c751e8b465ee728b)
Start importing Assets/PasswordTerminalGameData.cs using Guid(7c84d05505707cf498881fe85798710c) Importer(815301076,1909f56bfc062723c751e8b465ee728b)  -> (artifact id: 'a432c65f71dcad01dbf41edeb37a1288') in 0.001990 seconds 
  Import took 0.004578 seconds .

========================================================================
Received Prepare
Registering precompiled user dll's ...
Registered in 0.003262 seconds.
Begin MonoManager ReloadAssembly
Native extension for WindowsStandalone target not found
Refreshing native plugins compatible for Editor in 0.40 ms, found 3 plugins.
Preloading 0 native plugins for Editor in 0.00 ms.
Mono: successfully reloaded assembly
- Completed reload, in  0.961 seconds
Domain Reload Profiling:
	ReloadAssembly (961ms)
		BeginReloadAssembly (101ms)
			ExecutionOrderSort (0ms)
			DisableScriptedObjects (6ms)
			BackupInstance (0ms)
			ReleaseScriptingObjects (0ms)
			CreateAndSetChildDomain (27ms)
		EndReloadAssembly (792ms)
			LoadAssemblies (86ms)
			RebuildTransferFunctionScriptingTraits (0ms)
			SetupTypeCache (295ms)
			ReleaseScriptCaches (1ms)
			RebuildScriptCaches (42ms)
			SetupLoadedEditorAssemblies (271ms)
				LogAssemblyErrors (0ms)
				InitializePlatformSupportModulesInManaged (5ms)
				SetLoadedEditorAssemblies (0ms)
				RefreshPlugins (0ms)
				BeforeProcessingInitializeOnLoad (60ms)
				ProcessInitializeOnLoadAttributes (193ms)
				ProcessInitializeOnLoadMethodAttributes (5ms)
				AfterProcessingInitializeOnLoad (7ms)
				EditorAssembliesLoaded (0ms)
			ExecutionOrderSort2 (0ms)
			AwakeInstancesAfterBackupRestoration (9ms)
Platform modules already initialized, skipping
Refreshing native plugins compatible for Editor in 0.36 ms, found 3 plugins.
Preloading 0 native plugins for Editor in 0.00 ms.
Unloading 2087 Unused Serialized files (Serialized files now loaded: 0)
System memory in use before: 96.8 MB.
System memory in use after: 96.9 MB.

Unloading 14 unused Assets to reduce memory usage. Loaded Objects now: 2615.
Total: 2.393200 ms (FindLiveObjects: 0.155800 ms CreateObjectMapping: 0.069300 ms MarkObjects: 2.154700 ms  DeleteObjects: 0.012800 ms)

AssetImportParameters requested are different than current active one (requested -> active):
  custom:framework-win-MediaFoundation: 216162199b28c13a410421893ffa2e32 -> 
  custom:video-decoder-ogg-theora: a1e56fd34408186e4bbccfd4996cb3dc -> 
  custom:container-muxer-webm: aa71ff27fc2769a1b78a27578f13a17b -> 
  custom:container-demuxer-webm: 4f35f7cbe854078d1ac9338744f61a02 -> 
  custom:container-demuxer-ogg: 62fdf1f143b41e24485cea50d1cbac27 -> 
  custom:video-encoder-webm-vp8: eb34c28f22e8b96e1ab97ce403110664 -> 
  custom:video-decoder-webm-vp8: 9c59270c3fd7afecdb556c50c9e8de78 -> 
  custom:audio-decoder-ogg-vorbis: bf7c407c2cedff20999df2af8eb42d56 -> 
  custom:audio-encoder-webm-vorbis: bf7c407c2cedff20999df2af8eb42d56 -> 
========================================================================
Received Import Request.
  Time since last request: 56.280336 seconds.
  path: Assets/PasswordTerminalGameData.cs
  artifactKey: Guid(7c84d05505707cf498881fe85798710c) Importer(815301076,1909f56bfc062723c751e8b465ee728b)
Start importing Assets/PasswordTerminalGameData.cs using Guid(7c84d05505707cf498881fe85798710c) Importer(815301076,1909f56bfc062723c751e8b465ee728b)  -> (artifact id: '2119b6b8b312cdf7d7e70f6b01480e87') in 0.004199 seconds 
  Import took 0.007208 seconds .

========================================================================
Received Import Request.
  Time since last request: 0.004279 seconds.
  path: Assets/PasswordTerminalGameData.cs
  artifactKey: Guid(7c84d05505707cf498881fe85798710c) Importer(815301076,1909f56bfc062723c751e8b465ee728b)
Start importing Assets/PasswordTerminalGameData.cs using Guid(7c84d05505707cf498881fe85798710c) Importer(815301076,1909f56bfc062723c751e8b465ee728b)  -> (artifact id: '2119b6b8b312cdf7d7e70f6b01480e87') in 0.001898 seconds 
  Import took 0.004710 seconds .

========================================================================
Received Prepare
Registering precompiled user dll's ...
Registered in 0.003400 seconds.
Begin MonoManager ReloadAssembly
Native extension for WindowsStandalone target not found
Refreshing native plugins compatible for Editor in 0.37 ms, found 3 plugins.
Preloading 0 native plugins for Editor in 0.00 ms.
Mono: successfully reloaded assembly
- Completed reload, in  0.935 seconds
Domain Reload Profiling:
	ReloadAssembly (935ms)
		BeginReloadAssembly (99ms)
			ExecutionOrderSort (0ms)
			DisableScriptedObjects (6ms)
			BackupInstance (0ms)
			ReleaseScriptingObjects (0ms)
			CreateAndSetChildDomain (27ms)
		EndReloadAssembly (773ms)
			LoadAssemblies (82ms)
			RebuildTransferFunctionScriptingTraits (0ms)
			SetupTypeCache (257ms)
			ReleaseScriptCaches (1ms)
			RebuildScriptCaches (38ms)
			SetupLoadedEditorAssemblies (281ms)
				LogAssemblyErrors (0ms)
				InitializePlatformSupportModulesInManaged (4ms)
				SetLoadedEditorAssemblies (0ms)
				RefreshPlugins (0ms)
				BeforeProcessingInitializeOnLoad (61ms)
				ProcessInitializeOnLoadAttributes (202ms)
				ProcessInitializeOnLoadMethodAttributes (5ms)
				AfterProcessingInitializeOnLoad (7ms)
				EditorAssembliesLoaded (0ms)
			ExecutionOrderSort2 (0ms)
			AwakeInstancesAfterBackupRestoration (9ms)
Platform modules already initialized, skipping
Refreshing native plugins compatible for Editor in 0.37 ms, found 3 plugins.
Preloading 0 native plugins for Editor in 0.00 ms.
Unloading 2087 Unused Serialized files (Serialized files now loaded: 0)
System memory in use before: 96.8 MB.
System memory in use after: 96.9 MB.

Unloading 14 unused Assets to reduce memory usage. Loaded Objects now: 2618.
Total: 2.430800 ms (FindLiveObjects: 0.161400 ms CreateObjectMapping: 0.069400 ms MarkObjects: 2.185200 ms  DeleteObjects: 0.014000 ms)

AssetImportParameters requested are different than current active one (requested -> active):
  custom:framework-win-MediaFoundation: 216162199b28c13a410421893ffa2e32 -> 
  custom:video-decoder-ogg-theora: a1e56fd34408186e4bbccfd4996cb3dc -> 
  custom:container-muxer-webm: aa71ff27fc2769a1b78a27578f13a17b -> 
  custom:container-demuxer-webm: 4f35f7cbe854078d1ac9338744f61a02 -> 
  custom:container-demuxer-ogg: 62fdf1f143b41e24485cea50d1cbac27 -> 
  custom:video-encoder-webm-vp8: eb34c28f22e8b96e1ab97ce403110664 -> 
  custom:video-decoder-webm-vp8: 9c59270c3fd7afecdb556c50c9e8de78 -> 
  custom:audio-decoder-ogg-vorbis: bf7c407c2cedff20999df2af8eb42d56 -> 
  custom:audio-encoder-webm-vorbis: bf7c407c2cedff20999df2af8eb42d56 -> 
AssetImportWorkerClient::OnTransportError - code=2 error=End of file
