Using pre-set license
Built from '2020.3/staging' branch; Version is '2020.3.18f1 (a7d1c678663c) revision 10998214'; Using compiler version '192528614'; Build Type 'Release'
OS: 'Windows 10 Home; OS build 19042.1288; Version 2009; 64bit' Language: 'en' Physical Memory: 16322 MB
BatchMode: 1, IsHumanControllingUs: 0, StartBugReporterOnCrash: 0, Is64bit: 1, IsPro: 0

COMMAND LINE ARGUMENTS:
C:\Program Files\Unity\Hub\Editor\2020.3.18f1\Editor\Unity.exe
-adb2
-batchMode
-noUpm
-name
AssetImportWorker0
-projectPath
C:/Users/Joseph/Desktop/f/_f21/CMPT475 - CS Capping/SENDHELP/Frogger
-logFile
Logs/AssetImportWorker0.log
-srvPort
54447
Successfully changed project path to: C:/Users/Joseph/Desktop/f/_f21/CMPT475 - CS Capping/SENDHELP/Frogger
C:/Users/Joseph/Desktop/f/_f21/CMPT475 - CS Capping/SENDHELP/Frogger
Using Asset Import Pipeline V2.
Refreshing native plugins compatible for Editor in 41.72 ms, found 3 plugins.
Preloading 0 native plugins for Editor in 0.00 ms.
Initialize engine version: 2020.3.18f1 (a7d1c678663c)
[Subsystems] Discovering subsystems at path C:/Program Files/Unity/Hub/Editor/2020.3.18f1/Editor/Data/Resources/UnitySubsystems
[Subsystems] Discovering subsystems at path C:/Users/Joseph/Desktop/f/_f21/CMPT475 - CS Capping/SENDHELP/Frogger/Assets
GfxDevice: creating device client; threaded=0
Direct3D:
    Version:  Direct3D 11.0 [level 11.1]
    Renderer: NVIDIA GeForce RTX 2060 (ID=0x1f08)
    Vendor:   
    VRAM:     5980 MB
    Driver:   30.0.14.9649
Initialize mono
Mono path[0] = 'C:/Program Files/Unity/Hub/Editor/2020.3.18f1/Editor/Data/Managed'
Mono path[1] = 'C:/Program Files/Unity/Hub/Editor/2020.3.18f1/Editor/Data/MonoBleedingEdge/lib/mono/unityjit'
Mono config path = 'C:/Program Files/Unity/Hub/Editor/2020.3.18f1/Editor/Data/MonoBleedingEdge/etc'
Using monoOptions --debugger-agent=transport=dt_socket,embedding=1,server=y,suspend=n,address=127.0.0.1:56268
Begin MonoManager ReloadAssembly
Registering precompiled unity dll's ...
Register platform support module: C:/Program Files/Unity/Hub/Editor/2020.3.18f1/Editor/Data/PlaybackEngines/WindowsStandaloneSupport/UnityEditor.WindowsStandalone.Extensions.dll
Registered in 0.002123 seconds.
Native extension for WindowsStandalone target not found
Refreshing native plugins compatible for Editor in 38.12 ms, found 3 plugins.
Preloading 0 native plugins for Editor in 0.00 ms.
Mono: successfully reloaded assembly
- Completed reload, in  1.063 seconds
Domain Reload Profiling:
	ReloadAssembly (1063ms)
		BeginReloadAssembly (54ms)
			ExecutionOrderSort (0ms)
			DisableScriptedObjects (0ms)
			BackupInstance (0ms)
			ReleaseScriptingObjects (0ms)
			CreateAndSetChildDomain (1ms)
		EndReloadAssembly (399ms)
			LoadAssemblies (51ms)
			RebuildTransferFunctionScriptingTraits (0ms)
			SetupTypeCache (150ms)
			ReleaseScriptCaches (0ms)
			RebuildScriptCaches (28ms)
			SetupLoadedEditorAssemblies (149ms)
				LogAssemblyErrors (0ms)
				InitializePlatformSupportModulesInManaged (3ms)
				SetLoadedEditorAssemblies (0ms)
				RefreshPlugins (38ms)
				BeforeProcessingInitializeOnLoad (9ms)
				ProcessInitializeOnLoadAttributes (72ms)
				ProcessInitializeOnLoadMethodAttributes (26ms)
				AfterProcessingInitializeOnLoad (0ms)
				EditorAssembliesLoaded (0ms)
			ExecutionOrderSort2 (0ms)
			AwakeInstancesAfterBackupRestoration (0ms)
Platform modules already initialized, skipping
Registering precompiled user dll's ...
Registered in 0.003529 seconds.
Begin MonoManager ReloadAssembly
Native extension for WindowsStandalone target not found
Refreshing native plugins compatible for Editor in 39.27 ms, found 3 plugins.
Preloading 0 native plugins for Editor in 0.00 ms.
Mono: successfully reloaded assembly
- Completed reload, in  1.063 seconds
Domain Reload Profiling:
	ReloadAssembly (1064ms)
		BeginReloadAssembly (152ms)
			ExecutionOrderSort (0ms)
			DisableScriptedObjects (4ms)
			BackupInstance (0ms)
			ReleaseScriptingObjects (0ms)
			CreateAndSetChildDomain (17ms)
		EndReloadAssembly (851ms)
			LoadAssemblies (94ms)
			RebuildTransferFunctionScriptingTraits (0ms)
			SetupTypeCache (274ms)
			ReleaseScriptCaches (0ms)
			RebuildScriptCaches (48ms)
			SetupLoadedEditorAssemblies (311ms)
				LogAssemblyErrors (0ms)
				InitializePlatformSupportModulesInManaged (4ms)
				SetLoadedEditorAssemblies (0ms)
				RefreshPlugins (39ms)
				BeforeProcessingInitializeOnLoad (64ms)
				ProcessInitializeOnLoadAttributes (185ms)
				ProcessInitializeOnLoadMethodAttributes (11ms)
				AfterProcessingInitializeOnLoad (7ms)
				EditorAssembliesLoaded (0ms)
			ExecutionOrderSort2 (0ms)
			AwakeInstancesAfterBackupRestoration (6ms)
Platform modules already initialized, skipping
========================================================================
Worker process is ready to serve import requests
Launched and connected shader compiler UnityShaderCompiler.exe after 0.07 seconds
Refreshing native plugins compatible for Editor in 0.36 ms, found 3 plugins.
Preloading 0 native plugins for Editor in 0.00 ms.
Unloading 2105 Unused Serialized files (Serialized files now loaded: 0)
System memory in use before: 95.3 MB.
System memory in use after: 95.4 MB.

Unloading 26 unused Assets to reduce memory usage. Loaded Objects now: 2545.
Total: 2.607300 ms (FindLiveObjects: 0.155200 ms CreateObjectMapping: 0.067300 ms MarkObjects: 2.322700 ms  DeleteObjects: 0.061200 ms)

AssetImportParameters requested are different than current active one (requested -> active):
  custom:framework-win-MediaFoundation: 216162199b28c13a410421893ffa2e32 -> 
  custom:video-decoder-ogg-theora: a1e56fd34408186e4bbccfd4996cb3dc -> 
  custom:container-muxer-webm: aa71ff27fc2769a1b78a27578f13a17b -> 
  custom:container-demuxer-webm: 4f35f7cbe854078d1ac9338744f61a02 -> 
  custom:container-demuxer-ogg: 62fdf1f143b41e24485cea50d1cbac27 -> 
  custom:video-encoder-webm-vp8: eb34c28f22e8b96e1ab97ce403110664 -> 
  custom:video-decoder-webm-vp8: 9c59270c3fd7afecdb556c50c9e8de78 -> 
  custom:audio-decoder-ogg-vorbis: bf7c407c2cedff20999df2af8eb42d56 -> 
  custom:audio-encoder-webm-vorbis: bf7c407c2cedff20999df2af8eb42d56 -> 
========================================================================
Received Import Request.
  path: Assets/Sprites/antivirus 1.png
  artifactKey: Guid(e4ef2d3c576f238499c68834c20e7934) Importer(815301076,1909f56bfc062723c751e8b465ee728b)
Start importing Assets/Sprites/antivirus 1.png using Guid(e4ef2d3c576f238499c68834c20e7934) Importer(815301076,1909f56bfc062723c751e8b465ee728b)  -> (artifact id: 'd026df7148ec1be383f1a681fed71f57') in 0.133647 seconds 
  Import took 0.136463 seconds .

========================================================================
Received Import Request.
  Time since last request: 0.000194 seconds.
  path: Assets/Sprites/Road.png
  artifactKey: Guid(58ae03370791d2847ad9b54bed8bfa93) Importer(815301076,1909f56bfc062723c751e8b465ee728b)
Start importing Assets/Sprites/Road.png using Guid(58ae03370791d2847ad9b54bed8bfa93) Importer(815301076,1909f56bfc062723c751e8b465ee728b)  -> (artifact id: 'bd8258826034c2a54c6774c3cf8260ea') in 0.014964 seconds 
  Import took 0.019199 seconds .

========================================================================
Received Import Request.
  Time since last request: 0.000143 seconds.
  path: Assets/Sprites/fingerprint-scan (1).png
  artifactKey: Guid(e6e97289307642a45b143736e6bae509) Importer(815301076,1909f56bfc062723c751e8b465ee728b)
Start importing Assets/Sprites/fingerprint-scan (1).png using Guid(e6e97289307642a45b143736e6bae509) Importer(815301076,1909f56bfc062723c751e8b465ee728b)  -> (artifact id: '8ece486cee829f32c9751653360337da') in 0.020434 seconds 
  Import took 0.023262 seconds .

========================================================================
Received Import Request.
  Time since last request: 0.000163 seconds.
  path: Assets/Sprites/log-file.png
  artifactKey: Guid(c8b64a4602b961c48bf965f65a2a9e7c) Importer(815301076,1909f56bfc062723c751e8b465ee728b)
Start importing Assets/Sprites/log-file.png using Guid(c8b64a4602b961c48bf965f65a2a9e7c) Importer(815301076,1909f56bfc062723c751e8b465ee728b)  -> (artifact id: 'd81bfc4d0148728b1eedb7df39870b13') in 0.025726 seconds 
  Import took 0.028989 seconds .

========================================================================
Received Import Request.
  Time since last request: 0.000143 seconds.
  path: Assets/Sprites/log.png
  artifactKey: Guid(3270c83022fab1c45b22dfdc8652c648) Importer(815301076,1909f56bfc062723c751e8b465ee728b)
Start importing Assets/Sprites/log.png using Guid(3270c83022fab1c45b22dfdc8652c648) Importer(815301076,1909f56bfc062723c751e8b465ee728b)  -> (artifact id: '380adff075c3e4fd9c9a65381ac12f19') in 0.015350 seconds 
  Import took 0.018092 seconds .

========================================================================
Received Import Request.
  Time since last request: 0.000139 seconds.
  path: Assets/Sprites/Median.png
  artifactKey: Guid(7c53d497633662b4e8cd24d2e0b624c6) Importer(815301076,1909f56bfc062723c751e8b465ee728b)
Start importing Assets/Sprites/Median.png using Guid(7c53d497633662b4e8cd24d2e0b624c6) Importer(815301076,1909f56bfc062723c751e8b465ee728b)  -> (artifact id: '6171021a2d70aa10be27440b99acd0fa') in 0.012353 seconds 
  Import took 0.016070 seconds .

========================================================================
Received Import Request.
  Time since last request: 0.000153 seconds.
  path: Assets/Sprites/worm.png
  artifactKey: Guid(3d0a635f9c1ef4b4c81fd54401e6ae4b) Importer(815301076,1909f56bfc062723c751e8b465ee728b)
Start importing Assets/Sprites/worm.png using Guid(3d0a635f9c1ef4b4c81fd54401e6ae4b) Importer(815301076,1909f56bfc062723c751e8b465ee728b)  -> (artifact id: 'ca1d5c06bbdc06f09dd1427a14129456') in 0.016257 seconds 
  Import took 0.019296 seconds .

========================================================================
Received Import Request.
  Time since last request: 0.000141 seconds.
  path: Assets/Sprites/vpn.png
  artifactKey: Guid(ad093d506a63a5d40ad88217c67f9f53) Importer(815301076,1909f56bfc062723c751e8b465ee728b)
Start importing Assets/Sprites/vpn.png using Guid(ad093d506a63a5d40ad88217c67f9f53) Importer(815301076,1909f56bfc062723c751e8b465ee728b)  -> (artifact id: '07845ca7cacb7a4f9ac691f90505b246') in 0.019321 seconds 
  Import took 0.022055 seconds .

========================================================================
Received Import Request.
  Time since last request: 0.000158 seconds.
  path: Assets/Sprites/Water.png
  artifactKey: Guid(14dcfefee1ea6e240a66cc56beaa0cc0) Importer(815301076,1909f56bfc062723c751e8b465ee728b)
Start importing Assets/Sprites/Water.png using Guid(14dcfefee1ea6e240a66cc56beaa0cc0) Importer(815301076,1909f56bfc062723c751e8b465ee728b)  -> (artifact id: 'dcc79870d27969b54cdb736860115edf') in 0.019210 seconds 
  Import took 0.022530 seconds .

========================================================================
Received Import Request.
  Time since last request: 0.000139 seconds.
  path: Assets/Sprites/danger.png
  artifactKey: Guid(6e99986f138cdbe4da197462ce7c7871) Importer(815301076,1909f56bfc062723c751e8b465ee728b)
Start importing Assets/Sprites/danger.png using Guid(6e99986f138cdbe4da197462ce7c7871) Importer(815301076,1909f56bfc062723c751e8b465ee728b)  -> (artifact id: 'fbf59616a10f09734ba2bf7d21ad9e3f') in 0.020567 seconds 
  Import took 0.023198 seconds .

========================================================================
Received Import Request.
  Time since last request: 0.000143 seconds.
  path: Assets/Sprites/spam.png
  artifactKey: Guid(04bd3cc86809526419b11fd8d9b742f4) Importer(815301076,1909f56bfc062723c751e8b465ee728b)
Start importing Assets/Sprites/spam.png using Guid(04bd3cc86809526419b11fd8d9b742f4) Importer(815301076,1909f56bfc062723c751e8b465ee728b)  -> (artifact id: '528f9a84fe9fdc28b8e384e1daa9a125') in 0.020816 seconds 
  Import took 0.023631 seconds .

========================================================================
Received Import Request.
  Time since last request: 0.000231 seconds.
  path: Assets/Sprites/unlocked (3).png
  artifactKey: Guid(e902271c220ca3a42938453652fa460b) Importer(815301076,1909f56bfc062723c751e8b465ee728b)
Start importing Assets/Sprites/unlocked (3).png using Guid(e902271c220ca3a42938453652fa460b) Importer(815301076,1909f56bfc062723c751e8b465ee728b)  -> (artifact id: 'cd31c2523bec7a3aa1aed0e15fe61956') in 0.020810 seconds 
  Import took 0.023915 seconds .

========================================================================
Received Import Request.
  Time since last request: 0.000159 seconds.
  path: Assets/Sprites/update.png
  artifactKey: Guid(8c047dcbf7d3ecd4881d196f156e4f50) Importer(815301076,1909f56bfc062723c751e8b465ee728b)
Start importing Assets/Sprites/update.png using Guid(8c047dcbf7d3ecd4881d196f156e4f50) Importer(815301076,1909f56bfc062723c751e8b465ee728b)  -> (artifact id: 'a39aa8184c36e08620a94b6daec1865f') in 0.023926 seconds 
  Import took 0.027784 seconds .

========================================================================
Received Import Request.
  Time since last request: 0.000159 seconds.
  path: Assets/Sprites/firewalls.png
  artifactKey: Guid(839d4f9c30f21064e9774ad57be08c8d) Importer(815301076,1909f56bfc062723c751e8b465ee728b)
Start importing Assets/Sprites/firewalls.png using Guid(839d4f9c30f21064e9774ad57be08c8d) Importer(815301076,1909f56bfc062723c751e8b465ee728b)  -> (artifact id: '179d6eee212726d8c2f0f8988ac1f28f') in 0.020811 seconds 
  Import took 0.023593 seconds .

========================================================================
Received Import Request.
  Time since last request: 0.000177 seconds.
  path: Assets/Sprites/exit.png
  artifactKey: Guid(814621a660b513a4a877a48df9b0b822) Importer(815301076,1909f56bfc062723c751e8b465ee728b)
Start importing Assets/Sprites/exit.png using Guid(814621a660b513a4a877a48df9b0b822) Importer(815301076,1909f56bfc062723c751e8b465ee728b)  -> (artifact id: 'b7678ec0aa95eba75c03eb60fa6003ec') in 0.021329 seconds 
  Import took 0.024256 seconds .

========================================================================
Received Import Request.
  Time since last request: 1.036233 seconds.
  path: Assets/Prefab/antivirus.prefab
  artifactKey: Guid(5fc6b46719958ed408d352efe1de2e14) Importer(815301076,1909f56bfc062723c751e8b465ee728b)
Start importing Assets/Prefab/antivirus.prefab using Guid(5fc6b46719958ed408d352efe1de2e14) Importer(815301076,1909f56bfc062723c751e8b465ee728b)  -> (artifact id: '0bd2e8d7de9915fa1848e54f2fd48886') in 0.032150 seconds 
  Import took 0.035018 seconds .

========================================================================
Received Import Request.
  Time since last request: 0.000141 seconds.
  path: Assets/Prefab/spam.prefab
  artifactKey: Guid(2a0e6652b0bcb044ab5da8b2bf86c279) Importer(815301076,1909f56bfc062723c751e8b465ee728b)
Start importing Assets/Prefab/spam.prefab using Guid(2a0e6652b0bcb044ab5da8b2bf86c279) Importer(815301076,1909f56bfc062723c751e8b465ee728b)  -> (artifact id: 'f46cf5c6248cb3b8ba08cddcd4df924e') in 0.014370 seconds 
  Import took 0.017632 seconds .

========================================================================
Received Import Request.
  Time since last request: 0.000145 seconds.
  path: Assets/Prefab/FloatLog4.prefab
  artifactKey: Guid(9ae2bf1409692584ebaac551ab0cadd7) Importer(815301076,1909f56bfc062723c751e8b465ee728b)
Start importing Assets/Prefab/FloatLog4.prefab using Guid(9ae2bf1409692584ebaac551ab0cadd7) Importer(815301076,1909f56bfc062723c751e8b465ee728b)  -> (artifact id: '759b1b0460232f1dad4091d3c8a502e0') in 0.013064 seconds 
  Import took 0.016260 seconds .

========================================================================
Received Import Request.
  Time since last request: 0.000167 seconds.
  path: Assets/Prefab/unlock.prefab
  artifactKey: Guid(05e2057d1338da243b3777c5ce2a5a52) Importer(815301076,1909f56bfc062723c751e8b465ee728b)
Start importing Assets/Prefab/unlock.prefab using Guid(05e2057d1338da243b3777c5ce2a5a52) Importer(815301076,1909f56bfc062723c751e8b465ee728b)  -> (artifact id: '163b3605b17498cef68db28da556d608') in 0.014921 seconds 
  Import took 0.018283 seconds .

========================================================================
Received Import Request.
  Time since last request: 0.000146 seconds.
  path: Assets/Prefab/update.prefab
  artifactKey: Guid(c80ae074271b81248b4f9ac16ab1cbe0) Importer(815301076,1909f56bfc062723c751e8b465ee728b)
Start importing Assets/Prefab/update.prefab using Guid(c80ae074271b81248b4f9ac16ab1cbe0) Importer(815301076,1909f56bfc062723c751e8b465ee728b)  -> (artifact id: '8244822aee90b4b1d10ba62ecb7ca58f') in 0.012943 seconds 
  Import took 0.016150 seconds .

========================================================================
Received Import Request.
  Time since last request: 0.000138 seconds.
  path: Assets/Prefab/firewallWall.prefab
  artifactKey: Guid(ceae7746821ca2d4e840e075f60251b5) Importer(815301076,1909f56bfc062723c751e8b465ee728b)
Start importing Assets/Prefab/firewallWall.prefab using Guid(ceae7746821ca2d4e840e075f60251b5) Importer(815301076,1909f56bfc062723c751e8b465ee728b)  -> (artifact id: '9ecb08e7739181ddf572ab618546b26d') in 0.013960 seconds 
  Import took 0.016704 seconds .

========================================================================
Received Import Request.
  Time since last request: 0.000154 seconds.
  path: Assets/Prefab/vpn.prefab
  artifactKey: Guid(6f8cc36eba6e6084ca8263d34a6438a4) Importer(815301076,1909f56bfc062723c751e8b465ee728b)
Start importing Assets/Prefab/vpn.prefab using Guid(6f8cc36eba6e6084ca8263d34a6438a4) Importer(815301076,1909f56bfc062723c751e8b465ee728b)  -> (artifact id: 'e8826a785f9da8f1f8ca573db38a62f8') in 0.013369 seconds 
  Import took 0.016356 seconds .

========================================================================
Received Import Request.
  Time since last request: 0.000140 seconds.
  path: Assets/Prefab/FloatLogFile3.prefab
  artifactKey: Guid(f27b26ee3ec1ca54499de25158df1f18) Importer(815301076,1909f56bfc062723c751e8b465ee728b)
Start importing Assets/Prefab/FloatLogFile3.prefab using Guid(f27b26ee3ec1ca54499de25158df1f18) Importer(815301076,1909f56bfc062723c751e8b465ee728b)  -> (artifact id: '2289dc8cff3e90a8ea3f8fa88c278456') in 0.015060 seconds 
  Import took 0.017833 seconds .

========================================================================
Received Import Request.
  Time since last request: 0.000159 seconds.
  path: Assets/Prefab/firewalls.prefab
  artifactKey: Guid(b8955a4540426ca489cd0766d3afac09) Importer(815301076,1909f56bfc062723c751e8b465ee728b)
Start importing Assets/Prefab/firewalls.prefab using Guid(b8955a4540426ca489cd0766d3afac09) Importer(815301076,1909f56bfc062723c751e8b465ee728b)  -> (artifact id: '3ba27e213a28c6ec4e4e154572609a86') in 0.013850 seconds 
  Import took 0.016568 seconds .

========================================================================
Received Import Request.
  Time since last request: 0.000146 seconds.
  path: Assets/Prefab/FloatLog2.prefab
  artifactKey: Guid(0c5c0feabde5b2845bcf1b97ba300630) Importer(815301076,1909f56bfc062723c751e8b465ee728b)
Start importing Assets/Prefab/FloatLog2.prefab using Guid(0c5c0feabde5b2845bcf1b97ba300630) Importer(815301076,1909f56bfc062723c751e8b465ee728b)  -> (artifact id: '9aaf80f929a32bca26ea15a1bc9dac6c') in 0.012086 seconds 
  Import took 0.016381 seconds .

========================================================================
Received Import Request.
  Time since last request: 0.000152 seconds.
  path: Assets/Prefab/update 1.prefab
  artifactKey: Guid(5a077053ec2857a44a5ab01f4455235a) Importer(815301076,1909f56bfc062723c751e8b465ee728b)
Start importing Assets/Prefab/update 1.prefab using Guid(5a077053ec2857a44a5ab01f4455235a) Importer(815301076,1909f56bfc062723c751e8b465ee728b)  -> (artifact id: '4e36f6f6b7cab041c89960e7882c36ca') in 0.012720 seconds 
  Import took 0.015478 seconds .

========================================================================
Received Import Request.
  Time since last request: 0.000174 seconds.
  path: Assets/Prefab/fingerprint-scan.prefab
  artifactKey: Guid(4d222eaeee8da1d4bb36c8c9703a595d) Importer(815301076,1909f56bfc062723c751e8b465ee728b)
Start importing Assets/Prefab/fingerprint-scan.prefab using Guid(4d222eaeee8da1d4bb36c8c9703a595d) Importer(815301076,1909f56bfc062723c751e8b465ee728b)  -> (artifact id: '016fc2252ff33821f7c3d2739f723345') in 0.016964 seconds 
  Import took 0.021318 seconds .

========================================================================
Received Import Request.
  Time since last request: 0.000168 seconds.
  path: Assets/Prefab/update 1.prefab
  artifactKey: Guid(5a077053ec2857a44a5ab01f4455235a) Importer(815301076,1909f56bfc062723c751e8b465ee728b)
Start importing Assets/Prefab/update 1.prefab using Guid(5a077053ec2857a44a5ab01f4455235a) Importer(815301076,1909f56bfc062723c751e8b465ee728b)  -> (artifact id: '4e36f6f6b7cab041c89960e7882c36ca') in 0.008469 seconds 
  Import took 0.011965 seconds .

========================================================================
Received Import Request.
  Time since last request: 2.587956 seconds.
  path: Assets/Scenes/SampleScene.unity
  artifactKey: Guid(2cda990e2423bbf4892e6590ba056729) Importer(815301076,1909f56bfc062723c751e8b465ee728b)
Start importing Assets/Scenes/SampleScene.unity using Guid(2cda990e2423bbf4892e6590ba056729) Importer(815301076,1909f56bfc062723c751e8b465ee728b)  -> (artifact id: 'd812c342fccc0e8392ea2cd4b46f1f85') in 0.006236 seconds 
  Import took 0.009058 seconds .

========================================================================
Received Import Request.
  Time since last request: 0.007521 seconds.
  path: Assets/Scenes/SampleScene.unity
  artifactKey: Guid(2cda990e2423bbf4892e6590ba056729) Importer(815301076,1909f56bfc062723c751e8b465ee728b)
Start importing Assets/Scenes/SampleScene.unity using Guid(2cda990e2423bbf4892e6590ba056729) Importer(815301076,1909f56bfc062723c751e8b465ee728b)  -> (artifact id: 'd812c342fccc0e8392ea2cd4b46f1f85') in 0.002715 seconds 
  Import took 0.005958 seconds .

========================================================================
Received Import Request.
  Time since last request: 2.926854 seconds.
  path: Assets/Scenes/Frogger.unity
  artifactKey: Guid(2cda990e2423bbf4892e6590ba056729) Importer(815301076,1909f56bfc062723c751e8b465ee728b)
Start importing Assets/Scenes/Frogger.unity using Guid(2cda990e2423bbf4892e6590ba056729) Importer(815301076,1909f56bfc062723c751e8b465ee728b)  -> (artifact id: '6338515f14a7eb5d018c22af22b8a19f') in 0.006585 seconds 
  Import took 0.009617 seconds .

========================================================================
Received Import Request.
  Time since last request: 2.288724 seconds.
  path: Assets/Scripts/Frogger.cs
  artifactKey: Guid(83a2b4ef28499254ca2a2cb717693372) Importer(815301076,1909f56bfc062723c751e8b465ee728b)
Start importing Assets/Scripts/Frogger.cs using Guid(83a2b4ef28499254ca2a2cb717693372) Importer(815301076,1909f56bfc062723c751e8b465ee728b)  -> (artifact id: '36d39845e3a4c7f5f3c4379cc6bce31e') in 0.008671 seconds 
  Import took 0.011893 seconds .

========================================================================
Received Import Request.
  Time since last request: 0.021793 seconds.
  path: Assets/Scripts/Frogger.cs
  artifactKey: Guid(83a2b4ef28499254ca2a2cb717693372) Importer(815301076,1909f56bfc062723c751e8b465ee728b)
Start importing Assets/Scripts/Frogger.cs using Guid(83a2b4ef28499254ca2a2cb717693372) Importer(815301076,1909f56bfc062723c751e8b465ee728b)  -> (artifact id: '36d39845e3a4c7f5f3c4379cc6bce31e') in 0.002512 seconds 
  Import took 0.005383 seconds .

========================================================================
Received Import Request.
  Time since last request: 0.235239 seconds.
  path: Assets/Scripts/MoveLoop.cs
  artifactKey: Guid(d1948ce43346ecb438861c4f4071d47e) Importer(815301076,1909f56bfc062723c751e8b465ee728b)
Start importing Assets/Scripts/MoveLoop.cs using Guid(d1948ce43346ecb438861c4f4071d47e) Importer(815301076,1909f56bfc062723c751e8b465ee728b)  -> (artifact id: '799c6cb8c8b6d0ca77716ce5679733d8') in 0.006359 seconds 
  Import took 0.009130 seconds .

========================================================================
Received Import Request.
  Time since last request: 2.801205 seconds.
  path: Assets/Scripts/FroggerMoveLoop.cs
  artifactKey: Guid(d1948ce43346ecb438861c4f4071d47e) Importer(815301076,1909f56bfc062723c751e8b465ee728b)
Start importing Assets/Scripts/FroggerMoveLoop.cs using Guid(d1948ce43346ecb438861c4f4071d47e) Importer(815301076,1909f56bfc062723c751e8b465ee728b)  -> (artifact id: 'a6ffcbe85c1cf69afc944382d0445ecc') in 0.006096 seconds 
  Import took 0.008905 seconds .

========================================================================
Received Import Request.
  Time since last request: 0.000315 seconds.
  path: Assets/Scripts/FroggerMoveLoop.cs
  artifactKey: Guid(d1948ce43346ecb438861c4f4071d47e) Importer(815301076,1909f56bfc062723c751e8b465ee728b)
Start importing Assets/Scripts/FroggerMoveLoop.cs using Guid(d1948ce43346ecb438861c4f4071d47e) Importer(815301076,1909f56bfc062723c751e8b465ee728b)  -> (artifact id: 'a6ffcbe85c1cf69afc944382d0445ecc') in 0.002615 seconds 
  Import took 0.005342 seconds .

========================================================================
Received Prepare
Registering precompiled user dll's ...
Registered in 0.005145 seconds.
Begin MonoManager ReloadAssembly
Native extension for WindowsStandalone target not found
Refreshing native plugins compatible for Editor in 0.84 ms, found 3 plugins.
Preloading 0 native plugins for Editor in 0.00 ms.
Mono: successfully reloaded assembly
- Completed reload, in  1.283 seconds
Domain Reload Profiling:
	ReloadAssembly (1283ms)
		BeginReloadAssembly (122ms)
			ExecutionOrderSort (0ms)
			DisableScriptedObjects (6ms)
			BackupInstance (0ms)
			ReleaseScriptingObjects (0ms)
			CreateAndSetChildDomain (34ms)
		EndReloadAssembly (1087ms)
			LoadAssemblies (100ms)
			RebuildTransferFunctionScriptingTraits (0ms)
			SetupTypeCache (296ms)
			ReleaseScriptCaches (1ms)
			RebuildScriptCaches (44ms)
			SetupLoadedEditorAssemblies (494ms)
				LogAssemblyErrors (0ms)
				InitializePlatformSupportModulesInManaged (10ms)
				SetLoadedEditorAssemblies (1ms)
				RefreshPlugins (1ms)
				BeforeProcessingInitializeOnLoad (183ms)
				ProcessInitializeOnLoadAttributes (280ms)
				ProcessInitializeOnLoadMethodAttributes (9ms)
				AfterProcessingInitializeOnLoad (11ms)
				EditorAssembliesLoaded (0ms)
			ExecutionOrderSort2 (0ms)
			AwakeInstancesAfterBackupRestoration (16ms)
Platform modules already initialized, skipping
Refreshing native plugins compatible for Editor in 0.49 ms, found 3 plugins.
Preloading 0 native plugins for Editor in 0.00 ms.
Unloading 2082 Unused Serialized files (Serialized files now loaded: 0)
System memory in use before: 96.5 MB.
System memory in use after: 96.7 MB.

Unloading 14 unused Assets to reduce memory usage. Loaded Objects now: 2563.
Total: 3.548400 ms (FindLiveObjects: 0.156600 ms CreateObjectMapping: 0.065000 ms MarkObjects: 3.300800 ms  DeleteObjects: 0.024600 ms)

AssetImportParameters requested are different than current active one (requested -> active):
  custom:framework-win-MediaFoundation: 216162199b28c13a410421893ffa2e32 -> 
  custom:video-decoder-ogg-theora: a1e56fd34408186e4bbccfd4996cb3dc -> 
  custom:container-muxer-webm: aa71ff27fc2769a1b78a27578f13a17b -> 
  custom:container-demuxer-webm: 4f35f7cbe854078d1ac9338744f61a02 -> 
  custom:container-demuxer-ogg: 62fdf1f143b41e24485cea50d1cbac27 -> 
  custom:video-encoder-webm-vp8: eb34c28f22e8b96e1ab97ce403110664 -> 
  custom:video-decoder-webm-vp8: 9c59270c3fd7afecdb556c50c9e8de78 -> 
  custom:audio-decoder-ogg-vorbis: bf7c407c2cedff20999df2af8eb42d56 -> 
  custom:audio-encoder-webm-vorbis: bf7c407c2cedff20999df2af8eb42d56 -> 
========================================================================
Received Prepare
Registering precompiled user dll's ...
Registered in 0.003404 seconds.
Begin MonoManager ReloadAssembly
Native extension for WindowsStandalone target not found
Refreshing native plugins compatible for Editor in 0.39 ms, found 3 plugins.
Preloading 0 native plugins for Editor in 0.00 ms.
Mono: successfully reloaded assembly
- Completed reload, in  0.952 seconds
Domain Reload Profiling:
	ReloadAssembly (952ms)
		BeginReloadAssembly (117ms)
			ExecutionOrderSort (0ms)
			DisableScriptedObjects (6ms)
			BackupInstance (0ms)
			ReleaseScriptingObjects (0ms)
			CreateAndSetChildDomain (30ms)
		EndReloadAssembly (773ms)
			LoadAssemblies (98ms)
			RebuildTransferFunctionScriptingTraits (0ms)
			SetupTypeCache (280ms)
			ReleaseScriptCaches (1ms)
			RebuildScriptCaches (42ms)
			SetupLoadedEditorAssemblies (271ms)
				LogAssemblyErrors (0ms)
				InitializePlatformSupportModulesInManaged (5ms)
				SetLoadedEditorAssemblies (0ms)
				RefreshPlugins (0ms)
				BeforeProcessingInitializeOnLoad (60ms)
				ProcessInitializeOnLoadAttributes (193ms)
				ProcessInitializeOnLoadMethodAttributes (5ms)
				AfterProcessingInitializeOnLoad (7ms)
				EditorAssembliesLoaded (0ms)
			ExecutionOrderSort2 (0ms)
			AwakeInstancesAfterBackupRestoration (9ms)
Platform modules already initialized, skipping
Refreshing native plugins compatible for Editor in 0.39 ms, found 3 plugins.
Preloading 0 native plugins for Editor in 0.00 ms.
Unloading 2082 Unused Serialized files (Serialized files now loaded: 0)
System memory in use before: 96.6 MB.
System memory in use after: 96.7 MB.

Unloading 14 unused Assets to reduce memory usage. Loaded Objects now: 2566.
Total: 2.456100 ms (FindLiveObjects: 0.159600 ms CreateObjectMapping: 0.071000 ms MarkObjects: 2.210600 ms  DeleteObjects: 0.013700 ms)

AssetImportParameters requested are different than current active one (requested -> active):
  custom:framework-win-MediaFoundation: 216162199b28c13a410421893ffa2e32 -> 
  custom:video-decoder-ogg-theora: a1e56fd34408186e4bbccfd4996cb3dc -> 
  custom:container-muxer-webm: aa71ff27fc2769a1b78a27578f13a17b -> 
  custom:container-demuxer-webm: 4f35f7cbe854078d1ac9338744f61a02 -> 
  custom:container-demuxer-ogg: 62fdf1f143b41e24485cea50d1cbac27 -> 
  custom:video-encoder-webm-vp8: eb34c28f22e8b96e1ab97ce403110664 -> 
  custom:video-decoder-webm-vp8: 9c59270c3fd7afecdb556c50c9e8de78 -> 
  custom:audio-decoder-ogg-vorbis: bf7c407c2cedff20999df2af8eb42d56 -> 
  custom:audio-encoder-webm-vorbis: bf7c407c2cedff20999df2af8eb42d56 -> 
========================================================================
Received Import Request.
  Time since last request: 14.704761 seconds.
  path: Assets/Scripts/FroggerMoveLoop.cs
  artifactKey: Guid(d1948ce43346ecb438861c4f4071d47e) Importer(815301076,1909f56bfc062723c751e8b465ee728b)
Start importing Assets/Scripts/FroggerMoveLoop.cs using Guid(d1948ce43346ecb438861c4f4071d47e) Importer(815301076,1909f56bfc062723c751e8b465ee728b)  -> (artifact id: 'ab01e5e862cc448ff9f1628cf4fe757f') in 0.004466 seconds 
  Import took 0.007109 seconds .

========================================================================
Received Import Request.
  Time since last request: 15.121083 seconds.
  path: Assets/Prefab/FroggerAntivirus.prefab
  artifactKey: Guid(5fc6b46719958ed408d352efe1de2e14) Importer(815301076,1909f56bfc062723c751e8b465ee728b)
Start importing Assets/Prefab/FroggerAntivirus.prefab using Guid(5fc6b46719958ed408d352efe1de2e14) Importer(815301076,1909f56bfc062723c751e8b465ee728b)  -> (artifact id: '392b30038e75877f83eac16a29f3d8e7') in 0.047182 seconds 
  Import took 0.050359 seconds .

========================================================================
Received Import Request.
  Time since last request: 3.282928 seconds.
  path: Assets/Prefab/FroggerFingerprint-scan.prefab
  artifactKey: Guid(4d222eaeee8da1d4bb36c8c9703a595d) Importer(815301076,1909f56bfc062723c751e8b465ee728b)
Start importing Assets/Prefab/FroggerFingerprint-scan.prefab using Guid(4d222eaeee8da1d4bb36c8c9703a595d) Importer(815301076,1909f56bfc062723c751e8b465ee728b)  -> (artifact id: '1dfd37753d87cc5d921faa1455f8055a') in 0.013114 seconds 
  Import took 0.016041 seconds .

========================================================================
Received Import Request.
  Time since last request: 5.037465 seconds.
  path: Assets/Prefab/firewallWall.prefab
  artifactKey: Guid(ceae7746821ca2d4e840e075f60251b5) Importer(815301076,1909f56bfc062723c751e8b465ee728b)
Start importing Assets/Prefab/firewallWall.prefab using Guid(ceae7746821ca2d4e840e075f60251b5) Importer(815301076,1909f56bfc062723c751e8b465ee728b)  -> (artifact id: '647fff0187d86e6530f670c3e28cc246') in 0.012767 seconds 
  Import took 0.015743 seconds .

========================================================================
Received Import Request.
  Time since last request: 0.000148 seconds.
  path: Assets/Prefab/FroggerFirewalls.prefab
  artifactKey: Guid(b8955a4540426ca489cd0766d3afac09) Importer(815301076,1909f56bfc062723c751e8b465ee728b)
Start importing Assets/Prefab/FroggerFirewalls.prefab using Guid(b8955a4540426ca489cd0766d3afac09) Importer(815301076,1909f56bfc062723c751e8b465ee728b)  -> (artifact id: '3318d47c8d0994b2146b9efd06cf16a9') in 0.013669 seconds 
  Import took 0.016619 seconds .

========================================================================
Received Import Request.
  Time since last request: 4.160546 seconds.
  path: Assets/Prefab/FroggerFirewallWall.prefab
  artifactKey: Guid(ceae7746821ca2d4e840e075f60251b5) Importer(815301076,1909f56bfc062723c751e8b465ee728b)
Start importing Assets/Prefab/FroggerFirewallWall.prefab using Guid(ceae7746821ca2d4e840e075f60251b5) Importer(815301076,1909f56bfc062723c751e8b465ee728b)  -> (artifact id: '238ef2b111d286d803abd0d5155e0f16') in 0.017521 seconds 
  Import took 0.020631 seconds .

========================================================================
Received Import Request.
  Time since last request: 3.596557 seconds.
  path: Assets/Prefab/FroggerFloatLog2.prefab
  artifactKey: Guid(0c5c0feabde5b2845bcf1b97ba300630) Importer(815301076,1909f56bfc062723c751e8b465ee728b)
Start importing Assets/Prefab/FroggerFloatLog2.prefab using Guid(0c5c0feabde5b2845bcf1b97ba300630) Importer(815301076,1909f56bfc062723c751e8b465ee728b)  -> (artifact id: 'c3b32e1a3451f696bb2bd9dcde39c7d7') in 0.012694 seconds 
  Import took 0.015662 seconds .

========================================================================
Received Import Request.
  Time since last request: 2.396062 seconds.
  path: Assets/Prefab/FroggerFloatLog4.prefab
  artifactKey: Guid(9ae2bf1409692584ebaac551ab0cadd7) Importer(815301076,1909f56bfc062723c751e8b465ee728b)
Start importing Assets/Prefab/FroggerFloatLog4.prefab using Guid(9ae2bf1409692584ebaac551ab0cadd7) Importer(815301076,1909f56bfc062723c751e8b465ee728b)  -> (artifact id: '524e6eeee86ac6afe1611c3bea75a92b') in 0.013069 seconds 
  Import took 0.016409 seconds .

========================================================================
Received Import Request.
  Time since last request: 2.494246 seconds.
  path: Assets/Prefab/FroggerFloatLogFile3.prefab
  artifactKey: Guid(f27b26ee3ec1ca54499de25158df1f18) Importer(815301076,1909f56bfc062723c751e8b465ee728b)
Start importing Assets/Prefab/FroggerFloatLogFile3.prefab using Guid(f27b26ee3ec1ca54499de25158df1f18) Importer(815301076,1909f56bfc062723c751e8b465ee728b)  -> (artifact id: '6adb94d42f054a0ce75489be4f0f0783') in 0.014504 seconds 
  Import took 0.017525 seconds .

========================================================================
Received Import Request.
  Time since last request: 5.597301 seconds.
  path: Assets/Prefab/FroggerSpam.prefab
  artifactKey: Guid(2a0e6652b0bcb044ab5da8b2bf86c279) Importer(815301076,1909f56bfc062723c751e8b465ee728b)
Start importing Assets/Prefab/FroggerSpam.prefab using Guid(2a0e6652b0bcb044ab5da8b2bf86c279) Importer(815301076,1909f56bfc062723c751e8b465ee728b)  -> (artifact id: 'a518b896fea8f93da8a447ba97b1170a') in 0.013472 seconds 
  Import took 0.017035 seconds .

========================================================================
Received Import Request.
  Time since last request: 4.231339 seconds.
  path: Assets/Prefab/FroggerUnlock.prefab
  artifactKey: Guid(05e2057d1338da243b3777c5ce2a5a52) Importer(815301076,1909f56bfc062723c751e8b465ee728b)
Start importing Assets/Prefab/FroggerUnlock.prefab using Guid(05e2057d1338da243b3777c5ce2a5a52) Importer(815301076,1909f56bfc062723c751e8b465ee728b)  -> (artifact id: '47b5a4000e9cfe67f3d67a8925ac8340') in 0.013390 seconds 
  Import took 0.016612 seconds .

========================================================================
Received Import Request.
  Time since last request: 6.730064 seconds.
  path: Assets/Prefab/FroggerUpdate.prefab
  artifactKey: Guid(5a077053ec2857a44a5ab01f4455235a) Importer(815301076,1909f56bfc062723c751e8b465ee728b)
Start importing Assets/Prefab/FroggerUpdate.prefab using Guid(5a077053ec2857a44a5ab01f4455235a) Importer(815301076,1909f56bfc062723c751e8b465ee728b)  -> (artifact id: 'a8373565de2ad453785221f0ecadaf16') in 0.012864 seconds 
  Import took 0.016047 seconds .

========================================================================
Received Prepare
Registering precompiled user dll's ...
Registered in 0.003482 seconds.
Begin MonoManager ReloadAssembly
Native extension for WindowsStandalone target not found
Refreshing native plugins compatible for Editor in 0.40 ms, found 3 plugins.
Preloading 0 native plugins for Editor in 0.00 ms.
Mono: successfully reloaded assembly
- Completed reload, in  0.969 seconds
Domain Reload Profiling:
	ReloadAssembly (969ms)
		BeginReloadAssembly (110ms)
			ExecutionOrderSort (0ms)
			DisableScriptedObjects (5ms)
			BackupInstance (0ms)
			ReleaseScriptingObjects (0ms)
			CreateAndSetChildDomain (30ms)
		EndReloadAssembly (801ms)
			LoadAssemblies (83ms)
			RebuildTransferFunctionScriptingTraits (0ms)
			SetupTypeCache (295ms)
			ReleaseScriptCaches (1ms)
			RebuildScriptCaches (42ms)
			SetupLoadedEditorAssemblies (279ms)
				LogAssemblyErrors (0ms)
				InitializePlatformSupportModulesInManaged (5ms)
				SetLoadedEditorAssemblies (0ms)
				RefreshPlugins (0ms)
				BeforeProcessingInitializeOnLoad (66ms)
				ProcessInitializeOnLoadAttributes (195ms)
				ProcessInitializeOnLoadMethodAttributes (5ms)
				AfterProcessingInitializeOnLoad (7ms)
				EditorAssembliesLoaded (0ms)
			ExecutionOrderSort2 (0ms)
			AwakeInstancesAfterBackupRestoration (11ms)
Platform modules already initialized, skipping
Refreshing native plugins compatible for Editor in 0.38 ms, found 3 plugins.
Preloading 0 native plugins for Editor in 0.00 ms.
Unloading 2082 Unused Serialized files (Serialized files now loaded: 0)
System memory in use before: 96.6 MB.
System memory in use after: 96.7 MB.

Unloading 14 unused Assets to reduce memory usage. Loaded Objects now: 2570.
Total: 2.532900 ms (FindLiveObjects: 0.175700 ms CreateObjectMapping: 0.073900 ms MarkObjects: 2.266700 ms  DeleteObjects: 0.015300 ms)

AssetImportParameters requested are different than current active one (requested -> active):
  custom:framework-win-MediaFoundation: 216162199b28c13a410421893ffa2e32 -> 
  custom:video-decoder-ogg-theora: a1e56fd34408186e4bbccfd4996cb3dc -> 
  custom:container-muxer-webm: aa71ff27fc2769a1b78a27578f13a17b -> 
  custom:container-demuxer-webm: 4f35f7cbe854078d1ac9338744f61a02 -> 
  custom:container-demuxer-ogg: 62fdf1f143b41e24485cea50d1cbac27 -> 
  custom:video-encoder-webm-vp8: eb34c28f22e8b96e1ab97ce403110664 -> 
  custom:video-decoder-webm-vp8: 9c59270c3fd7afecdb556c50c9e8de78 -> 
  custom:audio-decoder-ogg-vorbis: bf7c407c2cedff20999df2af8eb42d56 -> 
  custom:audio-encoder-webm-vorbis: bf7c407c2cedff20999df2af8eb42d56 -> 
========================================================================
Received Import Request.
  Time since last request: 103.888131 seconds.
  path: Assets/Prefab/update.prefab
  artifactKey: Guid(c80ae074271b81248b4f9ac16ab1cbe0) Importer(815301076,1909f56bfc062723c751e8b465ee728b)
Start importing Assets/Prefab/update.prefab using Guid(c80ae074271b81248b4f9ac16ab1cbe0) Importer(815301076,1909f56bfc062723c751e8b465ee728b)  -> (artifact id: 'bfc87e30b236f0be35c16f62c1e1cf6a') in 0.047003 seconds 
  Import took 0.049905 seconds .

========================================================================
Received Import Request.
  Time since last request: 26.312743 seconds.
  path: Assets/Prefab/FroggerUpdate.prefab
  artifactKey: Guid(c80ae074271b81248b4f9ac16ab1cbe0) Importer(815301076,1909f56bfc062723c751e8b465ee728b)
Start importing Assets/Prefab/FroggerUpdate.prefab using Guid(c80ae074271b81248b4f9ac16ab1cbe0) Importer(815301076,1909f56bfc062723c751e8b465ee728b)  -> (artifact id: '7b1da5bc2a759bfe2482a92db43a9ba3') in 0.008465 seconds 
  Import took 0.011937 seconds .

========================================================================
Received Import Request.
  Time since last request: 66.422598 seconds.
  path: Assets/Prefab/FroggerVPN.prefab
  artifactKey: Guid(6f8cc36eba6e6084ca8263d34a6438a4) Importer(815301076,1909f56bfc062723c751e8b465ee728b)
Start importing Assets/Prefab/FroggerVPN.prefab using Guid(6f8cc36eba6e6084ca8263d34a6438a4) Importer(815301076,1909f56bfc062723c751e8b465ee728b)  -> (artifact id: 'aa00a5ddf589ead0f521b9ca3e472ae2') in 0.016468 seconds 
  Import took 0.019540 seconds .

========================================================================
Received Import Request.
  Time since last request: 10.932737 seconds.
  path: Assets/Sprites/FroggerAntivirus.png
  artifactKey: Guid(e4ef2d3c576f238499c68834c20e7934) Importer(815301076,1909f56bfc062723c751e8b465ee728b)
Start importing Assets/Sprites/FroggerAntivirus.png using Guid(e4ef2d3c576f238499c68834c20e7934) Importer(815301076,1909f56bfc062723c751e8b465ee728b)  -> (artifact id: '3e967c247b7a2636bc04dc092816e232') in 0.035760 seconds 
  Import took 0.038694 seconds .

========================================================================
Received Import Request.
  Time since last request: 2.910745 seconds.
  path: Assets/Sprites/FroggerDanger.png
  artifactKey: Guid(6e99986f138cdbe4da197462ce7c7871) Importer(815301076,1909f56bfc062723c751e8b465ee728b)
Start importing Assets/Sprites/FroggerDanger.png using Guid(6e99986f138cdbe4da197462ce7c7871) Importer(815301076,1909f56bfc062723c751e8b465ee728b)  -> (artifact id: '2cb7709aee5b2bcc7cd43f30eba0155a') in 0.016246 seconds 
  Import took 0.019060 seconds .

========================================================================
Received Import Request.
  Time since last request: 3.575444 seconds.
  path: Assets/Sprites/FroggerExit.png
  artifactKey: Guid(814621a660b513a4a877a48df9b0b822) Importer(815301076,1909f56bfc062723c751e8b465ee728b)
Start importing Assets/Sprites/FroggerExit.png using Guid(814621a660b513a4a877a48df9b0b822) Importer(815301076,1909f56bfc062723c751e8b465ee728b)  -> (artifact id: '27942dee5be1d0c7b8715f541d26e3cf') in 0.033221 seconds 
  Import took 0.036290 seconds .

========================================================================
Received Import Request.
  Time since last request: 4.759672 seconds.
  path: Assets/Sprites/FroggerFingerprint-scan (1).png
  artifactKey: Guid(e6e97289307642a45b143736e6bae509) Importer(815301076,1909f56bfc062723c751e8b465ee728b)
Start importing Assets/Sprites/FroggerFingerprint-scan (1).png using Guid(e6e97289307642a45b143736e6bae509) Importer(815301076,1909f56bfc062723c751e8b465ee728b)  -> (artifact id: 'f7434d7a768ab4bb8a2d27ae071f0046') in 0.038035 seconds 
  Import took 0.042014 seconds .

========================================================================
Received Import Request.
  Time since last request: 2.663466 seconds.
  path: Assets/Sprites/FroggerFirewalls.png
  artifactKey: Guid(839d4f9c30f21064e9774ad57be08c8d) Importer(815301076,1909f56bfc062723c751e8b465ee728b)
Start importing Assets/Sprites/FroggerFirewalls.png using Guid(839d4f9c30f21064e9774ad57be08c8d) Importer(815301076,1909f56bfc062723c751e8b465ee728b)  -> (artifact id: '7eff16565ecb3168d8cc750a639de61f') in 0.009871 seconds 
  Import took 0.012712 seconds .

========================================================================
Received Import Request.
  Time since last request: 4.668371 seconds.
  path: Assets/Sprites/FroggerLog-file.png
  artifactKey: Guid(c8b64a4602b961c48bf965f65a2a9e7c) Importer(815301076,1909f56bfc062723c751e8b465ee728b)
Start importing Assets/Sprites/FroggerLog-file.png using Guid(c8b64a4602b961c48bf965f65a2a9e7c) Importer(815301076,1909f56bfc062723c751e8b465ee728b)  -> (artifact id: 'ae2811b0b86ef1099372b35eb189d20d') in 0.036275 seconds 
  Import took 0.039409 seconds .

========================================================================
Received Import Request.
  Time since last request: 3.090061 seconds.
  path: Assets/Sprites/FroggerLog.png
  artifactKey: Guid(3270c83022fab1c45b22dfdc8652c648) Importer(815301076,1909f56bfc062723c751e8b465ee728b)
Start importing Assets/Sprites/FroggerLog.png using Guid(3270c83022fab1c45b22dfdc8652c648) Importer(815301076,1909f56bfc062723c751e8b465ee728b)  -> (artifact id: '2173dd4187c08809cd7a7404be135a08') in 0.042150 seconds 
  Import took 0.045014 seconds .

========================================================================
Received Import Request.
  Time since last request: 3.351108 seconds.
  path: Assets/Sprites/FroggerMedian.png
  artifactKey: Guid(7c53d497633662b4e8cd24d2e0b624c6) Importer(815301076,1909f56bfc062723c751e8b465ee728b)
Start importing Assets/Sprites/FroggerMedian.png using Guid(7c53d497633662b4e8cd24d2e0b624c6) Importer(815301076,1909f56bfc062723c751e8b465ee728b)  -> (artifact id: '3384e6329db28e73808e285684d2c398') in 0.022394 seconds 
  Import took 0.025446 seconds .

========================================================================
Received Import Request.
  Time since last request: 2.345792 seconds.
  path: Assets/Sprites/FroggerRoad.png
  artifactKey: Guid(58ae03370791d2847ad9b54bed8bfa93) Importer(815301076,1909f56bfc062723c751e8b465ee728b)
Start importing Assets/Sprites/FroggerRoad.png using Guid(58ae03370791d2847ad9b54bed8bfa93) Importer(815301076,1909f56bfc062723c751e8b465ee728b)  -> (artifact id: '1e6f5dba7c077de9cf5c20dac2ae823c') in 0.024224 seconds 
  Import took 0.027026 seconds .

========================================================================
Received Import Request.
  Time since last request: 2.573957 seconds.
  path: Assets/Sprites/FroggerSpam.png
  artifactKey: Guid(04bd3cc86809526419b11fd8d9b742f4) Importer(815301076,1909f56bfc062723c751e8b465ee728b)
Start importing Assets/Sprites/FroggerSpam.png using Guid(04bd3cc86809526419b11fd8d9b742f4) Importer(815301076,1909f56bfc062723c751e8b465ee728b)  -> (artifact id: '48acc8e22f57a888119b37ea1a60daae') in 0.012682 seconds 
  Import took 0.015655 seconds .

========================================================================
Received Import Request.
  Time since last request: 5.663118 seconds.
  path: Assets/Sprites/FroggerUnlocked.png
  artifactKey: Guid(e902271c220ca3a42938453652fa460b) Importer(815301076,1909f56bfc062723c751e8b465ee728b)
Start importing Assets/Sprites/FroggerUnlocked.png using Guid(e902271c220ca3a42938453652fa460b) Importer(815301076,1909f56bfc062723c751e8b465ee728b)  -> (artifact id: 'dd019531e695a27f9c3563467a2fe941') in 0.015005 seconds 
  Import took 0.017809 seconds .

========================================================================
Received Import Request.
  Time since last request: 8.944131 seconds.
  path: Assets/Sprites/FroggerUpdate.png
  artifactKey: Guid(8c047dcbf7d3ecd4881d196f156e4f50) Importer(815301076,1909f56bfc062723c751e8b465ee728b)
Start importing Assets/Sprites/FroggerUpdate.png using Guid(8c047dcbf7d3ecd4881d196f156e4f50) Importer(815301076,1909f56bfc062723c751e8b465ee728b)  -> (artifact id: '06bcc336ca1cbb01d17ad3e40337f20b') in 0.023290 seconds 
  Import took 0.026207 seconds .

========================================================================
Received Import Request.
  Time since last request: 18.569293 seconds.
  path: Assets/Sprites/FroggerVPN.png
  artifactKey: Guid(ad093d506a63a5d40ad88217c67f9f53) Importer(815301076,1909f56bfc062723c751e8b465ee728b)
Start importing Assets/Sprites/FroggerVPN.png using Guid(ad093d506a63a5d40ad88217c67f9f53) Importer(815301076,1909f56bfc062723c751e8b465ee728b)  -> (artifact id: 'ee43bd43b0cd67789d9449fd63722a33') in 0.036606 seconds 
  Import took 0.039432 seconds .

========================================================================
Received Import Request.
  Time since last request: 3.208786 seconds.
  path: Assets/Sprites/FroggerWater.png
  artifactKey: Guid(14dcfefee1ea6e240a66cc56beaa0cc0) Importer(815301076,1909f56bfc062723c751e8b465ee728b)
Start importing Assets/Sprites/FroggerWater.png using Guid(14dcfefee1ea6e240a66cc56beaa0cc0) Importer(815301076,1909f56bfc062723c751e8b465ee728b)  -> (artifact id: '4f4841268077f6f5dd13fc6a824639cb') in 0.031504 seconds 
  Import took 0.035757 seconds .

========================================================================
Received Import Request.
  Time since last request: 2.659140 seconds.
  path: Assets/Sprites/FroggerWorm.png
  artifactKey: Guid(3d0a635f9c1ef4b4c81fd54401e6ae4b) Importer(815301076,1909f56bfc062723c751e8b465ee728b)
Start importing Assets/Sprites/FroggerWorm.png using Guid(3d0a635f9c1ef4b4c81fd54401e6ae4b) Importer(815301076,1909f56bfc062723c751e8b465ee728b)  -> (artifact id: '9aceda1443ef39aa5eed50d167c646f1') in 0.020833 seconds 
  Import took 0.023739 seconds .

========================================================================
Received Prepare
Registering precompiled user dll's ...
Registered in 0.003449 seconds.
Begin MonoManager ReloadAssembly
Native extension for WindowsStandalone target not found
Refreshing native plugins compatible for Editor in 0.38 ms, found 3 plugins.
Preloading 0 native plugins for Editor in 0.00 ms.
Mono: successfully reloaded assembly
- Completed reload, in  0.934 seconds
Domain Reload Profiling:
	ReloadAssembly (934ms)
		BeginReloadAssembly (121ms)
			ExecutionOrderSort (0ms)
			DisableScriptedObjects (6ms)
			BackupInstance (0ms)
			ReleaseScriptingObjects (0ms)
			CreateAndSetChildDomain (35ms)
		EndReloadAssembly (755ms)
			LoadAssemblies (84ms)
			RebuildTransferFunctionScriptingTraits (0ms)
			SetupTypeCache (255ms)
			ReleaseScriptCaches (2ms)
			RebuildScriptCaches (39ms)
			SetupLoadedEditorAssemblies (267ms)
				LogAssemblyErrors (0ms)
				InitializePlatformSupportModulesInManaged (5ms)
				SetLoadedEditorAssemblies (0ms)
				RefreshPlugins (0ms)
				BeforeProcessingInitializeOnLoad (64ms)
				ProcessInitializeOnLoadAttributes (185ms)
				ProcessInitializeOnLoadMethodAttributes (5ms)
				AfterProcessingInitializeOnLoad (7ms)
				EditorAssembliesLoaded (0ms)
			ExecutionOrderSort2 (0ms)
			AwakeInstancesAfterBackupRestoration (9ms)
Platform modules already initialized, skipping
Refreshing native plugins compatible for Editor in 0.39 ms, found 3 plugins.
Preloading 0 native plugins for Editor in 0.00 ms.
Unloading 2082 Unused Serialized files (Serialized files now loaded: 0)
System memory in use before: 96.7 MB.
System memory in use after: 96.8 MB.

Unloading 14 unused Assets to reduce memory usage. Loaded Objects now: 2574.
Total: 2.437100 ms (FindLiveObjects: 0.162400 ms CreateObjectMapping: 0.073200 ms MarkObjects: 2.185900 ms  DeleteObjects: 0.014600 ms)

AssetImportParameters requested are different than current active one (requested -> active):
  custom:framework-win-MediaFoundation: 216162199b28c13a410421893ffa2e32 -> 
  custom:video-decoder-ogg-theora: a1e56fd34408186e4bbccfd4996cb3dc -> 
  custom:container-muxer-webm: aa71ff27fc2769a1b78a27578f13a17b -> 
  custom:container-demuxer-webm: 4f35f7cbe854078d1ac9338744f61a02 -> 
  custom:container-demuxer-ogg: 62fdf1f143b41e24485cea50d1cbac27 -> 
  custom:video-encoder-webm-vp8: eb34c28f22e8b96e1ab97ce403110664 -> 
  custom:video-decoder-webm-vp8: 9c59270c3fd7afecdb556c50c9e8de78 -> 
  custom:audio-decoder-ogg-vorbis: bf7c407c2cedff20999df2af8eb42d56 -> 
  custom:audio-encoder-webm-vorbis: bf7c407c2cedff20999df2af8eb42d56 -> 
AssetImportWorkerClient::OnTransportError - code=2 error=End of file
