Using pre-set license
Built from '2020.3/staging' branch; Version is '2020.3.18f1 (a7d1c678663c) revision 10998214'; Using compiler version '192528614'; Build Type 'Release'
OS: 'Windows 10 Home; OS build 19042.1288; Version 2009; 64bit' Language: 'en' Physical Memory: 16322 MB
BatchMode: 1, IsHumanControllingUs: 0, StartBugReporterOnCrash: 0, Is64bit: 1, IsPro: 0

COMMAND LINE ARGUMENTS:
C:\Program Files\Unity\Hub\Editor\2020.3.18f1\Editor\Unity.exe
-adb2
-batchMode
-noUpm
-name
AssetImportWorker0
-projectPath
C:/Users/Joseph/Desktop/f/_f21/CMPT475 - CS Capping/SENDHELP/Frogger
-logFile
Logs/AssetImportWorker0.log
-srvPort
52408
Successfully changed project path to: C:/Users/Joseph/Desktop/f/_f21/CMPT475 - CS Capping/SENDHELP/Frogger
C:/Users/Joseph/Desktop/f/_f21/CMPT475 - CS Capping/SENDHELP/Frogger
Using Asset Import Pipeline V2.
Refreshing native plugins compatible for Editor in 40.79 ms, found 3 plugins.
Preloading 0 native plugins for Editor in 0.00 ms.
Initialize engine version: 2020.3.18f1 (a7d1c678663c)
[Subsystems] Discovering subsystems at path C:/Program Files/Unity/Hub/Editor/2020.3.18f1/Editor/Data/Resources/UnitySubsystems
[Subsystems] Discovering subsystems at path C:/Users/Joseph/Desktop/f/_f21/CMPT475 - CS Capping/SENDHELP/Frogger/Assets
GfxDevice: creating device client; threaded=0
Direct3D:
    Version:  Direct3D 11.0 [level 11.1]
    Renderer: NVIDIA GeForce RTX 2060 (ID=0x1f08)
    Vendor:   
    VRAM:     5980 MB
    Driver:   27.21.14.6079
Initialize mono
Mono path[0] = 'C:/Program Files/Unity/Hub/Editor/2020.3.18f1/Editor/Data/Managed'
Mono path[1] = 'C:/Program Files/Unity/Hub/Editor/2020.3.18f1/Editor/Data/MonoBleedingEdge/lib/mono/unityjit'
Mono config path = 'C:/Program Files/Unity/Hub/Editor/2020.3.18f1/Editor/Data/MonoBleedingEdge/etc'
Using monoOptions --debugger-agent=transport=dt_socket,embedding=1,server=y,suspend=n,address=127.0.0.1:56616
Begin MonoManager ReloadAssembly
Registering precompiled unity dll's ...
Register platform support module: C:/Program Files/Unity/Hub/Editor/2020.3.18f1/Editor/Data/PlaybackEngines/WindowsStandaloneSupport/UnityEditor.WindowsStandalone.Extensions.dll
Registered in 0.002187 seconds.
Native extension for WindowsStandalone target not found
Refreshing native plugins compatible for Editor in 37.13 ms, found 3 plugins.
Preloading 0 native plugins for Editor in 0.00 ms.
Mono: successfully reloaded assembly
- Completed reload, in  1.113 seconds
Domain Reload Profiling:
	ReloadAssembly (1113ms)
		BeginReloadAssembly (51ms)
			ExecutionOrderSort (0ms)
			DisableScriptedObjects (0ms)
			BackupInstance (0ms)
			ReleaseScriptingObjects (0ms)
			CreateAndSetChildDomain (1ms)
		EndReloadAssembly (405ms)
			LoadAssemblies (48ms)
			RebuildTransferFunctionScriptingTraits (0ms)
			SetupTypeCache (159ms)
			ReleaseScriptCaches (0ms)
			RebuildScriptCaches (27ms)
			SetupLoadedEditorAssemblies (155ms)
				LogAssemblyErrors (0ms)
				InitializePlatformSupportModulesInManaged (3ms)
				SetLoadedEditorAssemblies (0ms)
				RefreshPlugins (37ms)
				BeforeProcessingInitializeOnLoad (8ms)
				ProcessInitializeOnLoadAttributes (80ms)
				ProcessInitializeOnLoadMethodAttributes (26ms)
				AfterProcessingInitializeOnLoad (0ms)
				EditorAssembliesLoaded (0ms)
			ExecutionOrderSort2 (0ms)
			AwakeInstancesAfterBackupRestoration (0ms)
Platform modules already initialized, skipping
Registering precompiled user dll's ...
Registered in 0.003472 seconds.
Begin MonoManager ReloadAssembly
Native extension for WindowsStandalone target not found
Refreshing native plugins compatible for Editor in 37.37 ms, found 3 plugins.
Preloading 0 native plugins for Editor in 0.00 ms.
Mono: successfully reloaded assembly
- Completed reload, in  1.056 seconds
Domain Reload Profiling:
	ReloadAssembly (1056ms)
		BeginReloadAssembly (138ms)
			ExecutionOrderSort (0ms)
			DisableScriptedObjects (4ms)
			BackupInstance (0ms)
			ReleaseScriptingObjects (0ms)
			CreateAndSetChildDomain (16ms)
		EndReloadAssembly (858ms)
			LoadAssemblies (90ms)
			RebuildTransferFunctionScriptingTraits (0ms)
			SetupTypeCache (294ms)
			ReleaseScriptCaches (0ms)
			RebuildScriptCaches (49ms)
			SetupLoadedEditorAssemblies (310ms)
				LogAssemblyErrors (0ms)
				InitializePlatformSupportModulesInManaged (4ms)
				SetLoadedEditorAssemblies (0ms)
				RefreshPlugins (37ms)
				BeforeProcessingInitializeOnLoad (64ms)
				ProcessInitializeOnLoadAttributes (185ms)
				ProcessInitializeOnLoadMethodAttributes (12ms)
				AfterProcessingInitializeOnLoad (7ms)
				EditorAssembliesLoaded (0ms)
			ExecutionOrderSort2 (0ms)
			AwakeInstancesAfterBackupRestoration (6ms)
Platform modules already initialized, skipping
========================================================================
Worker process is ready to serve import requests
Launched and connected shader compiler UnityShaderCompiler.exe after 0.10 seconds
Refreshing native plugins compatible for Editor in 0.36 ms, found 3 plugins.
Preloading 0 native plugins for Editor in 0.00 ms.
Unloading 2090 Unused Serialized files (Serialized files now loaded: 0)
System memory in use before: 93.0 MB.
System memory in use after: 93.1 MB.

Unloading 26 unused Assets to reduce memory usage. Loaded Objects now: 2529.
Total: 2.735800 ms (FindLiveObjects: 0.205100 ms CreateObjectMapping: 0.099900 ms MarkObjects: 2.368200 ms  DeleteObjects: 0.061600 ms)

AssetImportParameters requested are different than current active one (requested -> active):
  custom:framework-win-MediaFoundation: 216162199b28c13a410421893ffa2e32 -> 
  custom:video-decoder-ogg-theora: a1e56fd34408186e4bbccfd4996cb3dc -> 
  custom:container-muxer-webm: aa71ff27fc2769a1b78a27578f13a17b -> 
  custom:container-demuxer-webm: 4f35f7cbe854078d1ac9338744f61a02 -> 
  custom:container-demuxer-ogg: 62fdf1f143b41e24485cea50d1cbac27 -> 
  custom:video-encoder-webm-vp8: eb34c28f22e8b96e1ab97ce403110664 -> 
  custom:video-decoder-webm-vp8: 9c59270c3fd7afecdb556c50c9e8de78 -> 
  custom:audio-decoder-ogg-vorbis: bf7c407c2cedff20999df2af8eb42d56 -> 
  custom:audio-encoder-webm-vorbis: bf7c407c2cedff20999df2af8eb42d56 -> 
========================================================================
Received Import Request.
  path: Assets/Sprites/Road.png
  artifactKey: Guid(58ae03370791d2847ad9b54bed8bfa93) Importer(815301076,1909f56bfc062723c751e8b465ee728b)
Start importing Assets/Sprites/Road.png using Guid(58ae03370791d2847ad9b54bed8bfa93) Importer(815301076,1909f56bfc062723c751e8b465ee728b)  -> (artifact id: '7a169064139f5cc5a11390bd8f124116') in 0.129584 seconds 
  Import took 0.132699 seconds .

========================================================================
Received Import Request.
  Time since last request: 0.000150 seconds.
  path: Assets/Sprites/system-update.png
  artifactKey: Guid(153812b944e587f4b94b92a90dde8c35) Importer(815301076,1909f56bfc062723c751e8b465ee728b)
Start importing Assets/Sprites/system-update.png using Guid(153812b944e587f4b94b92a90dde8c35) Importer(815301076,1909f56bfc062723c751e8b465ee728b)  -> (artifact id: '73cf743a4a9ab605ab75d54c245ac293') in 0.016698 seconds 
  Import took 0.019246 seconds .

========================================================================
Received Import Request.
  Time since last request: 0.000144 seconds.
  path: Assets/Sprites/vpn.png
  artifactKey: Guid(ad093d506a63a5d40ad88217c67f9f53) Importer(815301076,1909f56bfc062723c751e8b465ee728b)
Start importing Assets/Sprites/vpn.png using Guid(ad093d506a63a5d40ad88217c67f9f53) Importer(815301076,1909f56bfc062723c751e8b465ee728b)  -> (artifact id: '2cb3c5dfce93e98897892f446741a29b') in 0.013815 seconds 
  Import took 0.016641 seconds .

========================================================================
Received Import Request.
  Time since last request: 0.000146 seconds.
  path: Assets/Sprites/Water.png
  artifactKey: Guid(14dcfefee1ea6e240a66cc56beaa0cc0) Importer(815301076,1909f56bfc062723c751e8b465ee728b)
Start importing Assets/Sprites/Water.png using Guid(14dcfefee1ea6e240a66cc56beaa0cc0) Importer(815301076,1909f56bfc062723c751e8b465ee728b)  -> (artifact id: '099b40c174241c581e3238fbbbfc84bf') in 0.012220 seconds 
  Import took 0.015366 seconds .

========================================================================
Received Import Request.
  Time since last request: 0.000160 seconds.
  path: Assets/Sprites/fingerprint-scan.png
  artifactKey: Guid(3d9c366250717754e93a50f5541f9797) Importer(815301076,1909f56bfc062723c751e8b465ee728b)
Start importing Assets/Sprites/fingerprint-scan.png using Guid(3d9c366250717754e93a50f5541f9797) Importer(815301076,1909f56bfc062723c751e8b465ee728b)  -> (artifact id: '9fcc80c95fbf6ca718d4f85e7664163b') in 0.017944 seconds 
  Import took 0.021418 seconds .

========================================================================
Received Import Request.
  Time since last request: 0.000148 seconds.
  path: Assets/Sprites/spam.png
  artifactKey: Guid(04bd3cc86809526419b11fd8d9b742f4) Importer(815301076,1909f56bfc062723c751e8b465ee728b)
Start importing Assets/Sprites/spam.png using Guid(04bd3cc86809526419b11fd8d9b742f4) Importer(815301076,1909f56bfc062723c751e8b465ee728b)  -> (artifact id: 'ce0cf104dd1180858fa4e2fbcf3f71da') in 0.015867 seconds 
  Import took 0.018779 seconds .

========================================================================
Received Import Request.
  Time since last request: 0.000143 seconds.
  path: Assets/Sprites/unlock.png
  artifactKey: Guid(26e6f3c3d1c88cb48926d945d8547f6b) Importer(815301076,1909f56bfc062723c751e8b465ee728b)
Start importing Assets/Sprites/unlock.png using Guid(26e6f3c3d1c88cb48926d945d8547f6b) Importer(815301076,1909f56bfc062723c751e8b465ee728b)  -> (artifact id: 'bf68eaec4e4c95d8d5e37b5b7abedbc3') in 0.012133 seconds 
  Import took 0.015157 seconds .

========================================================================
Received Import Request.
  Time since last request: 0.000153 seconds.
  path: Assets/Sprites/log.png
  artifactKey: Guid(0377372177f7a1846a38298a9e591451) Importer(815301076,1909f56bfc062723c751e8b465ee728b)
Start importing Assets/Sprites/log.png using Guid(0377372177f7a1846a38298a9e591451) Importer(815301076,1909f56bfc062723c751e8b465ee728b)  -> (artifact id: '29c6957267b1f005fc627499f12495c4') in 0.013804 seconds 
  Import took 0.016689 seconds .

========================================================================
Received Import Request.
  Time since last request: 0.000150 seconds.
  path: Assets/Sprites/worm.png
  artifactKey: Guid(f6106092a5515d541b3c1279386508fa) Importer(815301076,1909f56bfc062723c751e8b465ee728b)
Start importing Assets/Sprites/worm.png using Guid(f6106092a5515d541b3c1279386508fa) Importer(815301076,1909f56bfc062723c751e8b465ee728b)  -> (artifact id: 'cc7cb8ebee156f1985ddd9e183f8c7f5') in 0.015734 seconds 
  Import took 0.018578 seconds .

========================================================================
Received Import Request.
  Time since last request: 0.000140 seconds.
  path: Assets/Sprites/antivirus.png
  artifactKey: Guid(ec4ec251ca86a5049bfdb6dfecf8856b) Importer(815301076,1909f56bfc062723c751e8b465ee728b)
Start importing Assets/Sprites/antivirus.png using Guid(ec4ec251ca86a5049bfdb6dfecf8856b) Importer(815301076,1909f56bfc062723c751e8b465ee728b)  -> (artifact id: '93fbe7c8ef162a34f13c30b1fb21e021') in 0.014264 seconds 
  Import took 0.017274 seconds .

========================================================================
Received Import Request.
  Time since last request: 0.669615 seconds.
  path: Assets/Sprites/double-door-opened.png
  artifactKey: Guid(4ce55932e4e70624aacee2098239f836) Importer(815301076,1909f56bfc062723c751e8b465ee728b)
Start importing Assets/Sprites/double-door-opened.png using Guid(4ce55932e4e70624aacee2098239f836) Importer(815301076,1909f56bfc062723c751e8b465ee728b)  -> (artifact id: 'ae9c47ad0f1455dff57c86851e657c45') in 0.016697 seconds 
  Import took 0.019790 seconds .

========================================================================
Received Import Request.
  Time since last request: 10.639565 seconds.
  path: Assets/Sprites/Home.png
  artifactKey: Guid(6ad8a29ffd0a79b409a39632c74f56ad) Importer(815301076,1909f56bfc062723c751e8b465ee728b)
Start importing Assets/Sprites/Home.png using Guid(6ad8a29ffd0a79b409a39632c74f56ad) Importer(815301076,1909f56bfc062723c751e8b465ee728b)  -> (artifact id: '81514b72a93afe423782c918de42bc43') in 0.012536 seconds 
  Import took 0.016073 seconds .

========================================================================
Received Import Request.
  Time since last request: 8.819247 seconds.
  path: Assets/Sprites/FroggerLeap.png
  artifactKey: Guid(3d63ddd493a48db41b721064c0820d08) Importer(815301076,1909f56bfc062723c751e8b465ee728b)
Start importing Assets/Sprites/FroggerLeap.png using Guid(3d63ddd493a48db41b721064c0820d08) Importer(815301076,1909f56bfc062723c751e8b465ee728b)  -> (artifact id: 'f11e6b1eaf8ba7d05239f8f914de4d45') in 0.019451 seconds 
  Import took 0.022582 seconds .

========================================================================
Received Import Request.
  Time since last request: 10.544527 seconds.
  path: Assets/Sprites/Median.png
  artifactKey: Guid(1adf812dd6e6a4c43b726e48d28910a8) Importer(815301076,1909f56bfc062723c751e8b465ee728b)
Start importing Assets/Sprites/Median.png using Guid(1adf812dd6e6a4c43b726e48d28910a8) Importer(815301076,1909f56bfc062723c751e8b465ee728b)  -> (artifact id: 'dbc82dfe6da3f5d9a5bb5079e537caba') in 0.017260 seconds 
  Import took 0.020769 seconds .

========================================================================
Received Import Request.
  Time since last request: 101.433810 seconds.
  path: Assets/Sprites/Median.png
  artifactKey: Guid(1adf812dd6e6a4c43b726e48d28910a8) Importer(815301076,1909f56bfc062723c751e8b465ee728b)
Start importing Assets/Sprites/Median.png using Guid(1adf812dd6e6a4c43b726e48d28910a8) Importer(815301076,1909f56bfc062723c751e8b465ee728b)  -> (artifact id: '8e135945404e5ff8702ce166f1c6063d') in 0.011606 seconds 
  Import took 0.015340 seconds .

========================================================================
Received Import Request.
  Time since last request: 18.850853 seconds.
  path: Assets/Sprites/firewall.png
  artifactKey: Guid(553cf8327ba01cb49b80dcbe718e6eda) Importer(815301076,1909f56bfc062723c751e8b465ee728b)
Start importing Assets/Sprites/firewall.png using Guid(553cf8327ba01cb49b80dcbe718e6eda) Importer(815301076,1909f56bfc062723c751e8b465ee728b)  -> (artifact id: 'f0c4d5fdc577db901c0b983399d16769') in 0.019273 seconds 
  Import took 0.022346 seconds .

========================================================================
Received Import Request.
  Time since last request: 0.001406 seconds.
  path: Assets/Sprites/antivirus.png
  artifactKey: Guid(ec4ec251ca86a5049bfdb6dfecf8856b) Importer(815301076,1909f56bfc062723c751e8b465ee728b)
Start importing Assets/Sprites/antivirus.png using Guid(ec4ec251ca86a5049bfdb6dfecf8856b) Importer(815301076,1909f56bfc062723c751e8b465ee728b)  -> (artifact id: '38a814f6eec9694f411a5d2a00d09ff0') in 0.017119 seconds 
  Import took 0.020251 seconds .

========================================================================
Received Import Request.
  Time since last request: 0.000156 seconds.
  path: Assets/Sprites/Road.png
  artifactKey: Guid(58ae03370791d2847ad9b54bed8bfa93) Importer(815301076,1909f56bfc062723c751e8b465ee728b)
Start importing Assets/Sprites/Road.png using Guid(58ae03370791d2847ad9b54bed8bfa93) Importer(815301076,1909f56bfc062723c751e8b465ee728b)  -> (artifact id: 'dc0e30f195f3d18d978fd9acd2d93c63') in 0.011792 seconds 
  Import took 0.016232 seconds .

========================================================================
Received Import Request.
  Time since last request: 0.000147 seconds.
  path: Assets/Sprites/double-door-opened.png
  artifactKey: Guid(4ce55932e4e70624aacee2098239f836) Importer(815301076,1909f56bfc062723c751e8b465ee728b)
Start importing Assets/Sprites/double-door-opened.png using Guid(4ce55932e4e70624aacee2098239f836) Importer(815301076,1909f56bfc062723c751e8b465ee728b)  -> (artifact id: '282ea622eda5c0e2553698c28801edc1') in 0.016198 seconds 
  Import took 0.018866 seconds .

========================================================================
Received Import Request.
  Time since last request: 0.000141 seconds.
  path: Assets/Sprites/Home.png
  artifactKey: Guid(6ad8a29ffd0a79b409a39632c74f56ad) Importer(815301076,1909f56bfc062723c751e8b465ee728b)
Start importing Assets/Sprites/Home.png using Guid(6ad8a29ffd0a79b409a39632c74f56ad) Importer(815301076,1909f56bfc062723c751e8b465ee728b)  -> (artifact id: '9f8130546c7b1a011e9e31bed0ec6966') in 0.012316 seconds 
  Import took 0.014946 seconds .

========================================================================
Received Import Request.
  Time since last request: 0.000151 seconds.
  path: Assets/Sprites/system-update.png
  artifactKey: Guid(153812b944e587f4b94b92a90dde8c35) Importer(815301076,1909f56bfc062723c751e8b465ee728b)
Start importing Assets/Sprites/system-update.png using Guid(153812b944e587f4b94b92a90dde8c35) Importer(815301076,1909f56bfc062723c751e8b465ee728b)  -> (artifact id: '746c8f6f50d5c67b999c1d357576ef51') in 0.017911 seconds 
  Import took 0.020494 seconds .

========================================================================
Received Import Request.
  Time since last request: 0.000148 seconds.
  path: Assets/Sprites/vpn.png
  artifactKey: Guid(ad093d506a63a5d40ad88217c67f9f53) Importer(815301076,1909f56bfc062723c751e8b465ee728b)
Start importing Assets/Sprites/vpn.png using Guid(ad093d506a63a5d40ad88217c67f9f53) Importer(815301076,1909f56bfc062723c751e8b465ee728b)  -> (artifact id: 'e08b71363860d17af78fe1a9e325f727') in 0.014418 seconds 
  Import took 0.017298 seconds .

========================================================================
Received Import Request.
  Time since last request: 0.000156 seconds.
  path: Assets/Sprites/Water.png
  artifactKey: Guid(14dcfefee1ea6e240a66cc56beaa0cc0) Importer(815301076,1909f56bfc062723c751e8b465ee728b)
Start importing Assets/Sprites/Water.png using Guid(14dcfefee1ea6e240a66cc56beaa0cc0) Importer(815301076,1909f56bfc062723c751e8b465ee728b)  -> (artifact id: 'ef279717f6b5ac10c4c8a490dd2ee503') in 0.010169 seconds 
  Import took 0.013215 seconds .

========================================================================
Received Import Request.
  Time since last request: 0.000131 seconds.
  path: Assets/Sprites/fingerprint-scan.png
  artifactKey: Guid(3d9c366250717754e93a50f5541f9797) Importer(815301076,1909f56bfc062723c751e8b465ee728b)
Start importing Assets/Sprites/fingerprint-scan.png using Guid(3d9c366250717754e93a50f5541f9797) Importer(815301076,1909f56bfc062723c751e8b465ee728b)  -> (artifact id: '706993ec653ccdc29de65a2071c7b1de') in 0.020328 seconds 
  Import took 0.023257 seconds .

========================================================================
Received Import Request.
  Time since last request: 0.000197 seconds.
  path: Assets/Sprites/spam.png
  artifactKey: Guid(04bd3cc86809526419b11fd8d9b742f4) Importer(815301076,1909f56bfc062723c751e8b465ee728b)
Start importing Assets/Sprites/spam.png using Guid(04bd3cc86809526419b11fd8d9b742f4) Importer(815301076,1909f56bfc062723c751e8b465ee728b)  -> (artifact id: 'dfd6c435b24561b79cd265b78f0aa559') in 0.012143 seconds 
  Import took 0.015200 seconds .

========================================================================
Received Import Request.
  Time since last request: 0.000146 seconds.
  path: Assets/Sprites/unlock.png
  artifactKey: Guid(26e6f3c3d1c88cb48926d945d8547f6b) Importer(815301076,1909f56bfc062723c751e8b465ee728b)
Start importing Assets/Sprites/unlock.png using Guid(26e6f3c3d1c88cb48926d945d8547f6b) Importer(815301076,1909f56bfc062723c751e8b465ee728b)  -> (artifact id: '8dd63e03fec3c48363c38c532f11a9d2') in 0.011624 seconds 
  Import took 0.014557 seconds .

========================================================================
Received Import Request.
  Time since last request: 0.000134 seconds.
  path: Assets/Sprites/log.png
  artifactKey: Guid(0377372177f7a1846a38298a9e591451) Importer(815301076,1909f56bfc062723c751e8b465ee728b)
Start importing Assets/Sprites/log.png using Guid(0377372177f7a1846a38298a9e591451) Importer(815301076,1909f56bfc062723c751e8b465ee728b)  -> (artifact id: 'f98fb39bd99b3830e3e3e5ab76f8e0fc') in 0.014444 seconds 
  Import took 0.017715 seconds .

========================================================================
Received Import Request.
  Time since last request: 0.000151 seconds.
  path: Assets/Sprites/worm.png
  artifactKey: Guid(f6106092a5515d541b3c1279386508fa) Importer(815301076,1909f56bfc062723c751e8b465ee728b)
Start importing Assets/Sprites/worm.png using Guid(f6106092a5515d541b3c1279386508fa) Importer(815301076,1909f56bfc062723c751e8b465ee728b)  -> (artifact id: 'efd654a17e1c8b97a8ee684255d2655b') in 0.013623 seconds 
  Import took 0.016772 seconds .

========================================================================
Received Import Request.
  Time since last request: 502.855739 seconds.
  path: Assets/Sprites/Median.png
  artifactKey: Guid(1adf812dd6e6a4c43b726e48d28910a8) Importer(815301076,1909f56bfc062723c751e8b465ee728b)
Start importing Assets/Sprites/Median.png using Guid(1adf812dd6e6a4c43b726e48d28910a8) Importer(815301076,1909f56bfc062723c751e8b465ee728b)  -> (artifact id: 'ee2265c066e70ab773f5601fcd358ff1') in 0.009855 seconds 
  Import took 0.013404 seconds .

========================================================================
Received Import Request.
  Time since last request: 41.233747 seconds.
  path: ProjectSettings/TagManager.asset
  artifactKey: Guid(00000000000000003000000000000000) Importer(815301076,1909f56bfc062723c751e8b465ee728b)
Start importing ProjectSettings/TagManager.asset using Guid(00000000000000003000000000000000) Importer(815301076,1909f56bfc062723c751e8b465ee728b)  -> (artifact id: '95df672b4aaba54310d34c83eef51bb8') in 0.014019 seconds 
  Import took 0.017524 seconds .

========================================================================
Received Prepare
Registering precompiled user dll's ...
Registered in 0.003441 seconds.
Begin MonoManager ReloadAssembly
Native extension for WindowsStandalone target not found
Refreshing native plugins compatible for Editor in 0.38 ms, found 3 plugins.
Preloading 0 native plugins for Editor in 0.00 ms.
Mono: successfully reloaded assembly
- Completed reload, in  0.937 seconds
Domain Reload Profiling:
	ReloadAssembly (938ms)
		BeginReloadAssembly (117ms)
			ExecutionOrderSort (0ms)
			DisableScriptedObjects (5ms)
			BackupInstance (0ms)
			ReleaseScriptingObjects (0ms)
			CreateAndSetChildDomain (30ms)
		EndReloadAssembly (758ms)
			LoadAssemblies (84ms)
			RebuildTransferFunctionScriptingTraits (0ms)
			SetupTypeCache (265ms)
			ReleaseScriptCaches (1ms)
			RebuildScriptCaches (38ms)
			SetupLoadedEditorAssemblies (276ms)
				LogAssemblyErrors (0ms)
				InitializePlatformSupportModulesInManaged (4ms)
				SetLoadedEditorAssemblies (0ms)
				RefreshPlugins (0ms)
				BeforeProcessingInitializeOnLoad (58ms)
				ProcessInitializeOnLoadAttributes (201ms)
				ProcessInitializeOnLoadMethodAttributes (5ms)
				AfterProcessingInitializeOnLoad (7ms)
				EditorAssembliesLoaded (0ms)
			ExecutionOrderSort2 (0ms)
			AwakeInstancesAfterBackupRestoration (10ms)
Platform modules already initialized, skipping
Refreshing native plugins compatible for Editor in 0.37 ms, found 3 plugins.
Preloading 0 native plugins for Editor in 0.00 ms.
Unloading 2080 Unused Serialized files (Serialized files now loaded: 0)
System memory in use before: 95.5 MB.
System memory in use after: 95.6 MB.

Unloading 15 unused Assets to reduce memory usage. Loaded Objects now: 2542.
Total: 2.539500 ms (FindLiveObjects: 0.159000 ms CreateObjectMapping: 0.068600 ms MarkObjects: 2.295200 ms  DeleteObjects: 0.015400 ms)

AssetImportParameters requested are different than current active one (requested -> active):
  custom:framework-win-MediaFoundation: 216162199b28c13a410421893ffa2e32 -> 
  custom:video-decoder-ogg-theora: a1e56fd34408186e4bbccfd4996cb3dc -> 
  custom:container-muxer-webm: aa71ff27fc2769a1b78a27578f13a17b -> 
  custom:container-demuxer-webm: 4f35f7cbe854078d1ac9338744f61a02 -> 
  custom:container-demuxer-ogg: 62fdf1f143b41e24485cea50d1cbac27 -> 
  custom:video-encoder-webm-vp8: eb34c28f22e8b96e1ab97ce403110664 -> 
  custom:video-decoder-webm-vp8: 9c59270c3fd7afecdb556c50c9e8de78 -> 
  custom:audio-decoder-ogg-vorbis: bf7c407c2cedff20999df2af8eb42d56 -> 
  custom:audio-encoder-webm-vorbis: bf7c407c2cedff20999df2af8eb42d56 -> 
========================================================================
Received Import Request.
  Time since last request: 333.405063 seconds.
  path: Assets/Prefab
  artifactKey: Guid(f58e56d0958129c48a4ecf3db833896c) Importer(815301076,1909f56bfc062723c751e8b465ee728b)
Start importing Assets/Prefab using Guid(f58e56d0958129c48a4ecf3db833896c) Importer(815301076,1909f56bfc062723c751e8b465ee728b)  -> (artifact id: 'fe72bcec74111a9f853a372fae4d6040') in 0.009288 seconds 
  Import took 0.012445 seconds .

========================================================================
Received Import Request.
  Time since last request: 630.386520 seconds.
  path: Assets/Sprites/antivirus.png
  artifactKey: Guid(ec4ec251ca86a5049bfdb6dfecf8856b) Importer(815301076,1909f56bfc062723c751e8b465ee728b)
Start importing Assets/Sprites/antivirus.png using Guid(ec4ec251ca86a5049bfdb6dfecf8856b) Importer(815301076,1909f56bfc062723c751e8b465ee728b)  -> (artifact id: 'dc47d1aad4238f86fd9d7d5e949bfee5') in 0.051902 seconds 
  Import took 0.055290 seconds .

========================================================================
Received Import Request.
  Time since last request: 0.000158 seconds.
  path: Assets/Sprites/double-door-opened.png
  artifactKey: Guid(4ce55932e4e70624aacee2098239f836) Importer(815301076,1909f56bfc062723c751e8b465ee728b)
Start importing Assets/Sprites/double-door-opened.png using Guid(4ce55932e4e70624aacee2098239f836) Importer(815301076,1909f56bfc062723c751e8b465ee728b)  -> (artifact id: 'f3903e38e8b5b09ac5f0c2a7f8c503a6') in 0.016708 seconds 
  Import took 0.019687 seconds .

========================================================================
Received Import Request.
  Time since last request: 0.000143 seconds.
  path: Assets/Sprites/firewall.png
  artifactKey: Guid(553cf8327ba01cb49b80dcbe718e6eda) Importer(815301076,1909f56bfc062723c751e8b465ee728b)
Start importing Assets/Sprites/firewall.png using Guid(553cf8327ba01cb49b80dcbe718e6eda) Importer(815301076,1909f56bfc062723c751e8b465ee728b)  -> (artifact id: '7deaec46694d57519528065e0185a18b') in 0.012907 seconds 
  Import took 0.015896 seconds .

========================================================================
Received Import Request.
  Time since last request: 0.000148 seconds.
  path: Assets/Sprites/system-update.png
  artifactKey: Guid(153812b944e587f4b94b92a90dde8c35) Importer(815301076,1909f56bfc062723c751e8b465ee728b)
Start importing Assets/Sprites/system-update.png using Guid(153812b944e587f4b94b92a90dde8c35) Importer(815301076,1909f56bfc062723c751e8b465ee728b)  -> (artifact id: '9cc9db38c6034188d469cf82cbe8073e') in 0.010391 seconds 
  Import took 0.012918 seconds .

========================================================================
Received Import Request.
  Time since last request: 0.000420 seconds.
  path: Assets/Sprites/vpn.png
  artifactKey: Guid(ad093d506a63a5d40ad88217c67f9f53) Importer(815301076,1909f56bfc062723c751e8b465ee728b)
Start importing Assets/Sprites/vpn.png using Guid(ad093d506a63a5d40ad88217c67f9f53) Importer(815301076,1909f56bfc062723c751e8b465ee728b)  -> (artifact id: '0c0e0c5725bd3758e844c3e057a1da4b') in 0.011662 seconds 
  Import took 0.015522 seconds .

========================================================================
Received Import Request.
  Time since last request: 0.000153 seconds.
  path: Assets/Sprites/fingerprint-scan.png
  artifactKey: Guid(3d9c366250717754e93a50f5541f9797) Importer(815301076,1909f56bfc062723c751e8b465ee728b)
Start importing Assets/Sprites/fingerprint-scan.png using Guid(3d9c366250717754e93a50f5541f9797) Importer(815301076,1909f56bfc062723c751e8b465ee728b)  -> (artifact id: '443fb89ad02aea3e496a83e0cd0969f6') in 0.011290 seconds 
  Import took 0.014620 seconds .

========================================================================
Received Import Request.
  Time since last request: 0.000167 seconds.
  path: Assets/Sprites/spam.png
  artifactKey: Guid(04bd3cc86809526419b11fd8d9b742f4) Importer(815301076,1909f56bfc062723c751e8b465ee728b)
Start importing Assets/Sprites/spam.png using Guid(04bd3cc86809526419b11fd8d9b742f4) Importer(815301076,1909f56bfc062723c751e8b465ee728b)  -> (artifact id: '664d854ad1cf64cf01e1633f94c38786') in 0.015038 seconds 
  Import took 0.019085 seconds .

========================================================================
Received Import Request.
  Time since last request: 0.000177 seconds.
  path: Assets/Sprites/unlock.png
  artifactKey: Guid(26e6f3c3d1c88cb48926d945d8547f6b) Importer(815301076,1909f56bfc062723c751e8b465ee728b)
Start importing Assets/Sprites/unlock.png using Guid(26e6f3c3d1c88cb48926d945d8547f6b) Importer(815301076,1909f56bfc062723c751e8b465ee728b)  -> (artifact id: 'a1054d2f8884b80fdafff4f2c0e6ba51') in 0.010486 seconds 
  Import took 0.013243 seconds .

========================================================================
Received Import Request.
  Time since last request: 0.000152 seconds.
  path: Assets/Sprites/log.png
  artifactKey: Guid(0377372177f7a1846a38298a9e591451) Importer(815301076,1909f56bfc062723c751e8b465ee728b)
Start importing Assets/Sprites/log.png using Guid(0377372177f7a1846a38298a9e591451) Importer(815301076,1909f56bfc062723c751e8b465ee728b)  -> (artifact id: '96bd2af8a5fe25f978a98b99c2c841cc') in 0.013498 seconds 
  Import took 0.016806 seconds .

========================================================================
Received Import Request.
  Time since last request: 0.000498 seconds.
  path: Assets/Sprites/worm.png
  artifactKey: Guid(f6106092a5515d541b3c1279386508fa) Importer(815301076,1909f56bfc062723c751e8b465ee728b)
Start importing Assets/Sprites/worm.png using Guid(f6106092a5515d541b3c1279386508fa) Importer(815301076,1909f56bfc062723c751e8b465ee728b)  -> (artifact id: '99be6067ef961b440109692263e11ee3') in 0.011906 seconds 
  Import took 0.014855 seconds .

========================================================================
Received Import Request.
  Time since last request: 34.036578 seconds.
  path: Assets/Sprites/antivirus.png
  artifactKey: Guid(ec4ec251ca86a5049bfdb6dfecf8856b) Importer(815301076,1909f56bfc062723c751e8b465ee728b)
Start importing Assets/Sprites/antivirus.png using Guid(ec4ec251ca86a5049bfdb6dfecf8856b) Importer(815301076,1909f56bfc062723c751e8b465ee728b)  -> (artifact id: 'db88a1986e09aefec0c3ee84ffd4c75e') in 0.014797 seconds 
  Import took 0.019404 seconds .

========================================================================
Received Import Request.
  Time since last request: 0.000155 seconds.
  path: Assets/Sprites/double-door-opened.png
  artifactKey: Guid(4ce55932e4e70624aacee2098239f836) Importer(815301076,1909f56bfc062723c751e8b465ee728b)
Start importing Assets/Sprites/double-door-opened.png using Guid(4ce55932e4e70624aacee2098239f836) Importer(815301076,1909f56bfc062723c751e8b465ee728b)  -> (artifact id: 'afe59929de5977a7be20bce9fe930edc') in 0.010352 seconds 
  Import took 0.013701 seconds .

========================================================================
Received Import Request.
  Time since last request: 0.000164 seconds.
  path: Assets/Sprites/firewall.png
  artifactKey: Guid(553cf8327ba01cb49b80dcbe718e6eda) Importer(815301076,1909f56bfc062723c751e8b465ee728b)
Start importing Assets/Sprites/firewall.png using Guid(553cf8327ba01cb49b80dcbe718e6eda) Importer(815301076,1909f56bfc062723c751e8b465ee728b)  -> (artifact id: '3c833492a81074c23fd3f88958f22d6b') in 0.015392 seconds 
  Import took 0.019781 seconds .

========================================================================
Received Import Request.
  Time since last request: 0.000171 seconds.
  path: Assets/Sprites/system-update.png
  artifactKey: Guid(153812b944e587f4b94b92a90dde8c35) Importer(815301076,1909f56bfc062723c751e8b465ee728b)
Start importing Assets/Sprites/system-update.png using Guid(153812b944e587f4b94b92a90dde8c35) Importer(815301076,1909f56bfc062723c751e8b465ee728b)  -> (artifact id: '6e013fbb4afbf61b8f7aa5db75a9f712') in 0.016579 seconds 
  Import took 0.021307 seconds .

========================================================================
Received Import Request.
  Time since last request: 0.000204 seconds.
  path: Assets/Sprites/vpn.png
  artifactKey: Guid(ad093d506a63a5d40ad88217c67f9f53) Importer(815301076,1909f56bfc062723c751e8b465ee728b)
Start importing Assets/Sprites/vpn.png using Guid(ad093d506a63a5d40ad88217c67f9f53) Importer(815301076,1909f56bfc062723c751e8b465ee728b)  -> (artifact id: '43c9b1adf6c5e2a001bc57ec4039267a') in 0.016770 seconds 
  Import took 0.021859 seconds .

========================================================================
Received Import Request.
  Time since last request: 0.000167 seconds.
  path: Assets/Sprites/fingerprint-scan.png
  artifactKey: Guid(3d9c366250717754e93a50f5541f9797) Importer(815301076,1909f56bfc062723c751e8b465ee728b)
Start importing Assets/Sprites/fingerprint-scan.png using Guid(3d9c366250717754e93a50f5541f9797) Importer(815301076,1909f56bfc062723c751e8b465ee728b)  -> (artifact id: '3f9619272a0b14d565a0cbec9e10eeb1') in 0.014223 seconds 
  Import took 0.018851 seconds .

========================================================================
Received Import Request.
  Time since last request: 0.000161 seconds.
  path: Assets/Sprites/spam.png
  artifactKey: Guid(04bd3cc86809526419b11fd8d9b742f4) Importer(815301076,1909f56bfc062723c751e8b465ee728b)
Start importing Assets/Sprites/spam.png using Guid(04bd3cc86809526419b11fd8d9b742f4) Importer(815301076,1909f56bfc062723c751e8b465ee728b)  -> (artifact id: 'd8f2c0bfbde297b17141508d89f8ca7e') in 0.016147 seconds 
  Import took 0.020083 seconds .

========================================================================
Received Import Request.
  Time since last request: 0.000168 seconds.
  path: Assets/Sprites/unlock.png
  artifactKey: Guid(26e6f3c3d1c88cb48926d945d8547f6b) Importer(815301076,1909f56bfc062723c751e8b465ee728b)
Start importing Assets/Sprites/unlock.png using Guid(26e6f3c3d1c88cb48926d945d8547f6b) Importer(815301076,1909f56bfc062723c751e8b465ee728b)  -> (artifact id: 'c7e421fe562c5fc3469307cad27f9497') in 0.016099 seconds 
  Import took 0.020010 seconds .

========================================================================
Received Import Request.
  Time since last request: 0.000200 seconds.
  path: Assets/Sprites/log.png
  artifactKey: Guid(0377372177f7a1846a38298a9e591451) Importer(815301076,1909f56bfc062723c751e8b465ee728b)
Start importing Assets/Sprites/log.png using Guid(0377372177f7a1846a38298a9e591451) Importer(815301076,1909f56bfc062723c751e8b465ee728b)  -> (artifact id: '1abd67e7a04b929dee1ad7bdfcdbc397') in 0.020587 seconds 
  Import took 0.028776 seconds .

========================================================================
Received Import Request.
  Time since last request: 0.000182 seconds.
  path: Assets/Sprites/worm.png
  artifactKey: Guid(f6106092a5515d541b3c1279386508fa) Importer(815301076,1909f56bfc062723c751e8b465ee728b)
Start importing Assets/Sprites/worm.png using Guid(f6106092a5515d541b3c1279386508fa) Importer(815301076,1909f56bfc062723c751e8b465ee728b)  -> (artifact id: '35b1740bb35f650d21aeebb50dba2640') in 0.013628 seconds 
  Import took 0.017604 seconds .

========================================================================
Received Prepare
Registering precompiled user dll's ...
Registered in 0.003368 seconds.
Begin MonoManager ReloadAssembly
Native extension for WindowsStandalone target not found
Refreshing native plugins compatible for Editor in 0.37 ms, found 3 plugins.
Preloading 0 native plugins for Editor in 0.00 ms.
Mono: successfully reloaded assembly
- Completed reload, in  0.958 seconds
Domain Reload Profiling:
	ReloadAssembly (958ms)
		BeginReloadAssembly (100ms)
			ExecutionOrderSort (0ms)
			DisableScriptedObjects (6ms)
			BackupInstance (0ms)
			ReleaseScriptingObjects (0ms)
			CreateAndSetChildDomain (31ms)
		EndReloadAssembly (795ms)
			LoadAssemblies (85ms)
			RebuildTransferFunctionScriptingTraits (0ms)
			SetupTypeCache (273ms)
			ReleaseScriptCaches (1ms)
			RebuildScriptCaches (38ms)
			SetupLoadedEditorAssemblies (299ms)
				LogAssemblyErrors (0ms)
				InitializePlatformSupportModulesInManaged (5ms)
				SetLoadedEditorAssemblies (0ms)
				RefreshPlugins (0ms)
				BeforeProcessingInitializeOnLoad (67ms)
				ProcessInitializeOnLoadAttributes (214ms)
				ProcessInitializeOnLoadMethodAttributes (5ms)
				AfterProcessingInitializeOnLoad (7ms)
				EditorAssembliesLoaded (0ms)
			ExecutionOrderSort2 (0ms)
			AwakeInstancesAfterBackupRestoration (10ms)
Platform modules already initialized, skipping
Refreshing native plugins compatible for Editor in 0.37 ms, found 3 plugins.
Preloading 0 native plugins for Editor in 0.00 ms.
Unloading 2080 Unused Serialized files (Serialized files now loaded: 0)
System memory in use before: 95.5 MB.
System memory in use after: 95.6 MB.

Unloading 14 unused Assets to reduce memory usage. Loaded Objects now: 2546.
Total: 2.644500 ms (FindLiveObjects: 0.168700 ms CreateObjectMapping: 0.071100 ms MarkObjects: 2.386800 ms  DeleteObjects: 0.016700 ms)

AssetImportParameters requested are different than current active one (requested -> active):
  custom:framework-win-MediaFoundation: 216162199b28c13a410421893ffa2e32 -> 
  custom:video-decoder-ogg-theora: a1e56fd34408186e4bbccfd4996cb3dc -> 
  custom:container-muxer-webm: aa71ff27fc2769a1b78a27578f13a17b -> 
  custom:container-demuxer-webm: 4f35f7cbe854078d1ac9338744f61a02 -> 
  custom:container-demuxer-ogg: 62fdf1f143b41e24485cea50d1cbac27 -> 
  custom:video-encoder-webm-vp8: eb34c28f22e8b96e1ab97ce403110664 -> 
  custom:video-decoder-webm-vp8: 9c59270c3fd7afecdb556c50c9e8de78 -> 
  custom:audio-decoder-ogg-vorbis: bf7c407c2cedff20999df2af8eb42d56 -> 
  custom:audio-encoder-webm-vorbis: bf7c407c2cedff20999df2af8eb42d56 -> 
========================================================================
Received Import Request.
  Time since last request: 84.436750 seconds.
  path: Assets/Sprites/antivirus 1.png
  artifactKey: Guid(e4ef2d3c576f238499c68834c20e7934) Importer(815301076,1909f56bfc062723c751e8b465ee728b)
Start importing Assets/Sprites/antivirus 1.png using Guid(e4ef2d3c576f238499c68834c20e7934) Importer(815301076,1909f56bfc062723c751e8b465ee728b)  -> (artifact id: 'b54fd4c293dbab9b0cbb2f3d9481dafa') in 0.049833 seconds 
  Import took 0.052963 seconds .

========================================================================
Received Prepare
Registering precompiled user dll's ...
Registered in 0.003455 seconds.
Begin MonoManager ReloadAssembly
Native extension for WindowsStandalone target not found
Refreshing native plugins compatible for Editor in 0.40 ms, found 3 plugins.
Preloading 0 native plugins for Editor in 0.00 ms.
Mono: successfully reloaded assembly
- Completed reload, in  1.025 seconds
Domain Reload Profiling:
	ReloadAssembly (1025ms)
		BeginReloadAssembly (99ms)
			ExecutionOrderSort (0ms)
			DisableScriptedObjects (5ms)
			BackupInstance (0ms)
			ReleaseScriptingObjects (0ms)
			CreateAndSetChildDomain (31ms)
		EndReloadAssembly (860ms)
			LoadAssemblies (86ms)
			RebuildTransferFunctionScriptingTraits (0ms)
			SetupTypeCache (297ms)
			ReleaseScriptCaches (1ms)
			RebuildScriptCaches (46ms)
			SetupLoadedEditorAssemblies (310ms)
				LogAssemblyErrors (0ms)
				InitializePlatformSupportModulesInManaged (4ms)
				SetLoadedEditorAssemblies (0ms)
				RefreshPlugins (0ms)
				BeforeProcessingInitializeOnLoad (61ms)
				ProcessInitializeOnLoadAttributes (230ms)
				ProcessInitializeOnLoadMethodAttributes (5ms)
				AfterProcessingInitializeOnLoad (8ms)
				EditorAssembliesLoaded (0ms)
			ExecutionOrderSort2 (0ms)
			AwakeInstancesAfterBackupRestoration (10ms)
Platform modules already initialized, skipping
Refreshing native plugins compatible for Editor in 0.37 ms, found 3 plugins.
Preloading 0 native plugins for Editor in 0.00 ms.
Unloading 2080 Unused Serialized files (Serialized files now loaded: 0)
System memory in use before: 95.6 MB.
System memory in use after: 95.7 MB.

Unloading 14 unused Assets to reduce memory usage. Loaded Objects now: 2550.
Total: 2.475900 ms (FindLiveObjects: 0.164500 ms CreateObjectMapping: 0.076300 ms MarkObjects: 2.220900 ms  DeleteObjects: 0.013200 ms)

AssetImportParameters requested are different than current active one (requested -> active):
  custom:framework-win-MediaFoundation: 216162199b28c13a410421893ffa2e32 -> 
  custom:video-decoder-ogg-theora: a1e56fd34408186e4bbccfd4996cb3dc -> 
  custom:container-muxer-webm: aa71ff27fc2769a1b78a27578f13a17b -> 
  custom:container-demuxer-webm: 4f35f7cbe854078d1ac9338744f61a02 -> 
  custom:container-demuxer-ogg: 62fdf1f143b41e24485cea50d1cbac27 -> 
  custom:video-encoder-webm-vp8: eb34c28f22e8b96e1ab97ce403110664 -> 
  custom:video-decoder-webm-vp8: 9c59270c3fd7afecdb556c50c9e8de78 -> 
  custom:audio-decoder-ogg-vorbis: bf7c407c2cedff20999df2af8eb42d56 -> 
  custom:audio-encoder-webm-vorbis: bf7c407c2cedff20999df2af8eb42d56 -> 
========================================================================
Received Import Request.
  Time since last request: 63.074560 seconds.
  path: Assets/Sprites/double-door-opened.png
  artifactKey: Guid(4ce55932e4e70624aacee2098239f836) Importer(815301076,1909f56bfc062723c751e8b465ee728b)
Start importing Assets/Sprites/double-door-opened.png using Guid(4ce55932e4e70624aacee2098239f836) Importer(815301076,1909f56bfc062723c751e8b465ee728b)  -> (artifact id: '556475e73c79c79b20665b41d9b7d7be') in 0.043434 seconds 
  Import took 0.046367 seconds .

========================================================================
Received Import Request.
  Time since last request: 0.000147 seconds.
  path: Assets/Sprites/firewall.png
  artifactKey: Guid(553cf8327ba01cb49b80dcbe718e6eda) Importer(815301076,1909f56bfc062723c751e8b465ee728b)
Start importing Assets/Sprites/firewall.png using Guid(553cf8327ba01cb49b80dcbe718e6eda) Importer(815301076,1909f56bfc062723c751e8b465ee728b)  -> (artifact id: 'fe8ee3716ec7d2f5b175c62113408673') in 0.007904 seconds 
  Import took 0.010466 seconds .

========================================================================
Received Import Request.
  Time since last request: 0.000136 seconds.
  path: Assets/Sprites/system-update.png
  artifactKey: Guid(153812b944e587f4b94b92a90dde8c35) Importer(815301076,1909f56bfc062723c751e8b465ee728b)
Start importing Assets/Sprites/system-update.png using Guid(153812b944e587f4b94b92a90dde8c35) Importer(815301076,1909f56bfc062723c751e8b465ee728b)  -> (artifact id: 'ca8fbe0a39c75bcd33f219328cb78be5') in 0.008652 seconds 
  Import took 0.011252 seconds .

========================================================================
Received Import Request.
  Time since last request: 0.000155 seconds.
  path: Assets/Sprites/vpn.png
  artifactKey: Guid(ad093d506a63a5d40ad88217c67f9f53) Importer(815301076,1909f56bfc062723c751e8b465ee728b)
Start importing Assets/Sprites/vpn.png using Guid(ad093d506a63a5d40ad88217c67f9f53) Importer(815301076,1909f56bfc062723c751e8b465ee728b)  -> (artifact id: 'e1172801df946d93d5c94cf6d1e95b5b') in 0.012774 seconds 
  Import took 0.015593 seconds .

========================================================================
Received Import Request.
  Time since last request: 0.000156 seconds.
  path: Assets/Sprites/fingerprint-scan.png
  artifactKey: Guid(3d9c366250717754e93a50f5541f9797) Importer(815301076,1909f56bfc062723c751e8b465ee728b)
Start importing Assets/Sprites/fingerprint-scan.png using Guid(3d9c366250717754e93a50f5541f9797) Importer(815301076,1909f56bfc062723c751e8b465ee728b)  -> (artifact id: '30f985cecfc137d394bbdd0ea06e5fe9') in 0.010453 seconds 
  Import took 0.013195 seconds .

========================================================================
Received Import Request.
  Time since last request: 0.000148 seconds.
  path: Assets/Sprites/spam.png
  artifactKey: Guid(04bd3cc86809526419b11fd8d9b742f4) Importer(815301076,1909f56bfc062723c751e8b465ee728b)
Start importing Assets/Sprites/spam.png using Guid(04bd3cc86809526419b11fd8d9b742f4) Importer(815301076,1909f56bfc062723c751e8b465ee728b)  -> (artifact id: 'fb2aeb4187d545d9741a117c7e0224e6') in 0.014638 seconds 
  Import took 0.017467 seconds .

========================================================================
Received Import Request.
  Time since last request: 0.000147 seconds.
  path: Assets/Sprites/unlock.png
  artifactKey: Guid(26e6f3c3d1c88cb48926d945d8547f6b) Importer(815301076,1909f56bfc062723c751e8b465ee728b)
Start importing Assets/Sprites/unlock.png using Guid(26e6f3c3d1c88cb48926d945d8547f6b) Importer(815301076,1909f56bfc062723c751e8b465ee728b)  -> (artifact id: '415c08bca4a9ec57a75efa85214124d1') in 0.011454 seconds 
  Import took 0.014456 seconds .

========================================================================
Received Import Request.
  Time since last request: 0.000158 seconds.
  path: Assets/Sprites/log.png
  artifactKey: Guid(0377372177f7a1846a38298a9e591451) Importer(815301076,1909f56bfc062723c751e8b465ee728b)
Start importing Assets/Sprites/log.png using Guid(0377372177f7a1846a38298a9e591451) Importer(815301076,1909f56bfc062723c751e8b465ee728b)  -> (artifact id: '39e44ffd08702b71eb8dbd0bb619b35e') in 0.011401 seconds 
  Import took 0.014102 seconds .

========================================================================
Received Import Request.
  Time since last request: 0.000157 seconds.
  path: Assets/Sprites/worm.png
  artifactKey: Guid(f6106092a5515d541b3c1279386508fa) Importer(815301076,1909f56bfc062723c751e8b465ee728b)
Start importing Assets/Sprites/worm.png using Guid(f6106092a5515d541b3c1279386508fa) Importer(815301076,1909f56bfc062723c751e8b465ee728b)  -> (artifact id: '027ce2a4c470a51852a3a20c3647b870') in 0.010892 seconds 
  Import took 0.013918 seconds .

========================================================================
Received Import Request.
  Time since last request: 0.000163 seconds.
  path: Assets/Sprites/antivirus.png
  artifactKey: Guid(ec4ec251ca86a5049bfdb6dfecf8856b) Importer(815301076,1909f56bfc062723c751e8b465ee728b)
Start importing Assets/Sprites/antivirus.png using Guid(ec4ec251ca86a5049bfdb6dfecf8856b) Importer(815301076,1909f56bfc062723c751e8b465ee728b)  -> (artifact id: '31b90a78bfc7643cccccbfd178856d9b') in 0.008237 seconds 
  Import took 0.011084 seconds .

========================================================================
Received Import Request.
  Time since last request: 67.433117 seconds.
  path: Assets/Sprites/worm (1).png
  artifactKey: Guid(3d0a635f9c1ef4b4c81fd54401e6ae4b) Importer(815301076,1909f56bfc062723c751e8b465ee728b)
Start importing Assets/Sprites/worm (1).png using Guid(3d0a635f9c1ef4b4c81fd54401e6ae4b) Importer(815301076,1909f56bfc062723c751e8b465ee728b)  -> (artifact id: '9711ae1485b99831830124b4536c53b4') in 0.031663 seconds 
  Import took 0.034436 seconds .

========================================================================
Received Import Request.
  Time since last request: 68.893273 seconds.
  path: Assets/Sprites/Median.png
  artifactKey: Guid(1adf812dd6e6a4c43b726e48d28910a8) Importer(815301076,1909f56bfc062723c751e8b465ee728b)
Start importing Assets/Sprites/Median.png using Guid(1adf812dd6e6a4c43b726e48d28910a8) Importer(815301076,1909f56bfc062723c751e8b465ee728b)  -> (artifact id: 'c9176eb6d40cd96a88e57fed7bfd88a2') in 0.010317 seconds 
  Import took 0.013718 seconds .

========================================================================
Received Import Request.
  Time since last request: 179.572016 seconds.
  path: Assets/Prefab/antivirus.prefab
  artifactKey: Guid(5fc6b46719958ed408d352efe1de2e14) Importer(815301076,1909f56bfc062723c751e8b465ee728b)
Start importing Assets/Prefab/antivirus.prefab using Guid(5fc6b46719958ed408d352efe1de2e14) Importer(815301076,1909f56bfc062723c751e8b465ee728b)  -> (artifact id: 'eba2f07cfba4f99badcf0bf51effac22') in 0.029666 seconds 
  Import took 0.034453 seconds .

========================================================================
Received Import Request.
  Time since last request: 310.520232 seconds.
  path: Assets/Sprites/firewalls.png
  artifactKey: Guid(839d4f9c30f21064e9774ad57be08c8d) Importer(815301076,1909f56bfc062723c751e8b465ee728b)
Start importing Assets/Sprites/firewalls.png using Guid(839d4f9c30f21064e9774ad57be08c8d) Importer(815301076,1909f56bfc062723c751e8b465ee728b)  -> (artifact id: '7893b244fb4d094617f60ca1f8488a30') in 0.014156 seconds 
  Import took 0.017923 seconds .

========================================================================
Received Import Request.
  Time since last request: 84.607141 seconds.
  path: Assets/Sprites/fingerprint-scan (1).png
  artifactKey: Guid(e6e97289307642a45b143736e6bae509) Importer(815301076,1909f56bfc062723c751e8b465ee728b)
Start importing Assets/Sprites/fingerprint-scan (1).png using Guid(e6e97289307642a45b143736e6bae509) Importer(815301076,1909f56bfc062723c751e8b465ee728b)  -> (artifact id: 'fb7bce47b7b75b78773e61a86d77e58d') in 0.016630 seconds 
  Import took 0.019383 seconds .

========================================================================
Received Import Request.
  Time since last request: 17.569832 seconds.
  path: Assets/Sprites/log-file.png
  artifactKey: Guid(c8b64a4602b961c48bf965f65a2a9e7c) Importer(815301076,1909f56bfc062723c751e8b465ee728b)
Start importing Assets/Sprites/log-file.png using Guid(c8b64a4602b961c48bf965f65a2a9e7c) Importer(815301076,1909f56bfc062723c751e8b465ee728b)  -> (artifact id: '2b2acd8d8aa44cf68471e7a2729006dc') in 0.043774 seconds 
  Import took 0.046914 seconds .

========================================================================
Received Import Request.
  Time since last request: 17.321953 seconds.
  path: Assets/Sprites/update.png
  artifactKey: Guid(8c047dcbf7d3ecd4881d196f156e4f50) Importer(815301076,1909f56bfc062723c751e8b465ee728b)
Start importing Assets/Sprites/update.png using Guid(8c047dcbf7d3ecd4881d196f156e4f50) Importer(815301076,1909f56bfc062723c751e8b465ee728b)  -> (artifact id: '8536347aa268a333ac7f946823edfbbd') in 0.018580 seconds 
  Import took 0.021463 seconds .

========================================================================
Received Import Request.
  Time since last request: 97.071379 seconds.
  path: Assets/Sprites/unlocked (3).png
  artifactKey: Guid(e902271c220ca3a42938453652fa460b) Importer(815301076,1909f56bfc062723c751e8b465ee728b)
Start importing Assets/Sprites/unlocked (3).png using Guid(e902271c220ca3a42938453652fa460b) Importer(815301076,1909f56bfc062723c751e8b465ee728b)  -> (artifact id: '1f6d1f7384886c6d7b9d130543a28de6') in 0.022174 seconds 
  Import took 0.025552 seconds .

========================================================================
Received Import Request.
  Time since last request: 78.737523 seconds.
  path: Assets/Sprites/fingerprint-scan (1).png
  artifactKey: Guid(e6e97289307642a45b143736e6bae509) Importer(815301076,1909f56bfc062723c751e8b465ee728b)
Start importing Assets/Sprites/fingerprint-scan (1).png using Guid(e6e97289307642a45b143736e6bae509) Importer(815301076,1909f56bfc062723c751e8b465ee728b)  -> (artifact id: '1be41d1dab6bc53a791bea4af5fac1a1') in 0.019034 seconds 
  Import took 0.022441 seconds .

========================================================================
Received Import Request.
  Time since last request: 0.000165 seconds.
  path: Assets/Sprites/log-file.png
  artifactKey: Guid(c8b64a4602b961c48bf965f65a2a9e7c) Importer(815301076,1909f56bfc062723c751e8b465ee728b)
Start importing Assets/Sprites/log-file.png using Guid(c8b64a4602b961c48bf965f65a2a9e7c) Importer(815301076,1909f56bfc062723c751e8b465ee728b)  -> (artifact id: 'adbe638e7231fd27e4a76afb052ea527') in 0.012949 seconds 
  Import took 0.016142 seconds .

========================================================================
Received Import Request.
  Time since last request: 0.000150 seconds.
  path: Assets/Sprites/worm (1).png
  artifactKey: Guid(3d0a635f9c1ef4b4c81fd54401e6ae4b) Importer(815301076,1909f56bfc062723c751e8b465ee728b)
Start importing Assets/Sprites/worm (1).png using Guid(3d0a635f9c1ef4b4c81fd54401e6ae4b) Importer(815301076,1909f56bfc062723c751e8b465ee728b)  -> (artifact id: 'bb9908de6899e3ac144ac0e38a8dbb91') in 0.014998 seconds 
  Import took 0.017947 seconds .

========================================================================
Received Import Request.
  Time since last request: 0.000149 seconds.
  path: Assets/Sprites/vpn.png
  artifactKey: Guid(ad093d506a63a5d40ad88217c67f9f53) Importer(815301076,1909f56bfc062723c751e8b465ee728b)
Start importing Assets/Sprites/vpn.png using Guid(ad093d506a63a5d40ad88217c67f9f53) Importer(815301076,1909f56bfc062723c751e8b465ee728b)  -> (artifact id: 'dc825a875cb5d01e2b5fdc03998d6813') in 0.017700 seconds 
  Import took 0.021593 seconds .

========================================================================
Received Import Request.
  Time since last request: 0.000148 seconds.
  path: Assets/Sprites/unlocked (3).png
  artifactKey: Guid(e902271c220ca3a42938453652fa460b) Importer(815301076,1909f56bfc062723c751e8b465ee728b)
Start importing Assets/Sprites/unlocked (3).png using Guid(e902271c220ca3a42938453652fa460b) Importer(815301076,1909f56bfc062723c751e8b465ee728b)  -> (artifact id: 'e5a4e0c9f6b9ac8a74018deeb24f9e33') in 0.013020 seconds 
  Import took 0.016602 seconds .

========================================================================
Received Import Request.
  Time since last request: 0.000161 seconds.
  path: Assets/Sprites/update.png
  artifactKey: Guid(8c047dcbf7d3ecd4881d196f156e4f50) Importer(815301076,1909f56bfc062723c751e8b465ee728b)
Start importing Assets/Sprites/update.png using Guid(8c047dcbf7d3ecd4881d196f156e4f50) Importer(815301076,1909f56bfc062723c751e8b465ee728b)  -> (artifact id: '4417cc06bf9ac9c1714c26fe29be9356') in 0.012913 seconds 
  Import took 0.015924 seconds .

========================================================================
Received Import Request.
  Time since last request: 0.000204 seconds.
  path: Assets/Sprites/firewalls.png
  artifactKey: Guid(839d4f9c30f21064e9774ad57be08c8d) Importer(815301076,1909f56bfc062723c751e8b465ee728b)
Start importing Assets/Sprites/firewalls.png using Guid(839d4f9c30f21064e9774ad57be08c8d) Importer(815301076,1909f56bfc062723c751e8b465ee728b)  -> (artifact id: '40d4ebd81d70a6f01f3e4fa00d160d92') in 0.013631 seconds 
  Import took 0.017001 seconds .

========================================================================
Received Import Request.
  Time since last request: 48.958500 seconds.
  path: Assets/Sprites/fingerprint-scan (1).png
  artifactKey: Guid(e6e97289307642a45b143736e6bae509) Importer(815301076,1909f56bfc062723c751e8b465ee728b)
Start importing Assets/Sprites/fingerprint-scan (1).png using Guid(e6e97289307642a45b143736e6bae509) Importer(815301076,1909f56bfc062723c751e8b465ee728b)  -> (artifact id: '991f44715f7ad7712ebae95b6ddb867a') in 0.032922 seconds 
  Import took 0.035716 seconds .

========================================================================
Received Import Request.
  Time since last request: 31.076301 seconds.
  path: Assets/Sprites/antivirus 1.png
  artifactKey: Guid(e4ef2d3c576f238499c68834c20e7934) Importer(815301076,1909f56bfc062723c751e8b465ee728b)
Start importing Assets/Sprites/antivirus 1.png using Guid(e4ef2d3c576f238499c68834c20e7934) Importer(815301076,1909f56bfc062723c751e8b465ee728b)  -> (artifact id: '4e3dfc27ee293b3df37b1ad2b436ee22') in 0.038748 seconds 
  Import took 0.042196 seconds .

========================================================================
Received Import Request.
  Time since last request: 0.000161 seconds.
  path: Assets/Sprites/log-file.png
  artifactKey: Guid(c8b64a4602b961c48bf965f65a2a9e7c) Importer(815301076,1909f56bfc062723c751e8b465ee728b)
Start importing Assets/Sprites/log-file.png using Guid(c8b64a4602b961c48bf965f65a2a9e7c) Importer(815301076,1909f56bfc062723c751e8b465ee728b)  -> (artifact id: 'c4afac95226e5bb4bd8d7bc7f4f186b3') in 0.062322 seconds 
  Import took 0.065793 seconds .

========================================================================
Received Import Request.
  Time since last request: 0.000142 seconds.
  path: Assets/Sprites/worm (1).png
  artifactKey: Guid(3d0a635f9c1ef4b4c81fd54401e6ae4b) Importer(815301076,1909f56bfc062723c751e8b465ee728b)
Start importing Assets/Sprites/worm (1).png using Guid(3d0a635f9c1ef4b4c81fd54401e6ae4b) Importer(815301076,1909f56bfc062723c751e8b465ee728b)  -> (artifact id: 'd429798a41935409ba95fd99e929ad4a') in 0.041568 seconds 
  Import took 0.044447 seconds .

========================================================================
Received Import Request.
  Time since last request: 0.000150 seconds.
  path: Assets/Sprites/vpn.png
  artifactKey: Guid(ad093d506a63a5d40ad88217c67f9f53) Importer(815301076,1909f56bfc062723c751e8b465ee728b)
Start importing Assets/Sprites/vpn.png using Guid(ad093d506a63a5d40ad88217c67f9f53) Importer(815301076,1909f56bfc062723c751e8b465ee728b)  -> (artifact id: '09239edf4b48265e29784d23ef57e136') in 0.011684 seconds 
  Import took 0.014657 seconds .

========================================================================
Received Import Request.
  Time since last request: 0.000150 seconds.
  path: Assets/Sprites/spam.png
  artifactKey: Guid(04bd3cc86809526419b11fd8d9b742f4) Importer(815301076,1909f56bfc062723c751e8b465ee728b)
Start importing Assets/Sprites/spam.png using Guid(04bd3cc86809526419b11fd8d9b742f4) Importer(815301076,1909f56bfc062723c751e8b465ee728b)  -> (artifact id: 'df77f3b46aa3265f5f46d3885dbddd33') in 0.012622 seconds 
  Import took 0.015405 seconds .

========================================================================
Received Import Request.
  Time since last request: 0.000178 seconds.
  path: Assets/Sprites/unlocked (3).png
  artifactKey: Guid(e902271c220ca3a42938453652fa460b) Importer(815301076,1909f56bfc062723c751e8b465ee728b)
Start importing Assets/Sprites/unlocked (3).png using Guid(e902271c220ca3a42938453652fa460b) Importer(815301076,1909f56bfc062723c751e8b465ee728b)  -> (artifact id: 'e110421a6bebd0deb0899ff68e70bb20') in 0.011921 seconds 
  Import took 0.015060 seconds .

========================================================================
Received Import Request.
  Time since last request: 0.000235 seconds.
  path: Assets/Sprites/update.png
  artifactKey: Guid(8c047dcbf7d3ecd4881d196f156e4f50) Importer(815301076,1909f56bfc062723c751e8b465ee728b)
Start importing Assets/Sprites/update.png using Guid(8c047dcbf7d3ecd4881d196f156e4f50) Importer(815301076,1909f56bfc062723c751e8b465ee728b)  -> (artifact id: 'c2834539a25b0680646883b942c7a5bd') in 0.015144 seconds 
  Import took 0.018620 seconds .

========================================================================
Received Import Request.
  Time since last request: 0.000142 seconds.
  path: Assets/Sprites/firewalls.png
  artifactKey: Guid(839d4f9c30f21064e9774ad57be08c8d) Importer(815301076,1909f56bfc062723c751e8b465ee728b)
Start importing Assets/Sprites/firewalls.png using Guid(839d4f9c30f21064e9774ad57be08c8d) Importer(815301076,1909f56bfc062723c751e8b465ee728b)  -> (artifact id: '83390ba98e4040582b5a691b38bc338f') in 0.013416 seconds 
  Import took 0.016275 seconds .

========================================================================
Received Import Request.
  Time since last request: 16.220440 seconds.
  path: Assets/Prefab/fingerprint-scan.prefab
  artifactKey: Guid(4d222eaeee8da1d4bb36c8c9703a595d) Importer(815301076,1909f56bfc062723c751e8b465ee728b)
Start importing Assets/Prefab/fingerprint-scan.prefab using Guid(4d222eaeee8da1d4bb36c8c9703a595d) Importer(815301076,1909f56bfc062723c751e8b465ee728b)  -> (artifact id: '9d5673a2f7b2187e87788f68c6558859') in 0.010858 seconds 
  Import took 0.013778 seconds .

========================================================================
Received Import Request.
  Time since last request: 188.345902 seconds.
  path: Assets/Prefab/spam.prefab
  artifactKey: Guid(2a0e6652b0bcb044ab5da8b2bf86c279) Importer(815301076,1909f56bfc062723c751e8b465ee728b)
Start importing Assets/Prefab/spam.prefab using Guid(2a0e6652b0bcb044ab5da8b2bf86c279) Importer(815301076,1909f56bfc062723c751e8b465ee728b)  -> (artifact id: '8cf473e2108b3c278092542f6022e14c') in 0.014651 seconds 
  Import took 0.017958 seconds .

========================================================================
Received Import Request.
  Time since last request: 135.465413 seconds.
  path: Assets/Prefab/update.prefab
  artifactKey: Guid(c80ae074271b81248b4f9ac16ab1cbe0) Importer(815301076,1909f56bfc062723c751e8b465ee728b)
Start importing Assets/Prefab/update.prefab using Guid(c80ae074271b81248b4f9ac16ab1cbe0) Importer(815301076,1909f56bfc062723c751e8b465ee728b)  -> (artifact id: '90c2a9410f561d9905e935f386a0cb9e') in 0.015119 seconds 
  Import took 0.018162 seconds .

========================================================================
Received Import Request.
  Time since last request: 78.199514 seconds.
  path: Assets/Prefab/vpn.prefab
  artifactKey: Guid(6f8cc36eba6e6084ca8263d34a6438a4) Importer(815301076,1909f56bfc062723c751e8b465ee728b)
Start importing Assets/Prefab/vpn.prefab using Guid(6f8cc36eba6e6084ca8263d34a6438a4) Importer(815301076,1909f56bfc062723c751e8b465ee728b)  -> (artifact id: '8bf5d05fbb9a6d850e5c956bae2f1c11') in 0.012337 seconds 
  Import took 0.015675 seconds .

========================================================================
Received Prepare
Registering precompiled user dll's ...
Registered in 0.003524 seconds.
Begin MonoManager ReloadAssembly
Native extension for WindowsStandalone target not found
Refreshing native plugins compatible for Editor in 0.38 ms, found 3 plugins.
Preloading 0 native plugins for Editor in 0.00 ms.
Mono: successfully reloaded assembly
- Completed reload, in  0.991 seconds
Domain Reload Profiling:
	ReloadAssembly (992ms)
		BeginReloadAssembly (106ms)
			ExecutionOrderSort (0ms)
			DisableScriptedObjects (6ms)
			BackupInstance (0ms)
			ReleaseScriptingObjects (0ms)
			CreateAndSetChildDomain (32ms)
		EndReloadAssembly (827ms)
			LoadAssemblies (89ms)
			RebuildTransferFunctionScriptingTraits (0ms)
			SetupTypeCache (288ms)
			ReleaseScriptCaches (1ms)
			RebuildScriptCaches (43ms)
			SetupLoadedEditorAssemblies (281ms)
				LogAssemblyErrors (0ms)
				InitializePlatformSupportModulesInManaged (4ms)
				SetLoadedEditorAssemblies (0ms)
				RefreshPlugins (0ms)
				BeforeProcessingInitializeOnLoad (62ms)
				ProcessInitializeOnLoadAttributes (198ms)
				ProcessInitializeOnLoadMethodAttributes (8ms)
				AfterProcessingInitializeOnLoad (7ms)
				EditorAssembliesLoaded (1ms)
			ExecutionOrderSort2 (0ms)
			AwakeInstancesAfterBackupRestoration (9ms)
Platform modules already initialized, skipping
Refreshing native plugins compatible for Editor in 0.40 ms, found 3 plugins.
Preloading 0 native plugins for Editor in 0.00 ms.
Unloading 2080 Unused Serialized files (Serialized files now loaded: 0)
System memory in use before: 95.6 MB.
System memory in use after: 95.8 MB.

Unloading 14 unused Assets to reduce memory usage. Loaded Objects now: 2557.
Total: 2.584500 ms (FindLiveObjects: 0.166800 ms CreateObjectMapping: 0.073100 ms MarkObjects: 2.329100 ms  DeleteObjects: 0.014600 ms)

AssetImportParameters requested are different than current active one (requested -> active):
  custom:framework-win-MediaFoundation: 216162199b28c13a410421893ffa2e32 -> 
  custom:video-decoder-ogg-theora: a1e56fd34408186e4bbccfd4996cb3dc -> 
  custom:container-muxer-webm: aa71ff27fc2769a1b78a27578f13a17b -> 
  custom:container-demuxer-webm: 4f35f7cbe854078d1ac9338744f61a02 -> 
  custom:container-demuxer-ogg: 62fdf1f143b41e24485cea50d1cbac27 -> 
  custom:video-encoder-webm-vp8: eb34c28f22e8b96e1ab97ce403110664 -> 
  custom:video-decoder-webm-vp8: 9c59270c3fd7afecdb556c50c9e8de78 -> 
  custom:audio-decoder-ogg-vorbis: bf7c407c2cedff20999df2af8eb42d56 -> 
  custom:audio-encoder-webm-vorbis: bf7c407c2cedff20999df2af8eb42d56 -> 
========================================================================
Received Import Request.
  Time since last request: 299.389166 seconds.
  path: Assets/Prefab/unlock.prefab
  artifactKey: Guid(05e2057d1338da243b3777c5ce2a5a52) Importer(815301076,1909f56bfc062723c751e8b465ee728b)
Start importing Assets/Prefab/unlock.prefab using Guid(05e2057d1338da243b3777c5ce2a5a52) Importer(815301076,1909f56bfc062723c751e8b465ee728b)  -> (artifact id: 'ad3138334a8338da44650de6de49a5ac') in 0.047013 seconds 
  Import took 0.050498 seconds .

========================================================================
Received Import Request.
  Time since last request: 91.924635 seconds.
  path: Assets/Prefab/TurtleGroup3.prefab
  artifactKey: Guid(a5456ed5ac13aa948b18a735df521c8b) Importer(815301076,1909f56bfc062723c751e8b465ee728b)
Start importing Assets/Prefab/TurtleGroup3.prefab using Guid(a5456ed5ac13aa948b18a735df521c8b) Importer(815301076,1909f56bfc062723c751e8b465ee728b)  -> (artifact id: '37fe3a837cc479c14caffe46fe1fad9c') in 0.015695 seconds 
  Import took 0.019116 seconds .

========================================================================
Received Import Request.
  Time since last request: 0.000376 seconds.
  path: Assets/Prefab/TurtleGroup3.prefab
  artifactKey: Guid(a5456ed5ac13aa948b18a735df521c8b) Importer(815301076,1909f56bfc062723c751e8b465ee728b)
Start importing Assets/Prefab/TurtleGroup3.prefab using Guid(a5456ed5ac13aa948b18a735df521c8b) Importer(815301076,1909f56bfc062723c751e8b465ee728b)  -> (artifact id: '37fe3a837cc479c14caffe46fe1fad9c') in 0.008903 seconds 
  Import took 0.011896 seconds .

========================================================================
Received Import Request.
  Time since last request: 94.505891 seconds.
  path: Assets/Prefab/FloatLock3.prefab
  artifactKey: Guid(a5456ed5ac13aa948b18a735df521c8b) Importer(815301076,1909f56bfc062723c751e8b465ee728b)
Start importing Assets/Prefab/FloatLock3.prefab using Guid(a5456ed5ac13aa948b18a735df521c8b) Importer(815301076,1909f56bfc062723c751e8b465ee728b)  -> (artifact id: '6dcfe90b34598779b50441f8449a9799') in 0.036474 seconds 
  Import took 0.039670 seconds .

========================================================================
Received Import Request.
  Time since last request: 30.249760 seconds.
  path: Assets/Prefab/FloatLock2.prefab
  artifactKey: Guid(bc912fd11e6ab7a47a0e887e36d0dda1) Importer(815301076,1909f56bfc062723c751e8b465ee728b)
Start importing Assets/Prefab/FloatLock2.prefab using Guid(bc912fd11e6ab7a47a0e887e36d0dda1) Importer(815301076,1909f56bfc062723c751e8b465ee728b)  -> (artifact id: '32ca67cbd0bf2b4f2fa989bf390a708c') in 0.013985 seconds 
  Import took 0.017349 seconds .

========================================================================
Received Import Request.
  Time since last request: 132.148003 seconds.
  path: Assets/Sprites/log (1).png
  artifactKey: Guid(3270c83022fab1c45b22dfdc8652c648) Importer(815301076,1909f56bfc062723c751e8b465ee728b)
Start importing Assets/Sprites/log (1).png using Guid(3270c83022fab1c45b22dfdc8652c648) Importer(815301076,1909f56bfc062723c751e8b465ee728b)  -> (artifact id: 'a80c7f5d1934fcdc342ca946d8553553') in 0.026011 seconds 
  Import took 0.028829 seconds .

========================================================================
Received Import Request.
  Time since last request: 18.696561 seconds.
  path: Assets/Sprites/antivirus 1.png
  artifactKey: Guid(e4ef2d3c576f238499c68834c20e7934) Importer(815301076,1909f56bfc062723c751e8b465ee728b)
Start importing Assets/Sprites/antivirus 1.png using Guid(e4ef2d3c576f238499c68834c20e7934) Importer(815301076,1909f56bfc062723c751e8b465ee728b)  -> (artifact id: '2859739c3e4a4c234fd6feed36ab767c') in 0.013092 seconds 
  Import took 0.016292 seconds .

========================================================================
Received Import Request.
  Time since last request: 0.000171 seconds.
  path: Assets/Sprites/fingerprint-scan (1).png
  artifactKey: Guid(e6e97289307642a45b143736e6bae509) Importer(815301076,1909f56bfc062723c751e8b465ee728b)
Start importing Assets/Sprites/fingerprint-scan (1).png using Guid(e6e97289307642a45b143736e6bae509) Importer(815301076,1909f56bfc062723c751e8b465ee728b)  -> (artifact id: '1ed2ddb7a81370a15dfa687b551d1485') in 0.013147 seconds 
  Import took 0.015831 seconds .

========================================================================
Received Import Request.
  Time since last request: 0.000153 seconds.
  path: Assets/Sprites/log (1).png
  artifactKey: Guid(3270c83022fab1c45b22dfdc8652c648) Importer(815301076,1909f56bfc062723c751e8b465ee728b)
Start importing Assets/Sprites/log (1).png using Guid(3270c83022fab1c45b22dfdc8652c648) Importer(815301076,1909f56bfc062723c751e8b465ee728b)  -> (artifact id: '5d9a84898561b33e393e81c66c8d15d1') in 0.011665 seconds 
  Import took 0.014692 seconds .

========================================================================
Received Import Request.
  Time since last request: 0.000145 seconds.
  path: Assets/Sprites/log-file.png
  artifactKey: Guid(c8b64a4602b961c48bf965f65a2a9e7c) Importer(815301076,1909f56bfc062723c751e8b465ee728b)
Start importing Assets/Sprites/log-file.png using Guid(c8b64a4602b961c48bf965f65a2a9e7c) Importer(815301076,1909f56bfc062723c751e8b465ee728b)  -> (artifact id: 'ad561bf86cd7a2c27f062891508db0ad') in 0.012202 seconds 
  Import took 0.014966 seconds .

========================================================================
Received Import Request.
  Time since last request: 0.000144 seconds.
  path: Assets/Sprites/double-door-opened.png
  artifactKey: Guid(4ce55932e4e70624aacee2098239f836) Importer(815301076,1909f56bfc062723c751e8b465ee728b)
Start importing Assets/Sprites/double-door-opened.png using Guid(4ce55932e4e70624aacee2098239f836) Importer(815301076,1909f56bfc062723c751e8b465ee728b)  -> (artifact id: 'd1956039942edc6a91fd8270f34a228b') in 0.014855 seconds 
  Import took 0.018069 seconds .

========================================================================
Received Import Request.
  Time since last request: 0.000163 seconds.
  path: Assets/Sprites/worm (1).png
  artifactKey: Guid(3d0a635f9c1ef4b4c81fd54401e6ae4b) Importer(815301076,1909f56bfc062723c751e8b465ee728b)
Start importing Assets/Sprites/worm (1).png using Guid(3d0a635f9c1ef4b4c81fd54401e6ae4b) Importer(815301076,1909f56bfc062723c751e8b465ee728b)  -> (artifact id: '0e483289a036a977dc807b3c64368f20') in 0.012507 seconds 
  Import took 0.015716 seconds .

========================================================================
Received Import Request.
  Time since last request: 0.000148 seconds.
  path: Assets/Sprites/double-door-opened.png
  artifactKey: Guid(4ce55932e4e70624aacee2098239f836) Importer(815301076,1909f56bfc062723c751e8b465ee728b)
Start importing Assets/Sprites/double-door-opened.png using Guid(4ce55932e4e70624aacee2098239f836) Importer(815301076,1909f56bfc062723c751e8b465ee728b)  -> (artifact id: 'd1956039942edc6a91fd8270f34a228b') in 0.009473 seconds 
  Import took 0.012961 seconds .

========================================================================
Received Import Request.
  Time since last request: 0.000150 seconds.
  path: Assets/Sprites/firewall.png
  artifactKey: Guid(553cf8327ba01cb49b80dcbe718e6eda) Importer(815301076,1909f56bfc062723c751e8b465ee728b)
Start importing Assets/Sprites/firewall.png using Guid(553cf8327ba01cb49b80dcbe718e6eda) Importer(815301076,1909f56bfc062723c751e8b465ee728b)  -> (artifact id: '88b3723c32feed5292b529454b63f01d') in 0.012216 seconds 
  Import took 0.014942 seconds .

========================================================================
Received Import Request.
  Time since last request: 0.000157 seconds.
  path: Assets/Sprites/vpn.png
  artifactKey: Guid(ad093d506a63a5d40ad88217c67f9f53) Importer(815301076,1909f56bfc062723c751e8b465ee728b)
Start importing Assets/Sprites/vpn.png using Guid(ad093d506a63a5d40ad88217c67f9f53) Importer(815301076,1909f56bfc062723c751e8b465ee728b)  -> (artifact id: '9af2e991e1cc52e87b292c755e8a4be4') in 0.014768 seconds 
  Import took 0.017342 seconds .

========================================================================
Received Import Request.
  Time since last request: 0.000213 seconds.
  path: Assets/Sprites/fingerprint-scan.png
  artifactKey: Guid(3d9c366250717754e93a50f5541f9797) Importer(815301076,1909f56bfc062723c751e8b465ee728b)
Start importing Assets/Sprites/fingerprint-scan.png using Guid(3d9c366250717754e93a50f5541f9797) Importer(815301076,1909f56bfc062723c751e8b465ee728b)  -> (artifact id: 'dbc6a4a149b21927075e14118f68904d') in 0.011936 seconds 
  Import took 0.014782 seconds .

========================================================================
Received Import Request.
  Time since last request: 0.000190 seconds.
  path: Assets/Sprites/spam.png
  artifactKey: Guid(04bd3cc86809526419b11fd8d9b742f4) Importer(815301076,1909f56bfc062723c751e8b465ee728b)
Start importing Assets/Sprites/spam.png using Guid(04bd3cc86809526419b11fd8d9b742f4) Importer(815301076,1909f56bfc062723c751e8b465ee728b)  -> (artifact id: '23c470f35e5fa1fa80c1ec75ba352582') in 0.015045 seconds 
  Import took 0.018022 seconds .

========================================================================
Received Import Request.
  Time since last request: 0.000150 seconds.
  path: Assets/Sprites/unlock.png
  artifactKey: Guid(26e6f3c3d1c88cb48926d945d8547f6b) Importer(815301076,1909f56bfc062723c751e8b465ee728b)
Start importing Assets/Sprites/unlock.png using Guid(26e6f3c3d1c88cb48926d945d8547f6b) Importer(815301076,1909f56bfc062723c751e8b465ee728b)  -> (artifact id: '5eaa0649ac6f50b4437b86c16c8cef79') in 0.013278 seconds 
  Import took 0.015860 seconds .

========================================================================
Received Import Request.
  Time since last request: 0.000147 seconds.
  path: Assets/Sprites/unlocked (3).png
  artifactKey: Guid(e902271c220ca3a42938453652fa460b) Importer(815301076,1909f56bfc062723c751e8b465ee728b)
Start importing Assets/Sprites/unlocked (3).png using Guid(e902271c220ca3a42938453652fa460b) Importer(815301076,1909f56bfc062723c751e8b465ee728b)  -> (artifact id: '25b94654d29de5765632cd951d9e2342') in 0.011988 seconds 
  Import took 0.014762 seconds .

========================================================================
Received Import Request.
  Time since last request: 0.000145 seconds.
  path: Assets/Sprites/log.png
  artifactKey: Guid(0377372177f7a1846a38298a9e591451) Importer(815301076,1909f56bfc062723c751e8b465ee728b)
Start importing Assets/Sprites/log.png using Guid(0377372177f7a1846a38298a9e591451) Importer(815301076,1909f56bfc062723c751e8b465ee728b)  -> (artifact id: '1d65fde74ba4a6b3a4ac0d25ed1ef2bc') in 0.013529 seconds 
  Import took 0.016814 seconds .

========================================================================
Received Import Request.
  Time since last request: 0.000153 seconds.
  path: Assets/Sprites/update.png
  artifactKey: Guid(8c047dcbf7d3ecd4881d196f156e4f50) Importer(815301076,1909f56bfc062723c751e8b465ee728b)
Start importing Assets/Sprites/update.png using Guid(8c047dcbf7d3ecd4881d196f156e4f50) Importer(815301076,1909f56bfc062723c751e8b465ee728b)  -> (artifact id: '89365509cf90323d0e1ce55883f5e25d') in 0.012168 seconds 
  Import took 0.014903 seconds .

========================================================================
Received Import Request.
  Time since last request: 0.000151 seconds.
  path: Assets/Sprites/firewalls.png
  artifactKey: Guid(839d4f9c30f21064e9774ad57be08c8d) Importer(815301076,1909f56bfc062723c751e8b465ee728b)
Start importing Assets/Sprites/firewalls.png using Guid(839d4f9c30f21064e9774ad57be08c8d) Importer(815301076,1909f56bfc062723c751e8b465ee728b)  -> (artifact id: '86ab0bce1dd163999e9d0c415fc0d230') in 0.012154 seconds 
  Import took 0.015110 seconds .

========================================================================
Received Import Request.
  Time since last request: 0.001661 seconds.
  path: Assets/Sprites/firewalls.png
  artifactKey: Guid(839d4f9c30f21064e9774ad57be08c8d) Importer(815301076,1909f56bfc062723c751e8b465ee728b)
Start importing Assets/Sprites/firewalls.png using Guid(839d4f9c30f21064e9774ad57be08c8d) Importer(815301076,1909f56bfc062723c751e8b465ee728b)  -> (artifact id: '86ab0bce1dd163999e9d0c415fc0d230') in 0.009232 seconds 
  Import took 0.012076 seconds .

========================================================================
Received Import Request.
  Time since last request: 9.646204 seconds.
  path: Assets/Sprites/log (1).png
  artifactKey: Guid(3270c83022fab1c45b22dfdc8652c648) Importer(815301076,1909f56bfc062723c751e8b465ee728b)
Start importing Assets/Sprites/log (1).png using Guid(3270c83022fab1c45b22dfdc8652c648) Importer(815301076,1909f56bfc062723c751e8b465ee728b)  -> (artifact id: '0e5f8f75c1f677c1a6635e7f3bb108f8') in 0.015743 seconds 
  Import took 0.019016 seconds .

========================================================================
Received Import Request.
  Time since last request: 105.512258 seconds.
  path: Assets/Prefab/FloatLog2.prefab
  artifactKey: Guid(0c5c0feabde5b2845bcf1b97ba300630) Importer(815301076,1909f56bfc062723c751e8b465ee728b)
Start importing Assets/Prefab/FloatLog2.prefab using Guid(0c5c0feabde5b2845bcf1b97ba300630) Importer(815301076,1909f56bfc062723c751e8b465ee728b)  -> (artifact id: 'ee6d8f57faf852c0485bf3babeec664a') in 0.014598 seconds 
  Import took 0.018319 seconds .

========================================================================
Received Import Request.
  Time since last request: 0.001642 seconds.
  path: Assets/Prefab/FloatLog2.prefab
  artifactKey: Guid(0c5c0feabde5b2845bcf1b97ba300630) Importer(815301076,1909f56bfc062723c751e8b465ee728b)
Start importing Assets/Prefab/FloatLog2.prefab using Guid(0c5c0feabde5b2845bcf1b97ba300630) Importer(815301076,1909f56bfc062723c751e8b465ee728b)  -> (artifact id: 'ee6d8f57faf852c0485bf3babeec664a') in 0.010633 seconds 
  Import took 0.013531 seconds .

========================================================================
Received Import Request.
  Time since last request: 29.125512 seconds.
  path: Assets/Prefab/spam.prefab
  artifactKey: Guid(2a0e6652b0bcb044ab5da8b2bf86c279) Importer(815301076,1909f56bfc062723c751e8b465ee728b)
Start importing Assets/Prefab/spam.prefab using Guid(2a0e6652b0bcb044ab5da8b2bf86c279) Importer(815301076,1909f56bfc062723c751e8b465ee728b)  -> (artifact id: '546d49b135faa777b5a18ac495452b10') in 0.019249 seconds 
  Import took 0.022770 seconds .

========================================================================
Received Import Request.
  Time since last request: 0.843267 seconds.
  path: Assets/Prefab/spam.prefab
  artifactKey: Guid(2a0e6652b0bcb044ab5da8b2bf86c279) Importer(815301076,1909f56bfc062723c751e8b465ee728b)
Start importing Assets/Prefab/spam.prefab using Guid(2a0e6652b0bcb044ab5da8b2bf86c279) Importer(815301076,1909f56bfc062723c751e8b465ee728b)  -> (artifact id: 'a16879b116e18a23ed3a34ede25772d4') in 0.010521 seconds 
  Import took 0.013540 seconds .

========================================================================
Received Import Request.
  Time since last request: 0.000687 seconds.
  path: Assets/Prefab/spam.prefab
  artifactKey: Guid(2a0e6652b0bcb044ab5da8b2bf86c279) Importer(815301076,1909f56bfc062723c751e8b465ee728b)
Start importing Assets/Prefab/spam.prefab using Guid(2a0e6652b0bcb044ab5da8b2bf86c279) Importer(815301076,1909f56bfc062723c751e8b465ee728b)  -> (artifact id: 'a16879b116e18a23ed3a34ede25772d4') in 0.011889 seconds 
  Import took 0.014937 seconds .

========================================================================
Received Import Request.
  Time since last request: 2.975856 seconds.
  path: Assets/Prefab/update.prefab
  artifactKey: Guid(c80ae074271b81248b4f9ac16ab1cbe0) Importer(815301076,1909f56bfc062723c751e8b465ee728b)
Start importing Assets/Prefab/update.prefab using Guid(c80ae074271b81248b4f9ac16ab1cbe0) Importer(815301076,1909f56bfc062723c751e8b465ee728b)  -> (artifact id: '9491ffca9da48c5de055790d4f7b1486') in 0.017581 seconds 
  Import took 0.020580 seconds .

========================================================================
Received Import Request.
  Time since last request: 0.649226 seconds.
  path: Assets/Prefab/update.prefab
  artifactKey: Guid(c80ae074271b81248b4f9ac16ab1cbe0) Importer(815301076,1909f56bfc062723c751e8b465ee728b)
Start importing Assets/Prefab/update.prefab using Guid(c80ae074271b81248b4f9ac16ab1cbe0) Importer(815301076,1909f56bfc062723c751e8b465ee728b)  -> (artifact id: 'd2308a125cf804a6885f0d8f8c95852a') in 0.007390 seconds 
  Import took 0.010339 seconds .

========================================================================
Received Import Request.
  Time since last request: 1.452559 seconds.
  path: Assets/Prefab/vpn.prefab
  artifactKey: Guid(6f8cc36eba6e6084ca8263d34a6438a4) Importer(815301076,1909f56bfc062723c751e8b465ee728b)
Start importing Assets/Prefab/vpn.prefab using Guid(6f8cc36eba6e6084ca8263d34a6438a4) Importer(815301076,1909f56bfc062723c751e8b465ee728b)  -> (artifact id: '01bac2a2c4bd798bac257257fcf5c341') in 0.010562 seconds 
  Import took 0.013834 seconds .

========================================================================
Received Import Request.
  Time since last request: 0.851680 seconds.
  path: Assets/Prefab/vpn.prefab
  artifactKey: Guid(6f8cc36eba6e6084ca8263d34a6438a4) Importer(815301076,1909f56bfc062723c751e8b465ee728b)
Start importing Assets/Prefab/vpn.prefab using Guid(6f8cc36eba6e6084ca8263d34a6438a4) Importer(815301076,1909f56bfc062723c751e8b465ee728b)  -> (artifact id: 'a4b2ed44ade960c2be4046e44cc416ee') in 0.008731 seconds 
  Import took 0.012718 seconds .

========================================================================
Received Import Request.
  Time since last request: 1.858426 seconds.
  path: Assets/Prefab/FloatLog2.prefab
  artifactKey: Guid(0c5c0feabde5b2845bcf1b97ba300630) Importer(815301076,1909f56bfc062723c751e8b465ee728b)
Start importing Assets/Prefab/FloatLog2.prefab using Guid(0c5c0feabde5b2845bcf1b97ba300630) Importer(815301076,1909f56bfc062723c751e8b465ee728b)  -> (artifact id: 'c18d14636700e1d0a8197283b610ee28') in 0.009170 seconds 
  Import took 0.012117 seconds .

========================================================================
Received Import Request.
  Time since last request: 1.053970 seconds.
  path: Assets/Prefab/FloatLog2.prefab
  artifactKey: Guid(0c5c0feabde5b2845bcf1b97ba300630) Importer(815301076,1909f56bfc062723c751e8b465ee728b)
Start importing Assets/Prefab/FloatLog2.prefab using Guid(0c5c0feabde5b2845bcf1b97ba300630) Importer(815301076,1909f56bfc062723c751e8b465ee728b)  -> (artifact id: '068d11b3b5d7bfa7681905ae25f77391') in 0.024285 seconds 
  Import took 0.027326 seconds .

========================================================================
Received Import Request.
  Time since last request: 11.309607 seconds.
  path: Assets/Prefab/FloatLock3.prefab
  artifactKey: Guid(a5456ed5ac13aa948b18a735df521c8b) Importer(815301076,1909f56bfc062723c751e8b465ee728b)
Start importing Assets/Prefab/FloatLock3.prefab using Guid(a5456ed5ac13aa948b18a735df521c8b) Importer(815301076,1909f56bfc062723c751e8b465ee728b)  -> (artifact id: '6ea7adc71a2126e15b23e957f4ae1ce8') in 0.012981 seconds 
  Import took 0.015962 seconds .

========================================================================
Received Import Request.
  Time since last request: 1.650042 seconds.
  path: Assets/Prefab/FloatLock3.prefab
  artifactKey: Guid(a5456ed5ac13aa948b18a735df521c8b) Importer(815301076,1909f56bfc062723c751e8b465ee728b)
Start importing Assets/Prefab/FloatLock3.prefab using Guid(a5456ed5ac13aa948b18a735df521c8b) Importer(815301076,1909f56bfc062723c751e8b465ee728b)  -> (artifact id: 'bc1359178e5d852eb72d494fd8f395d8') in 0.014920 seconds 
  Import took 0.018011 seconds .

========================================================================
Received Import Request.
  Time since last request: 1.672549 seconds.
  path: Assets/Prefab/FloatLock2.prefab
  artifactKey: Guid(bc912fd11e6ab7a47a0e887e36d0dda1) Importer(815301076,1909f56bfc062723c751e8b465ee728b)
Start importing Assets/Prefab/FloatLock2.prefab using Guid(bc912fd11e6ab7a47a0e887e36d0dda1) Importer(815301076,1909f56bfc062723c751e8b465ee728b)  -> (artifact id: '7ce77b38aa121c98093d17bb71b2f24a') in 0.013230 seconds 
  Import took 0.016985 seconds .

========================================================================
Received Import Request.
  Time since last request: 0.000512 seconds.
  path: Assets/Prefab/FloatLock2.prefab
  artifactKey: Guid(bc912fd11e6ab7a47a0e887e36d0dda1) Importer(815301076,1909f56bfc062723c751e8b465ee728b)
Start importing Assets/Prefab/FloatLock2.prefab using Guid(bc912fd11e6ab7a47a0e887e36d0dda1) Importer(815301076,1909f56bfc062723c751e8b465ee728b)  -> (artifact id: '7ce77b38aa121c98093d17bb71b2f24a') in 0.017620 seconds 
  Import took 0.020450 seconds .

========================================================================
Received Import Request.
  Time since last request: 0.624240 seconds.
  path: Assets/Prefab/FloatLock2.prefab
  artifactKey: Guid(bc912fd11e6ab7a47a0e887e36d0dda1) Importer(815301076,1909f56bfc062723c751e8b465ee728b)
Start importing Assets/Prefab/FloatLock2.prefab using Guid(bc912fd11e6ab7a47a0e887e36d0dda1) Importer(815301076,1909f56bfc062723c751e8b465ee728b)  -> (artifact id: 'fec29b4369c1d634ccd279d187bd66b7') in 0.009162 seconds 
  Import took 0.012509 seconds .

========================================================================
Received Import Request.
  Time since last request: 3.135309 seconds.
  path: Assets/Prefab/fingerprint-scan.prefab
  artifactKey: Guid(4d222eaeee8da1d4bb36c8c9703a595d) Importer(815301076,1909f56bfc062723c751e8b465ee728b)
Start importing Assets/Prefab/fingerprint-scan.prefab using Guid(4d222eaeee8da1d4bb36c8c9703a595d) Importer(815301076,1909f56bfc062723c751e8b465ee728b)  -> (artifact id: 'bcd5f73140cf1a1562c0fb2e9a071e07') in 0.013337 seconds 
  Import took 0.016259 seconds .

========================================================================
Received Import Request.
  Time since last request: 0.642558 seconds.
  path: Assets/Prefab/fingerprint-scan.prefab
  artifactKey: Guid(4d222eaeee8da1d4bb36c8c9703a595d) Importer(815301076,1909f56bfc062723c751e8b465ee728b)
Start importing Assets/Prefab/fingerprint-scan.prefab using Guid(4d222eaeee8da1d4bb36c8c9703a595d) Importer(815301076,1909f56bfc062723c751e8b465ee728b)  -> (artifact id: 'c299dd178f3201cc1278e09e7288b959') in 0.008120 seconds 
  Import took 0.010944 seconds .

========================================================================
Received Import Request.
  Time since last request: 145.260847 seconds.
  path: Assets/Prefab/FloatLog4.prefab
  artifactKey: Guid(9ae2bf1409692584ebaac551ab0cadd7) Importer(815301076,1909f56bfc062723c751e8b465ee728b)
Start importing Assets/Prefab/FloatLog4.prefab using Guid(9ae2bf1409692584ebaac551ab0cadd7) Importer(815301076,1909f56bfc062723c751e8b465ee728b)  -> (artifact id: '979c11c63e0b3df58f8c9b4729d47923') in 0.016718 seconds 
  Import took 0.019843 seconds .

========================================================================
Received Import Request.
  Time since last request: 0.000649 seconds.
  path: Assets/Prefab/FloatLog4.prefab
  artifactKey: Guid(9ae2bf1409692584ebaac551ab0cadd7) Importer(815301076,1909f56bfc062723c751e8b465ee728b)
Start importing Assets/Prefab/FloatLog4.prefab using Guid(9ae2bf1409692584ebaac551ab0cadd7) Importer(815301076,1909f56bfc062723c751e8b465ee728b)  -> (artifact id: '979c11c63e0b3df58f8c9b4729d47923') in 0.008201 seconds 
  Import took 0.011266 seconds .

========================================================================
Received Import Request.
  Time since last request: 115.559364 seconds.
  path: Assets/Prefab/FloatLogFile3.prefab
  artifactKey: Guid(f27b26ee3ec1ca54499de25158df1f18) Importer(815301076,1909f56bfc062723c751e8b465ee728b)
Start importing Assets/Prefab/FloatLogFile3.prefab using Guid(f27b26ee3ec1ca54499de25158df1f18) Importer(815301076,1909f56bfc062723c751e8b465ee728b)  -> (artifact id: '64e91eaa66c405abd778e370c15d6c04') in 0.015229 seconds 
  Import took 0.018409 seconds .

========================================================================
Received Import Request.
  Time since last request: 0.001576 seconds.
  path: Assets/Prefab/FloatLogFile3.prefab
  artifactKey: Guid(f27b26ee3ec1ca54499de25158df1f18) Importer(815301076,1909f56bfc062723c751e8b465ee728b)
Start importing Assets/Prefab/FloatLogFile3.prefab using Guid(f27b26ee3ec1ca54499de25158df1f18) Importer(815301076,1909f56bfc062723c751e8b465ee728b)  -> (artifact id: '64e91eaa66c405abd778e370c15d6c04') in 0.007974 seconds 
  Import took 0.010809 seconds .

AssetImportWorkerClient::OnTransportError - code=2 error=End of file
